<?xml version="1.0" encoding="UTF-8"?>
<testsuite xmlns:xsi="http://www.w3.org/2001/XMLSchema-instance" xsi:schemaLocation="https://maven.apache.org/surefire/maven-surefire-plugin/xsd/surefire-test-report.xsd" name="org.jsoup.parser.HtmlParserTest" time="0.314" tests="132" errors="0" skipped="0" failures="0">
  <properties>
    <property name="java.runtime.name" value="Java(TM) SE Runtime Environment"/>
    <property name="java.vm.version" value="19.0.2+7-44"/>
    <property name="sun.boot.library.path" value="/Library/Java/JavaVirtualMachines/jdk-19.jdk/Contents/Home/lib"/>
    <property name="maven.multiModuleProjectDirectory" value="/Users/aparna/Desktop/527FINAL/Mid-termProject/jsoup"/>
    <property name="java.vm.vendor" value="Oracle Corporation"/>
    <property name="java.vendor.url" value="https://java.oracle.com/"/>
    <property name="guice.disable.misplaced.annotation.check" value="true"/>
    <property name="path.separator" value=":"/>
    <property name="java.vm.name" value="Java HotSpot(TM) 64-Bit Server VM"/>
    <property name="user.country" value="US"/>
    <property name="sun.java.launcher" value="SUN_STANDARD"/>
    <property name="java.vm.specification.name" value="Java Virtual Machine Specification"/>
    <property name="user.dir" value="/Users/aparna/Desktop/527FINAL/Mid-termProject/jsoup"/>
    <property name="java.vm.compressedOopsMode" value="Zero based"/>
    <property name="java.runtime.version" value="19.0.2+7-44"/>
    <property name="os.arch" value="aarch64"/>
    <property name="java.io.tmpdir" value="/var/folders/14/md054r_x3nbfh55f96clkh280000gn/T/"/>
    <property name="line.separator" value="&#10;"/>
    <property name="java.vm.specification.vendor" value="Oracle Corporation"/>
    <property name="stderr.encoding" value="UTF-8"/>
    <property name="os.name" value="Mac OS X"/>
    <property name="classworlds.conf" value="/opt/homebrew/Cellar/maven/3.8.7/libexec/bin/m2.conf"/>
    <property name="sun.jnu.encoding" value="UTF-8"/>
    <property name="stdout.encoding" value="UTF-8"/>
    <property name="java.library.path" value="/Users/aparna/Library/Java/Extensions:/Library/Java/Extensions:/Network/Library/Java/Extensions:/System/Library/Java/Extensions:/usr/lib/java:."/>
    <property name="maven.conf" value="/opt/homebrew/Cellar/maven/3.8.7/libexec/conf"/>
    <property name="jdk.debug" value="release"/>
    <property name="java.class.version" value="63.0"/>
    <property name="java.specification.name" value="Java Platform API Specification"/>
    <property name="sun.management.compiler" value="HotSpot 64-Bit Tiered Compilers"/>
    <property name="os.version" value="13.1"/>
    <property name="library.jansi.path" value="/opt/homebrew/Cellar/maven/3.8.7/libexec/lib/jansi-native"/>
    <property name="http.nonProxyHosts" value="local|*.local|169.254/16|*.169.254/16"/>
    <property name="user.home" value="/Users/aparna"/>
    <property name="user.timezone" value="Asia/Kolkata"/>
    <property name="file.encoding" value="UTF-8"/>
    <property name="java.specification.version" value="19"/>
    <property name="user.name" value="aparna"/>
    <property name="java.class.path" value="/opt/homebrew/Cellar/maven/3.8.7/libexec/boot/plexus-classworlds-2.6.0.jar"/>
    <property name="java.vm.specification.version" value="19"/>
    <property name="sun.arch.data.model" value="64"/>
    <property name="sun.java.command" value="org.codehaus.plexus.classworlds.launcher.Launcher surefire:test"/>
    <property name="java.home" value="/Library/Java/JavaVirtualMachines/jdk-19.jdk/Contents/Home"/>
    <property name="apple.awt.application.name" value="Launcher"/>
    <property name="user.language" value="en"/>
    <property name="java.specification.vendor" value="Oracle Corporation"/>
    <property name="java.vm.info" value="mixed mode, sharing"/>
    <property name="java.version" value="19.0.2"/>
    <property name="native.encoding" value="UTF-8"/>
    <property name="java.vendor" value="Oracle Corporation"/>
    <property name="maven.home" value="/opt/homebrew/Cellar/maven/3.8.7/libexec"/>
    <property name="file.separator" value="/"/>
    <property name="java.version.date" value="2023-01-17"/>
    <property name="java.vendor.url.bug" value="https://bugreport.java.com/bugreport/"/>
    <property name="sun.io.unicode.encoding" value="UnicodeBig"/>
    <property name="sun.cpu.endian" value="little"/>
    <property name="socksNonProxyHosts" value="local|*.local|169.254/16|*.169.254/16"/>
    <property name="ftp.nonProxyHosts" value="local|*.local|169.254/16|*.169.254/16"/>
  </properties>
  <testcase name="preservedCaseLinksCantNest" classname="org.jsoup.parser.HtmlParserTest" time="0"/>
  <testcase name="normalisesHeadlessBody" classname="org.jsoup.parser.HtmlParserTest" time="0"/>
  <testcase name="parsesUnterminatedOption" classname="org.jsoup.parser.HtmlParserTest" time="0"/>
  <testcase name="handlesProtocolRelativeUrl" classname="org.jsoup.parser.HtmlParserTest" time="0.001"/>
  <testcase name="dropsUnterminatedTag" classname="org.jsoup.parser.HtmlParserTest" time="0"/>
  <testcase name="canPreserveAttributeCase" classname="org.jsoup.parser.HtmlParserTest" time="0"/>
  <testcase name="handlesNullInComments" classname="org.jsoup.parser.HtmlParserTest" time="0"/>
  <testcase name="handlesTextAfterData" classname="org.jsoup.parser.HtmlParserTest" time="0"/>
  <testcase name="dropsUnterminatedAttribute" classname="org.jsoup.parser.HtmlParserTest" time="0"/>
  <testcase name="testNormalisesIsIndex" classname="org.jsoup.parser.HtmlParserTest" time="0.001"/>
  <testcase name="noTableDirectInTable" classname="org.jsoup.parser.HtmlParserTest" time="0"/>
  <testcase name="testSupportsPartiallyNonAsciiTags" classname="org.jsoup.parser.HtmlParserTest" time="0"/>
  <testcase name="testSpaceAfterTag" classname="org.jsoup.parser.HtmlParserTest" time="0"/>
  <testcase name="handlesXmlDeclarationAsBogusComment" classname="org.jsoup.parser.HtmlParserTest" time="0"/>
  <testcase name="normalisesDocument" classname="org.jsoup.parser.HtmlParserTest" time="0.001"/>
  <testcase name="createsStructureFromBodySnippet" classname="org.jsoup.parser.HtmlParserTest" time="0"/>
  <testcase name="retainsAttributesOfDifferentCaseIfSensitive" classname="org.jsoup.parser.HtmlParserTest" time="0"/>
  <testcase name="canPreserveTagCase" classname="org.jsoup.parser.HtmlParserTest" time="0"/>
  <testcase name="preservesSpaceInScript" classname="org.jsoup.parser.HtmlParserTest" time="0"/>
  <testcase name="handlesXmlDeclAndCommentsBeforeDoctype" classname="org.jsoup.parser.HtmlParserTest" time="0.002"/>
  <testcase name="testHtmlLowerCase" classname="org.jsoup.parser.HtmlParserTest" time="0"/>
  <testcase name="handlesDeepStack" classname="org.jsoup.parser.HtmlParserTest" time="0.264"/>
  <testcase name="parsesSimpleDocument" classname="org.jsoup.parser.HtmlParserTest" time="0"/>
  <testcase name="doesNotCreateImplicitLists" classname="org.jsoup.parser.HtmlParserTest" time="0.001"/>
  <testcase name="parsesUnterminatedTextarea" classname="org.jsoup.parser.HtmlParserTest" time="0"/>
  <testcase name="testSupportsNonAsciiTags" classname="org.jsoup.parser.HtmlParserTest" time="0.002"/>
  <testcase name="dropsDuplicateAttributes" classname="org.jsoup.parser.HtmlParserTest" time="0"/>
  <testcase name="handlesWhatWgExpensesTableExample" classname="org.jsoup.parser.HtmlParserTest" time="0.001"/>
  <testcase name="handlesImplicitCaptionClose" classname="org.jsoup.parser.HtmlParserTest" time="0"/>
  <testcase name="handlesQuotesInCommentsInScripts" classname="org.jsoup.parser.HtmlParserTest" time="0"/>
  <testcase name="handlesInputInTable" classname="org.jsoup.parser.HtmlParserTest" time="0"/>
  <testcase name="handlesInvalidStartTags" classname="org.jsoup.parser.HtmlParserTest" time="0"/>
  <testcase name="handlesEscapedData" classname="org.jsoup.parser.HtmlParserTest" time="0"/>
  <testcase name="fallbackToUtfIfCantEncode" classname="org.jsoup.parser.HtmlParserTest" time="0.001"/>
  <testcase name="reconstructFormattingElements" classname="org.jsoup.parser.HtmlParserTest" time="0.001"/>
  <testcase name="createsDocumentStructure" classname="org.jsoup.parser.HtmlParserTest" time="0"/>
  <testcase name="handlesCdataInScript" classname="org.jsoup.parser.HtmlParserTest" time="0"/>
  <testcase name="handlesUnclosedTitle" classname="org.jsoup.parser.HtmlParserTest" time="0"/>
  <testcase name="caseInsensitiveParseTree" classname="org.jsoup.parser.HtmlParserTest" time="0"/>
  <testcase name="handleNullContextInParseFragment" classname="org.jsoup.parser.HtmlParserTest" time="0"/>
  <testcase name="parsesUnterminatedComments" classname="org.jsoup.parser.HtmlParserTest" time="0.001"/>
  <testcase name="emptyTdTag" classname="org.jsoup.parser.HtmlParserTest" time="0"/>
  <testcase name="caseSensitiveParseTree" classname="org.jsoup.parser.HtmlParserTest" time="0"/>
  <testcase name="testFragment" classname="org.jsoup.parser.HtmlParserTest" time="0"/>
  <testcase name="handlesUnclosedScriptAtEof" classname="org.jsoup.parser.HtmlParserTest" time="0.003"/>
  <testcase name="handlesNewlinesAndWhitespaceInTag" classname="org.jsoup.parser.HtmlParserTest" time="0"/>
  <testcase name="handlesDataOnlyTags" classname="org.jsoup.parser.HtmlParserTest" time="0"/>
  <testcase name="normalizesDiscordantTags" classname="org.jsoup.parser.HtmlParserTest" time="0.001"/>
  <testcase name="handlesCdataAcrossBuffer" classname="org.jsoup.parser.HtmlParserTest" time="0"/>
  <testcase name="noImplicitFormForTextAreas" classname="org.jsoup.parser.HtmlParserTest" time="0"/>
  <testcase name="commentBeforeHtml" classname="org.jsoup.parser.HtmlParserTest" time="0.001"/>
  <testcase name="handlesUnclosedCdataAtEOF" classname="org.jsoup.parser.HtmlParserTest" time="0"/>
  <testcase name="handlesCdata" classname="org.jsoup.parser.HtmlParserTest" time="0"/>
  <testcase name="handlesKnownEmptyBlocks" classname="org.jsoup.parser.HtmlParserTest" time="0"/>
  <testcase name="createsFormElements" classname="org.jsoup.parser.HtmlParserTest" time="0"/>
  <testcase name="noErrorsByDefault" classname="org.jsoup.parser.HtmlParserTest" time="0"/>
  <testcase name="testHeaderContents" classname="org.jsoup.parser.HtmlParserTest" time="0.001"/>
  <testcase name="testRelaxedTags" classname="org.jsoup.parser.HtmlParserTest" time="0"/>
  <testcase name="handlesKnownEmptyStyle" classname="org.jsoup.parser.HtmlParserTest" time="0"/>
  <testcase name="handlesKnownEmptyTitle" classname="org.jsoup.parser.HtmlParserTest" time="0"/>
  <testcase name="preservesSpaceInTextArea" classname="org.jsoup.parser.HtmlParserTest" time="0"/>
  <testcase name="handlesUnexpectedMarkupInTables" classname="org.jsoup.parser.HtmlParserTest" time="0.001"/>
  <testcase name="handlesKnownEmptyIframe" classname="org.jsoup.parser.HtmlParserTest" time="0"/>
  <testcase name="characterReaderBuffer" classname="org.jsoup.parser.HtmlParserTest" time="0"/>
  <testcase name="testTemplateInsideTable" classname="org.jsoup.parser.HtmlParserTest" time="0.001"/>
  <testcase name="cdataNodesAreTextNodes" classname="org.jsoup.parser.HtmlParserTest" time="0"/>
  <testcase name="ignoresContentAfterFrameset" classname="org.jsoup.parser.HtmlParserTest" time="0"/>
  <testcase name="handlesBaseTags" classname="org.jsoup.parser.HtmlParserTest" time="0"/>
  <testcase name="testSpanContents" classname="org.jsoup.parser.HtmlParserTest" time="0"/>
  <testcase name="handles0CharacterAsText" classname="org.jsoup.parser.HtmlParserTest" time="0.001"/>
  <testcase name="handlesFrames" classname="org.jsoup.parser.HtmlParserTest" time="0"/>
  <testcase name="handlesJavadocFont" classname="org.jsoup.parser.HtmlParserTest" time="0"/>
  <testcase name="testReinsertionModeForThCelss" classname="org.jsoup.parser.HtmlParserTest" time="0"/>
  <testcase name="handlesControlCodeInAttributeName" classname="org.jsoup.parser.HtmlParserTest" time="0"/>
  <testcase name="handlesInvalidDoctypes" classname="org.jsoup.parser.HtmlParserTest" time="0"/>
  <testcase name="handlesTagsInTextarea" classname="org.jsoup.parser.HtmlParserTest" time="0"/>
  <testcase name="handlesCommentsInTable" classname="org.jsoup.parser.HtmlParserTest" time="0"/>
  <testcase name="handlesEscapedScript" classname="org.jsoup.parser.HtmlParserTest" time="0.001"/>
  <testcase name="testInvalidTableContents" classname="org.jsoup.parser.HtmlParserTest" time="0"/>
  <testcase name="handlesUnknownTags" classname="org.jsoup.parser.HtmlParserTest" time="0"/>
  <testcase name="ignoresDupeEndTrTag" classname="org.jsoup.parser.HtmlParserTest" time="0"/>
  <testcase name="associatedFormControlsWithDisjointForms" classname="org.jsoup.parser.HtmlParserTest" time="0"/>
  <testcase name="handlesTbodyTable" classname="org.jsoup.parser.HtmlParserTest" time="0"/>
  <testcase name="normalisedBodyAfterContent" classname="org.jsoup.parser.HtmlParserTest" time="0.001"/>
  <testcase name="handlesSpanInTbody" classname="org.jsoup.parser.HtmlParserTest" time="0"/>
  <testcase name="handlesUnclosedTitleAtEof" classname="org.jsoup.parser.HtmlParserTest" time="0"/>
  <testcase name="handlesSolidusAtAttributeEnd" classname="org.jsoup.parser.HtmlParserTest" time="0"/>
  <testcase name="handlesUnknownNamespaceTags" classname="org.jsoup.parser.HtmlParserTest" time="0"/>
  <testcase name="handlesKnownEmptyNoFrames" classname="org.jsoup.parser.HtmlParserTest" time="0"/>
  <testcase name="roundTripsCdata" classname="org.jsoup.parser.HtmlParserTest" time="0"/>
  <testcase name="handlesManyChildren" classname="org.jsoup.parser.HtmlParserTest" time="0.016"/>
  <testcase name="handlesTextArea" classname="org.jsoup.parser.HtmlParserTest" time="0"/>
  <testcase name="convertsImageToImg" classname="org.jsoup.parser.HtmlParserTest" time="0"/>
  <testcase name="preSkipsFirstNewline" classname="org.jsoup.parser.HtmlParserTest" time="0"/>
  <testcase name="commentAtEnd" classname="org.jsoup.parser.HtmlParserTest" time="0"/>
  <testcase name="selfClosingOnNonvoidIsError" classname="org.jsoup.parser.HtmlParserTest" time="0.004"/>
  <testcase name="handlesNestedImplicitTable" classname="org.jsoup.parser.HtmlParserTest" time="0"/>
  <testcase name="parsesRoughAttributes" classname="org.jsoup.parser.HtmlParserTest" time="0"/>
  <testcase name="testUsingSingleQuotesInQueries" classname="org.jsoup.parser.HtmlParserTest" time="0.001"/>
  <testcase name="handlesUnclosedDefinitionLists" classname="org.jsoup.parser.HtmlParserTest" time="0"/>
  <testcase name="handlesWhitespaceInoDocType" classname="org.jsoup.parser.HtmlParserTest" time="0"/>
  <testcase name="reconstructFormattingElementsInTable" classname="org.jsoup.parser.HtmlParserTest" time="0"/>
  <testcase name="selfClosingVoidIsNotAnError" classname="org.jsoup.parser.HtmlParserTest" time="0"/>
  <testcase name="testNoImagesInNoScriptInHead" classname="org.jsoup.parser.HtmlParserTest" time="0"/>
  <testcase name="handlesBaseWithoutHref" classname="org.jsoup.parser.HtmlParserTest" time="0"/>
  <testcase name="handlesUnclosedRawtextAtEof" classname="org.jsoup.parser.HtmlParserTest" time="0"/>
  <testcase name="tracksLimitedErrorsWhenRequested" classname="org.jsoup.parser.HtmlParserTest" time="0"/>
  <testcase name="doesNotFindShortestMatchingEntity" classname="org.jsoup.parser.HtmlParserTest" time="0"/>
  <testcase name="tracksErrorsWhenRequested" classname="org.jsoup.parser.HtmlParserTest" time="0"/>
  <testcase name="handlesUnclosedAnchors" classname="org.jsoup.parser.HtmlParserTest" time="0.001"/>
  <testcase name="parsesBodyFragment" classname="org.jsoup.parser.HtmlParserTest" time="0"/>
  <testcase name="handlesUnknownInlineTags" classname="org.jsoup.parser.HtmlParserTest" time="0"/>
  <testcase name="testSelectWithOption" classname="org.jsoup.parser.HtmlParserTest" time="0"/>
  <testcase name="normalisesEmptyDocument" classname="org.jsoup.parser.HtmlParserTest" time="0"/>
  <testcase name="relaxedBaseEntityMatchAndStrictExtendedMatch" classname="org.jsoup.parser.HtmlParserTest" time="0"/>
  <testcase name="handlesUnclosedFormattingElements" classname="org.jsoup.parser.HtmlParserTest" time="0.001"/>
  <testcase name="handlesSolidusInA" classname="org.jsoup.parser.HtmlParserTest" time="0"/>
  <testcase name="testHgroup" classname="org.jsoup.parser.HtmlParserTest" time="0"/>
  <testcase name="discardsNakedTds" classname="org.jsoup.parser.HtmlParserTest" time="0"/>
  <testcase name="parsesComments" classname="org.jsoup.parser.HtmlParserTest" time="0"/>
  <testcase name="testFontFlowContents" classname="org.jsoup.parser.HtmlParserTest" time="0"/>
  <testcase name="handlesMisnestedTagsBI" classname="org.jsoup.parser.HtmlParserTest" time="0"/>
  <testcase name="handlesMisnestedTagsBP" classname="org.jsoup.parser.HtmlParserTest" time="0"/>
  <testcase name="canPreserveBothCase" classname="org.jsoup.parser.HtmlParserTest" time="0"/>
  <testcase name="testHandlesDeepSpans" classname="org.jsoup.parser.HtmlParserTest" time="0"/>
  <testcase name="handleCDataInText" classname="org.jsoup.parser.HtmlParserTest" time="0.001"/>
  <testcase name="findsCharsetInMalformedMeta" classname="org.jsoup.parser.HtmlParserTest" time="0"/>
  <testcase name="handlesMultiClosingBody" classname="org.jsoup.parser.HtmlParserTest" time="0"/>
  <testcase name="handlesBlocksInDefinitions" classname="org.jsoup.parser.HtmlParserTest" time="0"/>
  <testcase name="testAFlowContents" classname="org.jsoup.parser.HtmlParserTest" time="0"/>
  <testcase name="handlesNullInData" classname="org.jsoup.parser.HtmlParserTest" time="0"/>
  <testcase name="parsesQuiteRoughAttributes" classname="org.jsoup.parser.HtmlParserTest" time="0"/>
</testsuite>