<?xml version="1.0" encoding="UTF-8"?>
<testsuite xmlns:xsi="http://www.w3.org/2001/XMLSchema-instance" xsi:schemaLocation="https://maven.apache.org/surefire/maven-surefire-plugin/xsd/surefire-test-report.xsd" name="org.jsoup.select.ElementsTest" time="0.001" tests="34" errors="34" skipped="0" failures="0">
  <properties>
    <property name="java.runtime.name" value="Java(TM) SE Runtime Environment"/>
    <property name="java.vm.version" value="19.0.2+7-44"/>
    <property name="sun.boot.library.path" value="/Library/Java/JavaVirtualMachines/jdk-19.jdk/Contents/Home/lib"/>
    <property name="maven.multiModuleProjectDirectory" value="/Users/aparna/Desktop/527FINAL/Mid-termProject/jsoup"/>
    <property name="java.vm.vendor" value="Oracle Corporation"/>
    <property name="java.vendor.url" value="https://java.oracle.com/"/>
    <property name="guice.disable.misplaced.annotation.check" value="true"/>
    <property name="path.separator" value=":"/>
    <property name="java.vm.name" value="Java HotSpot(TM) 64-Bit Server VM"/>
    <property name="user.country" value="US"/>
    <property name="sun.java.launcher" value="SUN_STANDARD"/>
    <property name="java.vm.specification.name" value="Java Virtual Machine Specification"/>
    <property name="user.dir" value="/Users/aparna/Desktop/527FINAL/Mid-termProject/jsoup"/>
    <property name="java.vm.compressedOopsMode" value="Zero based"/>
    <property name="java.runtime.version" value="19.0.2+7-44"/>
    <property name="os.arch" value="aarch64"/>
    <property name="java.io.tmpdir" value="/var/folders/14/md054r_x3nbfh55f96clkh280000gn/T/"/>
    <property name="line.separator" value="&#10;"/>
    <property name="java.vm.specification.vendor" value="Oracle Corporation"/>
    <property name="stderr.encoding" value="UTF-8"/>
    <property name="os.name" value="Mac OS X"/>
    <property name="classworlds.conf" value="/opt/homebrew/Cellar/maven/3.8.7/libexec/bin/m2.conf"/>
    <property name="sun.jnu.encoding" value="UTF-8"/>
    <property name="stdout.encoding" value="UTF-8"/>
    <property name="java.library.path" value="/Users/aparna/Library/Java/Extensions:/Library/Java/Extensions:/Network/Library/Java/Extensions:/System/Library/Java/Extensions:/usr/lib/java:."/>
    <property name="maven.conf" value="/opt/homebrew/Cellar/maven/3.8.7/libexec/conf"/>
    <property name="jdk.debug" value="release"/>
    <property name="java.class.version" value="63.0"/>
    <property name="java.specification.name" value="Java Platform API Specification"/>
    <property name="sun.management.compiler" value="HotSpot 64-Bit Tiered Compilers"/>
    <property name="os.version" value="13.1"/>
    <property name="library.jansi.path" value="/opt/homebrew/Cellar/maven/3.8.7/libexec/lib/jansi-native"/>
    <property name="http.nonProxyHosts" value="local|*.local|169.254/16|*.169.254/16"/>
    <property name="user.home" value="/Users/aparna"/>
    <property name="user.timezone" value="America/Chicago"/>
    <property name="file.encoding" value="UTF-8"/>
    <property name="java.specification.version" value="19"/>
    <property name="user.name" value="aparna"/>
    <property name="java.class.path" value="/opt/homebrew/Cellar/maven/3.8.7/libexec/boot/plexus-classworlds-2.6.0.jar"/>
    <property name="java.vm.specification.version" value="19"/>
    <property name="sun.arch.data.model" value="64"/>
    <property name="sun.java.command" value="org.codehaus.plexus.classworlds.launcher.Launcher surefire:test"/>
    <property name="java.home" value="/Library/Java/JavaVirtualMachines/jdk-19.jdk/Contents/Home"/>
    <property name="apple.awt.application.name" value="Launcher"/>
    <property name="user.language" value="en"/>
    <property name="java.specification.vendor" value="Oracle Corporation"/>
    <property name="java.vm.info" value="mixed mode, sharing"/>
    <property name="java.version" value="19.0.2"/>
    <property name="native.encoding" value="UTF-8"/>
    <property name="java.vendor" value="Oracle Corporation"/>
    <property name="maven.home" value="/opt/homebrew/Cellar/maven/3.8.7/libexec"/>
    <property name="file.separator" value="/"/>
    <property name="java.version.date" value="2023-01-17"/>
    <property name="java.vendor.url.bug" value="https://bugreport.java.com/bugreport/"/>
    <property name="sun.io.unicode.encoding" value="UnicodeBig"/>
    <property name="sun.cpu.endian" value="little"/>
    <property name="socksNonProxyHosts" value="local|*.local|169.254/16|*.169.254/16"/>
    <property name="ftp.nonProxyHosts" value="local|*.local|169.254/16|*.169.254/16"/>
  </properties>
  <testcase name="classWithHyphen" classname="org.jsoup.select.ElementsTest" time="0">
    <error message="String input must not be null" type="java.lang.IllegalArgumentException">java.lang.IllegalArgumentException: String input must not be null
	at org.jsoup.select.ElementsTest.classWithHyphen(ElementsTest.java:302)
</error>
  </testcase>
  <testcase name="before" classname="org.jsoup.select.ElementsTest" time="0">
    <error message="String input must not be null" type="java.lang.IllegalArgumentException">java.lang.IllegalArgumentException: String input must not be null
	at org.jsoup.select.ElementsTest.before(ElementsTest.java:164)
</error>
  </testcase>
  <testcase name="filter" classname="org.jsoup.select.ElementsTest" time="0">
    <error message="String input must not be null" type="java.lang.IllegalArgumentException">java.lang.IllegalArgumentException: String input must not be null
	at org.jsoup.select.ElementsTest.filter(ElementsTest.java:24)
</error>
  </testcase>
  <testcase name="eachAttr" classname="org.jsoup.select.ElementsTest" time="0">
    <error message="String input must not be null" type="java.lang.IllegalArgumentException">java.lang.IllegalArgumentException: String input must not be null
	at org.jsoup.select.ElementsTest.eachAttr(ElementsTest.java:372)
</error>
  </testcase>
  <testcase name="eachText" classname="org.jsoup.select.ElementsTest" time="0">
    <error message="String input must not be null" type="java.lang.IllegalArgumentException">java.lang.IllegalArgumentException: String input must not be null
	at org.jsoup.select.ElementsTest.eachText(ElementsTest.java:354)
</error>
  </testcase>
  <testcase name="absAttr" classname="org.jsoup.select.ElementsTest" time="0">
    <error message="String input must not be null" type="java.lang.IllegalArgumentException">java.lang.IllegalArgumentException: String input must not be null
	at org.jsoup.select.ElementsTest.absAttr(ElementsTest.java:74)
</error>
  </testcase>
  <testcase name="remove" classname="org.jsoup.select.ElementsTest" time="0">
    <error message="String input must not be null" type="java.lang.IllegalArgumentException">java.lang.IllegalArgumentException: String input must not be null
	at org.jsoup.select.ElementsTest.remove(ElementsTest.java:220)
</error>
  </testcase>
  <testcase name="unwrap" classname="org.jsoup.select.ElementsTest" time="0">
    <error message="String input must not be null" type="java.lang.IllegalArgumentException">java.lang.IllegalArgumentException: String input must not be null
	at org.jsoup.select.ElementsTest.unwrap(ElementsTest.java:192)
</error>
  </testcase>
  <testcase name="parents" classname="org.jsoup.select.ElementsTest" time="0">
    <error message="String input must not be null" type="java.lang.IllegalArgumentException">java.lang.IllegalArgumentException: String input must not be null
	at org.jsoup.select.ElementsTest.parents(ElementsTest.java:243)
</error>
  </testcase>
  <testcase name="unwrapP" classname="org.jsoup.select.ElementsTest" time="0">
    <error message="String input must not be null" type="java.lang.IllegalArgumentException">java.lang.IllegalArgumentException: String input must not be null
	at org.jsoup.select.ElementsTest.unwrapP(ElementsTest.java:199)
</error>
  </testcase>
  <testcase name="unwrapKeepsSpace" classname="org.jsoup.select.ElementsTest" time="0">
    <error message="String input must not be null" type="java.lang.IllegalArgumentException">java.lang.IllegalArgumentException: String input must not be null
	at org.jsoup.select.ElementsTest.unwrapKeepsSpace(ElementsTest.java:206)
</error>
  </testcase>
  <testcase name="eq" classname="org.jsoup.select.ElementsTest" time="0">
    <error message="String input must not be null" type="java.lang.IllegalArgumentException">java.lang.IllegalArgumentException: String input must not be null
	at org.jsoup.select.ElementsTest.eq(ElementsTest.java:229)
</error>
  </testcase>
  <testcase name="is" classname="org.jsoup.select.ElementsTest" time="0">
    <error message="String input must not be null" type="java.lang.IllegalArgumentException">java.lang.IllegalArgumentException: String input must not be null
	at org.jsoup.select.ElementsTest.is(ElementsTest.java:236)
</error>
  </testcase>
  <testcase name="not" classname="org.jsoup.select.ElementsTest" time="0">
    <error message="String input must not be null" type="java.lang.IllegalArgumentException">java.lang.IllegalArgumentException: String input must not be null
	at org.jsoup.select.ElementsTest.not(ElementsTest.java:253)
</error>
  </testcase>
  <testcase name="val" classname="org.jsoup.select.ElementsTest" time="0">
    <error message="String input must not be null" type="java.lang.IllegalArgumentException">java.lang.IllegalArgumentException: String input must not be null
	at org.jsoup.select.ElementsTest.val(ElementsTest.java:151)
</error>
  </testcase>
  <testcase name="attr" classname="org.jsoup.select.ElementsTest" time="0">
    <error message="String input must not be null" type="java.lang.IllegalArgumentException">java.lang.IllegalArgumentException: String input must not be null
	at org.jsoup.select.ElementsTest.attr(ElementsTest.java:68)
</error>
  </testcase>
  <testcase name="html" classname="org.jsoup.select.ElementsTest" time="0">
    <error message="String input must not be null" type="java.lang.IllegalArgumentException">java.lang.IllegalArgumentException: String input must not be null
	at org.jsoup.select.ElementsTest.html(ElementsTest.java:128)
</error>
  </testcase>
  <testcase name="text" classname="org.jsoup.select.ElementsTest" time="0">
    <error message="String input must not be null" type="java.lang.IllegalArgumentException">java.lang.IllegalArgumentException: String input must not be null
	at org.jsoup.select.ElementsTest.text(ElementsTest.java:116)
</error>
  </testcase>
  <testcase name="wrap" classname="org.jsoup.select.ElementsTest" time="0">
    <error message="String input must not be null" type="java.lang.IllegalArgumentException">java.lang.IllegalArgumentException: String input must not be null
	at org.jsoup.select.ElementsTest.wrap(ElementsTest.java:177)
</error>
  </testcase>
  <testcase name="hasClassCaseInsensitive" classname="org.jsoup.select.ElementsTest" time="0">
    <error message="String input must not be null" type="java.lang.IllegalArgumentException">java.lang.IllegalArgumentException: String input must not be null
	at org.jsoup.select.ElementsTest.hasClassCaseInsensitive(ElementsTest.java:99)
</error>
  </testcase>
  <testcase name="after" classname="org.jsoup.select.ElementsTest" time="0">
    <error message="String input must not be null" type="java.lang.IllegalArgumentException">java.lang.IllegalArgumentException: String input must not be null
	at org.jsoup.select.ElementsTest.after(ElementsTest.java:170)
</error>
  </testcase>
  <testcase name="empty" classname="org.jsoup.select.ElementsTest" time="0">
    <error message="String input must not be null" type="java.lang.IllegalArgumentException">java.lang.IllegalArgumentException: String input must not be null
	at org.jsoup.select.ElementsTest.empty(ElementsTest.java:212)
</error>
  </testcase>
  <testcase name="forms" classname="org.jsoup.select.ElementsTest" time="0">
    <error message="String input must not be null" type="java.lang.IllegalArgumentException">java.lang.IllegalArgumentException: String input must not be null
	at org.jsoup.select.ElementsTest.forms(ElementsTest.java:289)
</error>
  </testcase>
  <testcase name="siblings" classname="org.jsoup.select.ElementsTest" time="0">
    <error message="String input must not be null" type="java.lang.IllegalArgumentException">java.lang.IllegalArgumentException: String input must not be null
	at org.jsoup.select.ElementsTest.siblings(ElementsTest.java:309)
</error>
  </testcase>
  <testcase name="attributes" classname="org.jsoup.select.ElementsTest" time="0">
    <error message="String input must not be null" type="java.lang.IllegalArgumentException">java.lang.IllegalArgumentException: String input must not be null
	at org.jsoup.select.ElementsTest.attributes(ElementsTest.java:33)
</error>
  </testcase>
  <testcase name="hasAttr" classname="org.jsoup.select.ElementsTest" time="0">
    <error message="String input must not be null" type="java.lang.IllegalArgumentException">java.lang.IllegalArgumentException: String input must not be null
	at org.jsoup.select.ElementsTest.hasAttr(ElementsTest.java:51)
</error>
  </testcase>
  <testcase name="hasText" classname="org.jsoup.select.ElementsTest" time="0">
    <error message="String input must not be null" type="java.lang.IllegalArgumentException">java.lang.IllegalArgumentException: String input must not be null
	at org.jsoup.select.ElementsTest.hasText(ElementsTest.java:121)
</error>
  </testcase>
  <testcase name="hasAbsAttr" classname="org.jsoup.select.ElementsTest" time="0">
    <error message="String input must not be null" type="java.lang.IllegalArgumentException">java.lang.IllegalArgumentException: String input must not be null
	at org.jsoup.select.ElementsTest.hasAbsAttr(ElementsTest.java:58)
</error>
  </testcase>
  <testcase name="classes" classname="org.jsoup.select.ElementsTest" time="0">
    <error message="String input must not be null" type="java.lang.IllegalArgumentException">java.lang.IllegalArgumentException: String input must not be null
	at org.jsoup.select.ElementsTest.classes(ElementsTest.java:85)
</error>
  </testcase>
  <testcase name="traverse" classname="org.jsoup.select.ElementsTest" time="0">
    <error message="String input must not be null" type="java.lang.IllegalArgumentException">java.lang.IllegalArgumentException: String input must not be null
	at org.jsoup.select.ElementsTest.traverse(ElementsTest.java:272)
</error>
  </testcase>
  <testcase name="wrapDiv" classname="org.jsoup.select.ElementsTest" time="0">
    <error message="String input must not be null" type="java.lang.IllegalArgumentException">java.lang.IllegalArgumentException: String input must not be null
	at org.jsoup.select.ElementsTest.wrapDiv(ElementsTest.java:184)
</error>
  </testcase>
  <testcase name="outerHtml" classname="org.jsoup.select.ElementsTest" time="0">
    <error message="String input must not be null" type="java.lang.IllegalArgumentException">java.lang.IllegalArgumentException: String input must not be null
	at org.jsoup.select.ElementsTest.outerHtml(ElementsTest.java:134)
</error>
  </testcase>
  <testcase name="tagNameSet" classname="org.jsoup.select.ElementsTest" time="0">
    <error message="String input must not be null" type="java.lang.IllegalArgumentException">java.lang.IllegalArgumentException: String input must not be null
	at org.jsoup.select.ElementsTest.tagNameSet(ElementsTest.java:265)
</error>
  </testcase>
  <testcase name="setHtml" classname="org.jsoup.select.ElementsTest" time="0">
    <error message="String input must not be null" type="java.lang.IllegalArgumentException">java.lang.IllegalArgumentException: String input must not be null
	at org.jsoup.select.ElementsTest.setHtml(ElementsTest.java:140)
</error>
  </testcase>
</testsuite>