<?xml version="1.0" encoding="UTF-8"?>
<testsuite xmlns:xsi="http://www.w3.org/2001/XMLSchema-instance" xsi:schemaLocation="https://maven.apache.org/surefire/maven-surefire-plugin/xsd/surefire-test-report.xsd" name="org.jsoup.nodes.ElementTest" time="0.02" tests="99" errors="97" skipped="0" failures="0">
  <properties>
    <property name="java.runtime.name" value="Java(TM) SE Runtime Environment"/>
    <property name="java.vm.version" value="19.0.2+7-44"/>
    <property name="sun.boot.library.path" value="/Library/Java/JavaVirtualMachines/jdk-19.jdk/Contents/Home/lib"/>
    <property name="maven.multiModuleProjectDirectory" value="/Users/aparna/Desktop/527FINAL/Mid-termProject/jsoup"/>
    <property name="java.vm.vendor" value="Oracle Corporation"/>
    <property name="java.vendor.url" value="https://java.oracle.com/"/>
    <property name="guice.disable.misplaced.annotation.check" value="true"/>
    <property name="path.separator" value=":"/>
    <property name="java.vm.name" value="Java HotSpot(TM) 64-Bit Server VM"/>
    <property name="user.country" value="US"/>
    <property name="sun.java.launcher" value="SUN_STANDARD"/>
    <property name="java.vm.specification.name" value="Java Virtual Machine Specification"/>
    <property name="user.dir" value="/Users/aparna/Desktop/527FINAL/Mid-termProject/jsoup"/>
    <property name="java.vm.compressedOopsMode" value="Zero based"/>
    <property name="java.runtime.version" value="19.0.2+7-44"/>
    <property name="os.arch" value="aarch64"/>
    <property name="java.io.tmpdir" value="/var/folders/14/md054r_x3nbfh55f96clkh280000gn/T/"/>
    <property name="line.separator" value="&#10;"/>
    <property name="java.vm.specification.vendor" value="Oracle Corporation"/>
    <property name="stderr.encoding" value="UTF-8"/>
    <property name="os.name" value="Mac OS X"/>
    <property name="classworlds.conf" value="/opt/homebrew/Cellar/maven/3.8.7/libexec/bin/m2.conf"/>
    <property name="sun.jnu.encoding" value="UTF-8"/>
    <property name="stdout.encoding" value="UTF-8"/>
    <property name="java.library.path" value="/Users/aparna/Library/Java/Extensions:/Library/Java/Extensions:/Network/Library/Java/Extensions:/System/Library/Java/Extensions:/usr/lib/java:."/>
    <property name="maven.conf" value="/opt/homebrew/Cellar/maven/3.8.7/libexec/conf"/>
    <property name="jdk.debug" value="release"/>
    <property name="java.class.version" value="63.0"/>
    <property name="java.specification.name" value="Java Platform API Specification"/>
    <property name="sun.management.compiler" value="HotSpot 64-Bit Tiered Compilers"/>
    <property name="os.version" value="13.1"/>
    <property name="library.jansi.path" value="/opt/homebrew/Cellar/maven/3.8.7/libexec/lib/jansi-native"/>
    <property name="http.nonProxyHosts" value="local|*.local|169.254/16|*.169.254/16"/>
    <property name="user.home" value="/Users/aparna"/>
    <property name="user.timezone" value="America/Chicago"/>
    <property name="file.encoding" value="UTF-8"/>
    <property name="java.specification.version" value="19"/>
    <property name="user.name" value="aparna"/>
    <property name="java.class.path" value="/opt/homebrew/Cellar/maven/3.8.7/libexec/boot/plexus-classworlds-2.6.0.jar"/>
    <property name="java.vm.specification.version" value="19"/>
    <property name="sun.arch.data.model" value="64"/>
    <property name="sun.java.command" value="org.codehaus.plexus.classworlds.launcher.Launcher surefire:test"/>
    <property name="java.home" value="/Library/Java/JavaVirtualMachines/jdk-19.jdk/Contents/Home"/>
    <property name="apple.awt.application.name" value="Launcher"/>
    <property name="user.language" value="en"/>
    <property name="java.specification.vendor" value="Oracle Corporation"/>
    <property name="java.vm.info" value="mixed mode, sharing"/>
    <property name="java.version" value="19.0.2"/>
    <property name="native.encoding" value="UTF-8"/>
    <property name="java.vendor" value="Oracle Corporation"/>
    <property name="maven.home" value="/opt/homebrew/Cellar/maven/3.8.7/libexec"/>
    <property name="file.separator" value="/"/>
    <property name="java.version.date" value="2023-01-17"/>
    <property name="java.vendor.url.bug" value="https://bugreport.java.com/bugreport/"/>
    <property name="sun.io.unicode.encoding" value="UnicodeBig"/>
    <property name="sun.cpu.endian" value="little"/>
    <property name="socksNonProxyHosts" value="local|*.local|169.254/16|*.169.254/16"/>
    <property name="ftp.nonProxyHosts" value="local|*.local|169.254/16|*.169.254/16"/>
  </properties>
  <testcase name="testFormatOutline" classname="org.jsoup.nodes.ElementTest" time="0">
    <error message="String input must not be null" type="java.lang.IllegalArgumentException">java.lang.IllegalArgumentException: String input must not be null
	at org.jsoup.nodes.ElementTest.testFormatOutline(ElementTest.java:330)
</error>
  </testcase>
  <testcase name="parentlessToString" classname="org.jsoup.nodes.ElementTest" time="0">
    <error message="String input must not be null" type="java.lang.IllegalArgumentException">java.lang.IllegalArgumentException: String input must not be null
	at org.jsoup.nodes.ElementTest.parentlessToString(ElementTest.java:605)
</error>
  </testcase>
  <testcase name="insertChildrenArgumentValidation" classname="org.jsoup.nodes.ElementTest" time="0">
    <error message="String input must not be null" type="java.lang.IllegalArgumentException">java.lang.IllegalArgumentException: String input must not be null
	at org.jsoup.nodes.ElementTest.insertChildrenArgumentValidation(ElementTest.java:794)
</error>
  </testcase>
  <testcase name="testPrependElement" classname="org.jsoup.nodes.ElementTest" time="0.001">
    <error message="String input must not be null" type="java.lang.IllegalArgumentException">java.lang.IllegalArgumentException: String input must not be null
	at org.jsoup.nodes.ElementTest.testPrependElement(ElementTest.java:439)
</error>
  </testcase>
  <testcase name="testOuterHtml" classname="org.jsoup.nodes.ElementTest" time="0">
    <error message="String input must not be null" type="java.lang.IllegalArgumentException">java.lang.IllegalArgumentException: String input must not be null
	at org.jsoup.nodes.ElementTest.testOuterHtml(ElementTest.java:314)
</error>
  </testcase>
  <testcase name="testHashcodeIsStableWithContentChanges" classname="org.jsoup.nodes.ElementTest" time="0.002">
    <error type="java.lang.ExceptionInInitializerError">java.lang.ExceptionInInitializerError
	at org.jsoup.nodes.ElementTest.testHashcodeIsStableWithContentChanges(ElementTest.java:999)
Caused by: java.lang.IllegalArgumentException: Object must not be null
	at org.jsoup.nodes.ElementTest.testHashcodeIsStableWithContentChanges(ElementTest.java:999)
</error>
  </testcase>
  <testcase name="voidTestFilterCallReturnsElement" classname="org.jsoup.nodes.ElementTest" time="0">
    <error message="String input must not be null" type="java.lang.IllegalArgumentException">java.lang.IllegalArgumentException: String input must not be null
	at org.jsoup.nodes.ElementTest.voidTestFilterCallReturnsElement(ElementTest.java:1469)
</error>
  </testcase>
  <testcase name="elementByTagName" classname="org.jsoup.nodes.ElementTest" time="0">
    <error message="Could not initialize class org.jsoup.parser.Tag" type="java.lang.NoClassDefFoundError">java.lang.NoClassDefFoundError: Could not initialize class org.jsoup.parser.Tag
	at org.jsoup.nodes.ElementTest.elementByTagName(ElementTest.java:1070)
Caused by: java.lang.ExceptionInInitializerError: Exception java.lang.IllegalArgumentException: Object must not be null [in thread "main"]
	at org.jsoup.nodes.ElementTest.testHashcodeIsStableWithContentChanges(ElementTest.java:999)
</error>
  </testcase>
  <testcase name="testClonesClassnames" classname="org.jsoup.nodes.ElementTest" time="0">
    <error message="String input must not be null" type="java.lang.IllegalArgumentException">java.lang.IllegalArgumentException: String input must not be null
	at org.jsoup.nodes.ElementTest.testClonesClassnames(ElementTest.java:634)
</error>
  </testcase>
  <testcase name="appendMustCorrectlyMoveChildrenInsideOneParentElement" classname="org.jsoup.nodes.ElementTest" time="0">
    <error message="Could not initialize class org.jsoup.parser.Tag" type="java.lang.NoClassDefFoundError">java.lang.NoClassDefFoundError: Could not initialize class org.jsoup.parser.Tag
	at org.jsoup.nodes.ElementTest.appendMustCorrectlyMoveChildrenInsideOneParentElement(ElementTest.java:979)
Caused by: java.lang.ExceptionInInitializerError: Exception java.lang.IllegalArgumentException: Object must not be null [in thread "main"]
	at org.jsoup.nodes.ElementTest.testHashcodeIsStableWithContentChanges(ElementTest.java:999)
</error>
  </testcase>
  <testcase name="before" classname="org.jsoup.nodes.ElementTest" time="0">
    <error message="String input must not be null" type="java.lang.IllegalArgumentException">java.lang.IllegalArgumentException: String input must not be null
	at org.jsoup.nodes.ElementTest.before(ElementTest.java:534)
</error>
  </testcase>
  <testcase name="testRemoveBeforeIndex" classname="org.jsoup.nodes.ElementTest" time="0">
    <error message="String input must not be null" type="java.lang.IllegalArgumentException">java.lang.IllegalArgumentException: String input must not be null
	at org.jsoup.nodes.ElementTest.testRemoveBeforeIndex(ElementTest.java:1236)
</error>
  </testcase>
  <testcase name="testChainedRemoveAttributes" classname="org.jsoup.nodes.ElementTest" time="0.001">
    <error message="String input must not be null" type="java.lang.IllegalArgumentException">java.lang.IllegalArgumentException: String input must not be null
	at org.jsoup.nodes.ElementTest.testChainedRemoveAttributes(ElementTest.java:1022)
</error>
  </testcase>
  <testcase name="booleanAttributeOutput" classname="org.jsoup.nodes.ElementTest" time="0">
    <error message="String input must not be null" type="java.lang.IllegalArgumentException">java.lang.IllegalArgumentException: String input must not be null
	at org.jsoup.nodes.ElementTest.booleanAttributeOutput(ElementTest.java:1316)
</error>
  </testcase>
  <testcase name="testAddNewHtml" classname="org.jsoup.nodes.ElementTest" time="0">
    <error message="String input must not be null" type="java.lang.IllegalArgumentException">java.lang.IllegalArgumentException: String input must not be null
	at org.jsoup.nodes.ElementTest.testAddNewHtml(ElementTest.java:474)
</error>
  </testcase>
  <testcase name="testAddNewText" classname="org.jsoup.nodes.ElementTest" time="0">
    <error message="String input must not be null" type="java.lang.IllegalArgumentException">java.lang.IllegalArgumentException: String input must not be null
	at org.jsoup.nodes.ElementTest.testAddNewText(ElementTest.java:447)
</error>
  </testcase>
  <testcase name="testPreviousElementSiblings" classname="org.jsoup.nodes.ElementTest" time="0">
    <error message="String input must not be null" type="java.lang.IllegalArgumentException">java.lang.IllegalArgumentException: String input must not be null
	at org.jsoup.nodes.ElementTest.testPreviousElementSiblings(ElementTest.java:1375)
</error>
  </testcase>
  <testcase name="testGetElementById" classname="org.jsoup.nodes.ElementTest" time="0">
    <error message="String input must not be null" type="java.lang.IllegalArgumentException">java.lang.IllegalArgumentException: String input must not be null
	at org.jsoup.nodes.ElementTest.testGetElementById(ElementTest.java:60)
</error>
  </testcase>
  <testcase name="testClone" classname="org.jsoup.nodes.ElementTest" time="0.001">
    <error message="String input must not be null" type="java.lang.IllegalArgumentException">java.lang.IllegalArgumentException: String input must not be null
	at org.jsoup.nodes.ElementTest.testClone(ElementTest.java:614)
</error>
  </testcase>
  <testcase name="testHtmlContainsOuter" classname="org.jsoup.nodes.ElementTest" time="0">
    <error message="String input must not be null" type="java.lang.IllegalArgumentException">java.lang.IllegalArgumentException: String input must not be null
	at org.jsoup.nodes.ElementTest.testHtmlContainsOuter(ElementTest.java:698)
</error>
  </testcase>
  <testcase name="testClassDomMethods" classname="org.jsoup.nodes.ElementTest" time="0">
    <error message="String input must not be null" type="java.lang.IllegalArgumentException">java.lang.IllegalArgumentException: String input must not be null
	at org.jsoup.nodes.ElementTest.testClassDomMethods(ElementTest.java:228)
</error>
  </testcase>
  <testcase name="testRoot" classname="org.jsoup.nodes.ElementTest" time="0">
    <error message="Could not initialize class org.jsoup.parser.Tag" type="java.lang.NoClassDefFoundError">java.lang.NoClassDefFoundError: Could not initialize class org.jsoup.parser.Tag
	at org.jsoup.nodes.ElementTest.testRoot(ElementTest.java:1429)
Caused by: java.lang.ExceptionInInitializerError: Exception java.lang.IllegalArgumentException: Object must not be null [in thread "main"]
	at org.jsoup.nodes.ElementTest.testHashcodeIsStableWithContentChanges(ElementTest.java:999)
</error>
  </testcase>
  <testcase name="testWrap" classname="org.jsoup.nodes.ElementTest" time="0">
    <error message="String input must not be null" type="java.lang.IllegalArgumentException">java.lang.IllegalArgumentException: String input must not be null
	at org.jsoup.nodes.ElementTest.testWrap(ElementTest.java:521)
</error>
  </testcase>
  <testcase name="testNamespacedElements" classname="org.jsoup.nodes.ElementTest" time="0">
    <error message="String input must not be null" type="java.lang.IllegalArgumentException">java.lang.IllegalArgumentException: String input must not be null
	at org.jsoup.nodes.ElementTest.testNamespacedElements(ElementTest.java:1013)
</error>
  </testcase>
  <testcase name="testClassNames" classname="org.jsoup.nodes.ElementTest" time="0.001">
    <error message="String input must not be null" type="java.lang.IllegalArgumentException">java.lang.IllegalArgumentException: String input must not be null
	at org.jsoup.nodes.ElementTest.testClassNames(ElementTest.java:880)
</error>
  </testcase>
  <testcase name="testElementSiblingIndex" classname="org.jsoup.nodes.ElementTest" time="0">
    <error message="String input must not be null" type="java.lang.IllegalArgumentException">java.lang.IllegalArgumentException: String input must not be null
	at org.jsoup.nodes.ElementTest.testElementSiblingIndex(ElementTest.java:167)
</error>
  </testcase>
  <testcase name="testIs" classname="org.jsoup.nodes.ElementTest" time="0">
    <error message="String input must not be null" type="java.lang.IllegalArgumentException">java.lang.IllegalArgumentException: String input must not be null
	at org.jsoup.nodes.ElementTest.testIs(ElementTest.java:1048)
</error>
  </testcase>
  <testcase name="testEmptyElementFormatHtml" classname="org.jsoup.nodes.ElementTest" time="0">
    <error message="String input must not be null" type="java.lang.IllegalArgumentException">java.lang.IllegalArgumentException: String input must not be null
	at org.jsoup.nodes.ElementTest.testEmptyElementFormatHtml(ElementTest.java:352)
</error>
  </testcase>
  <testcase name="testLoopedRemoveAttributes" classname="org.jsoup.nodes.ElementTest" time="0">
    <error message="String input must not be null" type="java.lang.IllegalArgumentException">java.lang.IllegalArgumentException: String input must not be null
	at org.jsoup.nodes.ElementTest.testLoopedRemoveAttributes(ElementTest.java:1037)
</error>
  </testcase>
  <testcase name="testShadowElementsAreUpdated" classname="org.jsoup.nodes.ElementTest" time="0">
    <error message="String input must not be null" type="java.lang.IllegalArgumentException">java.lang.IllegalArgumentException: String input must not be null
	at org.jsoup.nodes.ElementTest.testShadowElementsAreUpdated(ElementTest.java:1105)
</error>
  </testcase>
  <testcase name="testKeepsPreTextAtDepth" classname="org.jsoup.nodes.ElementTest" time="0.001">
    <error message="String input must not be null" type="java.lang.IllegalArgumentException">java.lang.IllegalArgumentException: String input must not be null
	at org.jsoup.nodes.ElementTest.testKeepsPreTextAtDepth(ElementTest.java:107)
</error>
  </testcase>
  <testcase name="testGetElementsWithAttribute" classname="org.jsoup.nodes.ElementTest" time="0">
    <error message="String input must not be null" type="java.lang.IllegalArgumentException">java.lang.IllegalArgumentException: String input must not be null
	at org.jsoup.nodes.ElementTest.testGetElementsWithAttribute(ElementTest.java:200)
</error>
  </testcase>
  <testcase name="testNoIndentOnScriptAndStyle" classname="org.jsoup.nodes.ElementTest" time="0">
    <error message="String input must not be null" type="java.lang.IllegalArgumentException">java.lang.IllegalArgumentException: String input must not be null
	at org.jsoup.nodes.ElementTest.testNoIndentOnScriptAndStyle(ElementTest.java:358)
</error>
  </testcase>
  <testcase name="testAppendRowToTable" classname="org.jsoup.nodes.ElementTest" time="0">
    <error message="String input must not be null" type="java.lang.IllegalArgumentException">java.lang.IllegalArgumentException: String input must not be null
	at org.jsoup.nodes.ElementTest.testAppendRowToTable(ElementTest.java:417)
</error>
  </testcase>
  <testcase name="testGetElementsWithClass" classname="org.jsoup.nodes.ElementTest" time="0">
    <error message="String input must not be null" type="java.lang.IllegalArgumentException">java.lang.IllegalArgumentException: String input must not be null
	at org.jsoup.nodes.ElementTest.testGetElementsWithClass(ElementTest.java:183)
</error>
  </testcase>
  <testcase name="testShallowClone" classname="org.jsoup.nodes.ElementTest" time="0">
    <error message="String input must not be null" type="java.lang.IllegalArgumentException">java.lang.IllegalArgumentException: String input must not be null
	at org.jsoup.nodes.ElementTest.testShallowClone(ElementTest.java:660)
</error>
  </testcase>
  <testcase name="testWrapWithRemainder" classname="org.jsoup.nodes.ElementTest" time="0">
    <error message="String input must not be null" type="java.lang.IllegalArgumentException">java.lang.IllegalArgumentException: String input must not be null
	at org.jsoup.nodes.ElementTest.testWrapWithRemainder(ElementTest.java:554)
</error>
  </testcase>
  <testcase name="testClearAttributes" classname="org.jsoup.nodes.ElementTest" time="0">
    <error message="Could not initialize class org.jsoup.parser.Tag" type="java.lang.NoClassDefFoundError">java.lang.NoClassDefFoundError: Could not initialize class org.jsoup.parser.Tag
	at org.jsoup.nodes.ElementTest.testClearAttributes(ElementTest.java:1408)
Caused by: java.lang.ExceptionInInitializerError: Exception java.lang.IllegalArgumentException: Object must not be null [in thread "main"]
	at org.jsoup.nodes.ElementTest.testHashcodeIsStableWithContentChanges(ElementTest.java:999)
</error>
  </testcase>
  <testcase name="testKeepsPreTextInCode" classname="org.jsoup.nodes.ElementTest" time="0">
    <error message="String input must not be null" type="java.lang.IllegalArgumentException">java.lang.IllegalArgumentException: String input must not be null
	at org.jsoup.nodes.ElementTest.testKeepsPreTextInCode(ElementTest.java:100)
</error>
  </testcase>
  <testcase name="testHasClassDomMethods" classname="org.jsoup.nodes.ElementTest" time="0">
    <error message="Could not initialize class org.jsoup.parser.Tag" type="java.lang.NoClassDefFoundError">java.lang.NoClassDefFoundError: Could not initialize class org.jsoup.parser.Tag
	at org.jsoup.nodes.ElementTest.testHasClassDomMethods(ElementTest.java:246)
Caused by: java.lang.ExceptionInInitializerError: Exception java.lang.IllegalArgumentException: Object must not be null [in thread "main"]
	at org.jsoup.nodes.ElementTest.testHashcodeIsStableWithContentChanges(ElementTest.java:999)
</error>
  </testcase>
  <testcase name="testGetParents" classname="org.jsoup.nodes.ElementTest" time="0">
    <error message="String input must not be null" type="java.lang.IllegalArgumentException">java.lang.IllegalArgumentException: String input must not be null
	at org.jsoup.nodes.ElementTest.testGetParents(ElementTest.java:155)
</error>
  </testcase>
  <testcase name="testGetText" classname="org.jsoup.nodes.ElementTest" time="0">
    <error message="String input must not be null" type="java.lang.IllegalArgumentException">java.lang.IllegalArgumentException: String input must not be null
	at org.jsoup.nodes.ElementTest.testGetText(ElementTest.java:73)
</error>
  </testcase>
  <testcase name="getElementsByTagName" classname="org.jsoup.nodes.ElementTest" time="0">
    <error message="String input must not be null" type="java.lang.IllegalArgumentException">java.lang.IllegalArgumentException: String input must not be null
	at org.jsoup.nodes.ElementTest.getElementsByTagName(ElementTest.java:31)
</error>
  </testcase>
  <testcase name="testFormatHtml" classname="org.jsoup.nodes.ElementTest" time="0.001">
    <error message="String input must not be null" type="java.lang.IllegalArgumentException">java.lang.IllegalArgumentException: String input must not be null
	at org.jsoup.nodes.ElementTest.testFormatHtml(ElementTest.java:325)
</error>
  </testcase>
  <testcase name="testGetElementsWithAttributeValue" classname="org.jsoup.nodes.ElementTest" time="0">
    <error message="String input must not be null" type="java.lang.IllegalArgumentException">java.lang.IllegalArgumentException: String input must not be null
	at org.jsoup.nodes.ElementTest.testGetElementsWithAttributeValue(ElementTest.java:218)
</error>
  </testcase>
  <testcase name="testWholeText" classname="org.jsoup.nodes.ElementTest" time="0">
    <error message="String input must not be null" type="java.lang.IllegalArgumentException">java.lang.IllegalArgumentException: String input must not be null
	at org.jsoup.nodes.ElementTest.testWholeText(ElementTest.java:122)
</error>
  </testcase>
  <testcase name="testGetElementsWithAttributeDash" classname="org.jsoup.nodes.ElementTest" time="0">
    <error message="String input must not be null" type="java.lang.IllegalArgumentException">java.lang.IllegalArgumentException: String input must not be null
	at org.jsoup.nodes.ElementTest.testGetElementsWithAttributeDash(ElementTest.java:211)
</error>
  </testcase>
  <testcase name="testManipulateTextNodes" classname="org.jsoup.nodes.ElementTest" time="0">
    <error message="String input must not be null" type="java.lang.IllegalArgumentException">java.lang.IllegalArgumentException: String input must not be null
	at org.jsoup.nodes.ElementTest.testManipulateTextNodes(ElementTest.java:717)
</error>
  </testcase>
  <testcase name="testChildThrowsIndexOutOfBoundsOnMissing" classname="org.jsoup.nodes.ElementTest" time="0">
    <error message="String input must not be null" type="java.lang.IllegalArgumentException">java.lang.IllegalArgumentException: String input must not be null
	at org.jsoup.nodes.ElementTest.testChildThrowsIndexOutOfBoundsOnMissing(ElementTest.java:759)
</error>
  </testcase>
  <testcase name="testPrependRowToTable" classname="org.jsoup.nodes.ElementTest" time="0">
    <error message="String input must not be null" type="java.lang.IllegalArgumentException">java.lang.IllegalArgumentException: String input must not be null
	at org.jsoup.nodes.ElementTest.testPrependRowToTable(ElementTest.java:425)
</error>
  </testcase>
  <testcase name="testGetTextNodes" classname="org.jsoup.nodes.ElementTest" time="0.001">
    <error message="String input must not be null" type="java.lang.IllegalArgumentException">java.lang.IllegalArgumentException: String input must not be null
	at org.jsoup.nodes.ElementTest.testGetTextNodes(ElementTest.java:705)
</error>
  </testcase>
  <testcase name="after" classname="org.jsoup.nodes.ElementTest" time="0">
    <error message="String input must not be null" type="java.lang.IllegalArgumentException">java.lang.IllegalArgumentException: String input must not be null
	at org.jsoup.nodes.ElementTest.after(ElementTest.java:544)
</error>
  </testcase>
  <testcase name="testContainerOutput" classname="org.jsoup.nodes.ElementTest" time="0">
    <error message="String input must not be null" type="java.lang.IllegalArgumentException">java.lang.IllegalArgumentException: String input must not be null
	at org.jsoup.nodes.ElementTest.testContainerOutput(ElementTest.java:363)
</error>
  </testcase>
  <testcase name="testInnerHtml" classname="org.jsoup.nodes.ElementTest" time="0">
    <error message="String input must not be null" type="java.lang.IllegalArgumentException">java.lang.IllegalArgumentException: String input must not be null
	at org.jsoup.nodes.ElementTest.testInnerHtml(ElementTest.java:320)
</error>
  </testcase>
  <testcase name="testHasText" classname="org.jsoup.nodes.ElementTest" time="0">
    <error message="String input must not be null" type="java.lang.IllegalArgumentException">java.lang.IllegalArgumentException: String input must not be null
	at org.jsoup.nodes.ElementTest.testHasText(ElementTest.java:561)
</error>
  </testcase>
  <testcase name="testRemoveAttr" classname="org.jsoup.nodes.ElementTest" time="0">
    <error message="Could not initialize class org.jsoup.parser.Tag" type="java.lang.NoClassDefFoundError">java.lang.NoClassDefFoundError: Could not initialize class org.jsoup.parser.Tag
	at org.jsoup.nodes.ElementTest.testRemoveAttr(ElementTest.java:1417)
Caused by: java.lang.ExceptionInInitializerError: Exception java.lang.IllegalArgumentException: Object must not be null [in thread "main"]
	at org.jsoup.nodes.ElementTest.testHashcodeIsStableWithContentChanges(ElementTest.java:999)
</error>
  </testcase>
  <testcase name="textHasSpaceBetweenDivAndCenterTags" classname="org.jsoup.nodes.ElementTest" time="0">
    <error message="String input must not be null" type="java.lang.IllegalArgumentException">java.lang.IllegalArgumentException: String input must not be null
	at org.jsoup.nodes.ElementTest.textHasSpaceBetweenDivAndCenterTags(ElementTest.java:1330)
</error>
  </testcase>
  <testcase name="testGetDataNodes" classname="org.jsoup.nodes.ElementTest" time="0.001">
    <error message="String input must not be null" type="java.lang.IllegalArgumentException">java.lang.IllegalArgumentException: String input must not be null
	at org.jsoup.nodes.ElementTest.testGetDataNodes(ElementTest.java:730)
</error>
  </testcase>
  <testcase name="testCssPath" classname="org.jsoup.nodes.ElementTest" time="0">
    <error message="String input must not be null" type="java.lang.IllegalArgumentException">java.lang.IllegalArgumentException: String input must not be null
	at org.jsoup.nodes.ElementTest.testCssPath(ElementTest.java:864)
</error>
  </testcase>
  <testcase name="testSetHtmlTitle" classname="org.jsoup.nodes.ElementTest" time="0">
    <error message="String input must not be null" type="java.lang.IllegalArgumentException">java.lang.IllegalArgumentException: String input must not be null
	at org.jsoup.nodes.ElementTest.testSetHtmlTitle(ElementTest.java:507)
</error>
  </testcase>
  <testcase name="testChildrenElements" classname="org.jsoup.nodes.ElementTest" time="0">
    <error message="String input must not be null" type="java.lang.IllegalArgumentException">java.lang.IllegalArgumentException: String input must not be null
	at org.jsoup.nodes.ElementTest.testChildrenElements(ElementTest.java:1076)
</error>
  </testcase>
  <testcase name="moveByAppend" classname="org.jsoup.nodes.ElementTest" time="0">
    <error message="String input must not be null" type="java.lang.IllegalArgumentException">java.lang.IllegalArgumentException: String input must not be null
	at org.jsoup.nodes.ElementTest.moveByAppend(ElementTest.java:775)
</error>
  </testcase>
  <testcase name="testNormalisesText" classname="org.jsoup.nodes.ElementTest" time="0">
    <error message="String input must not be null" type="java.lang.IllegalArgumentException">java.lang.IllegalArgumentException: String input must not be null
	at org.jsoup.nodes.ElementTest.testNormalisesText(ElementTest.java:87)
</error>
  </testcase>
  <testcase name="testClassUpdates" classname="org.jsoup.nodes.ElementTest" time="0">
    <error message="String input must not be null" type="java.lang.IllegalArgumentException">java.lang.IllegalArgumentException: String input must not be null
	at org.jsoup.nodes.ElementTest.testClassUpdates(ElementTest.java:301)
</error>
  </testcase>
  <testcase name="testAddNewElement" classname="org.jsoup.nodes.ElementTest" time="0.001">
    <error message="String input must not be null" type="java.lang.IllegalArgumentException">java.lang.IllegalArgumentException: String input must not be null
	at org.jsoup.nodes.ElementTest.testAddNewElement(ElementTest.java:381)
</error>
  </testcase>
  <testcase name="testHashAndEqualsAndValue" classname="org.jsoup.nodes.ElementTest" time="0">
    <error message="String input must not be null" type="java.lang.IllegalArgumentException">java.lang.IllegalArgumentException: String input must not be null
	at org.jsoup.nodes.ElementTest.testHashAndEqualsAndValue(ElementTest.java:921)
</error>
  </testcase>
  <testcase name="testElementSiblingIndexSameContent" classname="org.jsoup.nodes.ElementTest" time="0">
    <error message="String input must not be null" type="java.lang.IllegalArgumentException">java.lang.IllegalArgumentException: String input must not be null
	at org.jsoup.nodes.ElementTest.testElementSiblingIndexSameContent(ElementTest.java:175)
</error>
  </testcase>
  <testcase name="testGetChildText" classname="org.jsoup.nodes.ElementTest" time="0">
    <error message="String input must not be null" type="java.lang.IllegalArgumentException">java.lang.IllegalArgumentException: String input must not be null
	at org.jsoup.nodes.ElementTest.testGetChildText(ElementTest.java:79)
</error>
  </testcase>
  <testcase name="testRelativeUrls" classname="org.jsoup.nodes.ElementTest" time="0">
    <error message="String input must not be null" type="java.lang.IllegalArgumentException">java.lang.IllegalArgumentException: String input must not be null
	at org.jsoup.nodes.ElementTest.testRelativeUrls(ElementTest.java:967)
</error>
  </testcase>
  <testcase name="testSetIndent" classname="org.jsoup.nodes.ElementTest" time="0">
    <error message="String input must not be null" type="java.lang.IllegalArgumentException">java.lang.IllegalArgumentException: String input must not be null
	at org.jsoup.nodes.ElementTest.testSetIndent(ElementTest.java:336)
</error>
  </testcase>
  <testcase name="testThrowsOnAddNullText" classname="org.jsoup.nodes.ElementTest" time="0"/>
  <testcase name="testGetSiblingsWithDuplicateContent" classname="org.jsoup.nodes.ElementTest" time="0">
    <error message="String input must not be null" type="java.lang.IllegalArgumentException">java.lang.IllegalArgumentException: String input must not be null
	at org.jsoup.nodes.ElementTest.testGetSiblingsWithDuplicateContent(ElementTest.java:143)
</error>
  </testcase>
  <testcase name="testNormalizesInvisiblesInText" classname="org.jsoup.nodes.ElementTest" time="0">
    <error message="String input must not be null" type="java.lang.IllegalArgumentException">java.lang.IllegalArgumentException: String input must not be null
	at org.jsoup.nodes.ElementTest.testNormalizesInvisiblesInText(ElementTest.java:1221)
</error>
  </testcase>
  <testcase name="insertChildrenAsCopy" classname="org.jsoup.nodes.ElementTest" time="0">
    <error message="String input must not be null" type="java.lang.IllegalArgumentException">java.lang.IllegalArgumentException: String input must not be null
	at org.jsoup.nodes.ElementTest.insertChildrenAsCopy(ElementTest.java:849)
</error>
  </testcase>
  <testcase name="testTagNameSet" classname="org.jsoup.nodes.ElementTest" time="0">
    <error message="String input must not be null" type="java.lang.IllegalArgumentException">java.lang.IllegalArgumentException: String input must not be null
	at org.jsoup.nodes.ElementTest.testTagNameSet(ElementTest.java:690)
</error>
  </testcase>
  <testcase name="dataset" classname="org.jsoup.nodes.ElementTest" time="0">
    <error message="String input must not be null" type="java.lang.IllegalArgumentException">java.lang.IllegalArgumentException: String input must not be null
	at org.jsoup.nodes.ElementTest.dataset(ElementTest.java:571)
</error>
  </testcase>
  <testcase name="testPrependText" classname="org.jsoup.nodes.ElementTest" time="0">
    <error message="String input must not be null" type="java.lang.IllegalArgumentException">java.lang.IllegalArgumentException: String input must not be null
	at org.jsoup.nodes.ElementTest.testPrependText(ElementTest.java:454)
</error>
  </testcase>
  <testcase name="testNormalizesNbspInText" classname="org.jsoup.nodes.ElementTest" time="0">
    <error message="String input must not be null" type="java.lang.IllegalArgumentException">java.lang.IllegalArgumentException: String input must not be null
	at org.jsoup.nodes.ElementTest.testNormalizesNbspInText(ElementTest.java:1203)
</error>
  </testcase>
  <testcase name="testRemoveAfterIndex" classname="org.jsoup.nodes.ElementTest" time="0.001">
    <error message="String input must not be null" type="java.lang.IllegalArgumentException">java.lang.IllegalArgumentException: String input must not be null
	at org.jsoup.nodes.ElementTest.testRemoveAfterIndex(ElementTest.java:1253)
</error>
  </testcase>
  <testcase name="testThrowsOnPrependNullText" classname="org.jsoup.nodes.ElementTest" time="0"/>
  <testcase name="testGetSiblings" classname="org.jsoup.nodes.ElementTest" time="0">
    <error message="String input must not be null" type="java.lang.IllegalArgumentException">java.lang.IllegalArgumentException: String input must not be null
	at org.jsoup.nodes.ElementTest.testGetSiblings(ElementTest.java:133)
</error>
  </testcase>
  <testcase name="testSetHtml" classname="org.jsoup.nodes.ElementTest" time="0">
    <error message="String input must not be null" type="java.lang.IllegalArgumentException">java.lang.IllegalArgumentException: String input must not be null
	at org.jsoup.nodes.ElementTest.testSetHtml(ElementTest.java:500)
</error>
  </testcase>
  <testcase name="testSetText" classname="org.jsoup.nodes.ElementTest" time="0">
    <error message="String input must not be null" type="java.lang.IllegalArgumentException">java.lang.IllegalArgumentException: String input must not be null
	at org.jsoup.nodes.ElementTest.testSetText(ElementTest.java:371)
</error>
  </testcase>
  <testcase name="testNextElementSiblings" classname="org.jsoup.nodes.ElementTest" time="0">
    <error message="String input must not be null" type="java.lang.IllegalArgumentException">java.lang.IllegalArgumentException: String input must not be null
	at org.jsoup.nodes.ElementTest.testNextElementSiblings(ElementTest.java:1336)
</error>
  </testcase>
  <testcase name="testAddBooleanAttribute" classname="org.jsoup.nodes.ElementTest" time="0">
    <error message="Could not initialize class org.jsoup.parser.Tag" type="java.lang.NoClassDefFoundError">java.lang.NoClassDefFoundError: Could not initialize class org.jsoup.parser.Tag
	at org.jsoup.nodes.ElementTest.testAddBooleanAttribute(ElementTest.java:397)
Caused by: java.lang.ExceptionInInitializerError: Exception java.lang.IllegalArgumentException: Object must not be null [in thread "main"]
	at org.jsoup.nodes.ElementTest.testHashcodeIsStableWithContentChanges(ElementTest.java:999)
</error>
  </testcase>
  <testcase name="textHasSpaceAfterBlockTags" classname="org.jsoup.nodes.ElementTest" time="0.001">
    <error message="String input must not be null" type="java.lang.IllegalArgumentException">java.lang.IllegalArgumentException: String input must not be null
	at org.jsoup.nodes.ElementTest.textHasSpaceAfterBlockTags(ElementTest.java:1324)
</error>
  </testcase>
  <testcase name="whiteSpaceClassElement" classname="org.jsoup.nodes.ElementTest" time="0">
    <error message="Could not initialize class org.jsoup.parser.Tag" type="java.lang.NoClassDefFoundError">java.lang.NoClassDefFoundError: Could not initialize class org.jsoup.parser.Tag
	at org.jsoup.nodes.ElementTest.whiteSpaceClassElement(ElementTest.java:1270)
Caused by: java.lang.ExceptionInInitializerError: Exception java.lang.IllegalArgumentException: Object must not be null [in thread "main"]
	at org.jsoup.nodes.ElementTest.testHashcodeIsStableWithContentChanges(ElementTest.java:999)
</error>
  </testcase>
  <testcase name="classNamesAndAttributeNameIsCaseInsensitive" classname="org.jsoup.nodes.ElementTest" time="0">
    <error message="String input must not be null" type="java.lang.IllegalArgumentException">java.lang.IllegalArgumentException: String input must not be null
	at org.jsoup.nodes.ElementTest.classNamesAndAttributeNameIsCaseInsensitive(ElementTest.java:1146)
</error>
  </testcase>
  <testcase name="testPrependNewHtml" classname="org.jsoup.nodes.ElementTest" time="0">
    <error message="String input must not be null" type="java.lang.IllegalArgumentException">java.lang.IllegalArgumentException: String input must not be null
	at org.jsoup.nodes.ElementTest.testPrependNewHtml(ElementTest.java:487)
</error>
  </testcase>
  <testcase name="testRemovingEmptyClassAttributeWhenLastClassRemoved" classname="org.jsoup.nodes.ElementTest" time="0">
    <error message="String input must not be null" type="java.lang.IllegalArgumentException">java.lang.IllegalArgumentException: String input must not be null
	at org.jsoup.nodes.ElementTest.testRemovingEmptyClassAttributeWhenLastClassRemoved(ElementTest.java:1307)
</error>
  </testcase>
  <testcase name="testBrHasSpace" classname="org.jsoup.nodes.ElementTest" time="0">
    <error message="String input must not be null" type="java.lang.IllegalArgumentException">java.lang.IllegalArgumentException: String input must not be null
	at org.jsoup.nodes.ElementTest.testBrHasSpace(ElementTest.java:113)
</error>
  </testcase>
  <testcase name="testKeepsPreText" classname="org.jsoup.nodes.ElementTest" time="0">
    <error message="String input must not be null" type="java.lang.IllegalArgumentException">java.lang.IllegalArgumentException: String input must not be null
	at org.jsoup.nodes.ElementTest.testKeepsPreText(ElementTest.java:94)
</error>
  </testcase>
  <testcase name="testNotPretty" classname="org.jsoup.nodes.ElementTest" time="0">
    <error message="String input must not be null" type="java.lang.IllegalArgumentException">java.lang.IllegalArgumentException: String input must not be null
	at org.jsoup.nodes.ElementTest.testNotPretty(ElementTest.java:342)
</error>
  </testcase>
  <testcase name="testNextElementSiblingAfterClone" classname="org.jsoup.nodes.ElementTest" time="0.001">
    <error message="String input must not be null" type="java.lang.IllegalArgumentException">java.lang.IllegalArgumentException: String input must not be null
	at org.jsoup.nodes.ElementTest.testNextElementSiblingAfterClone(ElementTest.java:1286)
</error>
  </testcase>
  <testcase name="testAppendTo" classname="org.jsoup.nodes.ElementTest" time="0">
    <error message="String input must not be null" type="java.lang.IllegalArgumentException">java.lang.IllegalArgumentException: String input must not be null
	at org.jsoup.nodes.ElementTest.testAppendTo(ElementTest.java:1184)
</error>
  </testcase>
  <testcase name="getNamespacedElementsByTag" classname="org.jsoup.nodes.ElementTest" time="0">
    <error message="String input must not be null" type="java.lang.IllegalArgumentException">java.lang.IllegalArgumentException: String input must not be null
	at org.jsoup.nodes.ElementTest.getNamespacedElementsByTag(ElementTest.java:52)
</error>
  </testcase>
  <testcase name="testTraverse" classname="org.jsoup.nodes.ElementTest" time="0">
    <error message="String input must not be null" type="java.lang.IllegalArgumentException">java.lang.IllegalArgumentException: String input must not be null
	at org.jsoup.nodes.ElementTest.testTraverse(ElementTest.java:1445)
</error>
  </testcase>
  <testcase name="insertChildrenAtPosition" classname="org.jsoup.nodes.ElementTest" time="0">
    <error message="String input must not be null" type="java.lang.IllegalArgumentException">java.lang.IllegalArgumentException: String input must not be null
	at org.jsoup.nodes.ElementTest.insertChildrenAtPosition(ElementTest.java:819)
</error>
  </testcase>
  <testcase name="elementIsNotASiblingOfItself" classname="org.jsoup.nodes.ElementTest" time="0">
    <error message="String input must not be null" type="java.lang.IllegalArgumentException">java.lang.IllegalArgumentException: String input must not be null
	at org.jsoup.nodes.ElementTest.elementIsNotASiblingOfItself(ElementTest.java:748)
</error>
  </testcase>
</testsuite>