<?xml version="1.0" encoding="UTF-8"?>
<testsuite xmlns:xsi="http://www.w3.org/2001/XMLSchema-instance" xsi:schemaLocation="https://maven.apache.org/surefire/maven-surefire-plugin/xsd/surefire-test-report.xsd" name="org.jsoup.safety.CleanerTest" time="0.001" tests="34" errors="33" skipped="0" failures="0">
  <properties>
    <property name="java.runtime.name" value="Java(TM) SE Runtime Environment"/>
    <property name="java.vm.version" value="19.0.2+7-44"/>
    <property name="sun.boot.library.path" value="/Library/Java/JavaVirtualMachines/jdk-19.jdk/Contents/Home/lib"/>
    <property name="maven.multiModuleProjectDirectory" value="/Users/aparna/Desktop/527FINAL/Mid-termProject/jsoup"/>
    <property name="java.vm.vendor" value="Oracle Corporation"/>
    <property name="java.vendor.url" value="https://java.oracle.com/"/>
    <property name="guice.disable.misplaced.annotation.check" value="true"/>
    <property name="path.separator" value=":"/>
    <property name="java.vm.name" value="Java HotSpot(TM) 64-Bit Server VM"/>
    <property name="user.country" value="US"/>
    <property name="sun.java.launcher" value="SUN_STANDARD"/>
    <property name="java.vm.specification.name" value="Java Virtual Machine Specification"/>
    <property name="user.dir" value="/Users/aparna/Desktop/527FINAL/Mid-termProject/jsoup"/>
    <property name="java.vm.compressedOopsMode" value="Zero based"/>
    <property name="java.runtime.version" value="19.0.2+7-44"/>
    <property name="os.arch" value="aarch64"/>
    <property name="java.io.tmpdir" value="/var/folders/14/md054r_x3nbfh55f96clkh280000gn/T/"/>
    <property name="line.separator" value="&#10;"/>
    <property name="java.vm.specification.vendor" value="Oracle Corporation"/>
    <property name="stderr.encoding" value="UTF-8"/>
    <property name="os.name" value="Mac OS X"/>
    <property name="classworlds.conf" value="/opt/homebrew/Cellar/maven/3.8.7/libexec/bin/m2.conf"/>
    <property name="sun.jnu.encoding" value="UTF-8"/>
    <property name="stdout.encoding" value="UTF-8"/>
    <property name="java.library.path" value="/Users/aparna/Library/Java/Extensions:/Library/Java/Extensions:/Network/Library/Java/Extensions:/System/Library/Java/Extensions:/usr/lib/java:."/>
    <property name="maven.conf" value="/opt/homebrew/Cellar/maven/3.8.7/libexec/conf"/>
    <property name="jdk.debug" value="release"/>
    <property name="java.class.version" value="63.0"/>
    <property name="java.specification.name" value="Java Platform API Specification"/>
    <property name="sun.management.compiler" value="HotSpot 64-Bit Tiered Compilers"/>
    <property name="os.version" value="13.1"/>
    <property name="library.jansi.path" value="/opt/homebrew/Cellar/maven/3.8.7/libexec/lib/jansi-native"/>
    <property name="user.home" value="/Users/aparna"/>
    <property name="user.timezone" value="America/Chicago"/>
    <property name="file.encoding" value="UTF-8"/>
    <property name="java.specification.version" value="19"/>
    <property name="user.name" value="aparna"/>
    <property name="java.class.path" value="/opt/homebrew/Cellar/maven/3.8.7/libexec/boot/plexus-classworlds-2.6.0.jar"/>
    <property name="java.vm.specification.version" value="19"/>
    <property name="sun.arch.data.model" value="64"/>
    <property name="sun.java.command" value="org.codehaus.plexus.classworlds.launcher.Launcher surefire:test"/>
    <property name="java.home" value="/Library/Java/JavaVirtualMachines/jdk-19.jdk/Contents/Home"/>
    <property name="apple.awt.application.name" value="Launcher"/>
    <property name="user.language" value="en"/>
    <property name="java.specification.vendor" value="Oracle Corporation"/>
    <property name="java.vm.info" value="mixed mode, sharing"/>
    <property name="java.version" value="19.0.2"/>
    <property name="native.encoding" value="UTF-8"/>
    <property name="java.vendor" value="Oracle Corporation"/>
    <property name="maven.home" value="/opt/homebrew/Cellar/maven/3.8.7/libexec"/>
    <property name="file.separator" value="/"/>
    <property name="java.version.date" value="2023-01-17"/>
    <property name="java.vendor.url.bug" value="https://bugreport.java.com/bugreport/"/>
    <property name="sun.io.unicode.encoding" value="UnicodeBig"/>
    <property name="sun.cpu.endian" value="little"/>
  </properties>
  <testcase name="testHandlesEmptyAttributes" classname="org.jsoup.safety.CleanerTest" time="0">
    <error message="Object must not be null" type="java.lang.IllegalArgumentException">java.lang.IllegalArgumentException: Object must not be null
	at org.jsoup.safety.CleanerTest.testHandlesEmptyAttributes(CleanerTest.java:156)
</error>
  </testcase>
  <testcase name="basicBehaviourTest" classname="org.jsoup.safety.CleanerTest" time="0">
    <error message="Object must not be null" type="java.lang.IllegalArgumentException">java.lang.IllegalArgumentException: Object must not be null
	at org.jsoup.safety.CleanerTest.basicBehaviourTest(CleanerTest.java:37)
</error>
  </testcase>
  <testcase name="handlesCustomProtocols" classname="org.jsoup.safety.CleanerTest" time="0">
    <error message="Object must not be null" type="java.lang.IllegalArgumentException">java.lang.IllegalArgumentException: Object must not be null
	at org.jsoup.safety.CleanerTest.handlesCustomProtocols(CleanerTest.java:214)
</error>
  </testcase>
  <testcase name="testIsValidBodyHtml" classname="org.jsoup.safety.CleanerTest" time="0">
    <error message="Object must not be null" type="java.lang.IllegalArgumentException">java.lang.IllegalArgumentException: Object must not be null
	at org.jsoup.safety.CleanerTest.testIsValidBodyHtml(CleanerTest.java:170)
</error>
  </testcase>
  <testcase name="handlesNoHrefAttribute" classname="org.jsoup.safety.CleanerTest" time="0">
    <error message="Object must not be null" type="java.lang.IllegalArgumentException">java.lang.IllegalArgumentException: Object must not be null
	at org.jsoup.safety.CleanerTest.handlesNoHrefAttribute(CleanerTest.java:311)
</error>
  </testcase>
  <testcase name="preservesRelativeLinksIfConfigured" classname="org.jsoup.safety.CleanerTest" time="0">
    <error message="Object must not be null" type="java.lang.IllegalArgumentException">java.lang.IllegalArgumentException: Object must not be null
	at org.jsoup.safety.CleanerTest.preservesRelativeLinksIfConfigured(CleanerTest.java:202)
</error>
  </testcase>
  <testcase name="testCleanAnchorProtocol" classname="org.jsoup.safety.CleanerTest" time="0">
    <error message="Object must not be null" type="java.lang.IllegalArgumentException">java.lang.IllegalArgumentException: Object must not be null
	at org.jsoup.safety.CleanerTest.testCleanAnchorProtocol(CleanerTest.java:131)
</error>
  </testcase>
  <testcase name="bailsIfRemovingProtocolThatsNotSet" classname="org.jsoup.safety.CleanerTest" time="0"/>
  <testcase name="testDropScript" classname="org.jsoup.safety.CleanerTest" time="0">
    <error message="Object must not be null" type="java.lang.IllegalArgumentException">java.lang.IllegalArgumentException: Object must not be null
	at org.jsoup.safety.CleanerTest.testDropScript(CleanerTest.java:110)
</error>
  </testcase>
  <testcase name="testRemoveTags" classname="org.jsoup.safety.CleanerTest" time="0">
    <error message="Object must not be null" type="java.lang.IllegalArgumentException">java.lang.IllegalArgumentException: Object must not be null
	at org.jsoup.safety.CleanerTest.testRemoveTags(CleanerTest.java:57)
</error>
  </testcase>
  <testcase name="testRemoveAttributes" classname="org.jsoup.safety.CleanerTest" time="0">
    <error message="Object must not be null" type="java.lang.IllegalArgumentException">java.lang.IllegalArgumentException: Object must not be null
	at org.jsoup.safety.CleanerTest.testRemoveAttributes(CleanerTest.java:64)
</error>
  </testcase>
  <testcase name="testRemoveEnforcedAttributes" classname="org.jsoup.safety.CleanerTest" time="0">
    <error message="Object must not be null" type="java.lang.IllegalArgumentException">java.lang.IllegalArgumentException: Object must not be null
	at org.jsoup.safety.CleanerTest.testRemoveEnforcedAttributes(CleanerTest.java:71)
</error>
  </testcase>
  <testcase name="testRelaxed" classname="org.jsoup.safety.CleanerTest" time="0">
    <error message="Object must not be null" type="java.lang.IllegalArgumentException">java.lang.IllegalArgumentException: Object must not be null
	at org.jsoup.safety.CleanerTest.testRelaxed(CleanerTest.java:51)
</error>
  </testcase>
  <testcase name="resolvesRelativeLinks" classname="org.jsoup.safety.CleanerTest" time="0">
    <error message="Object must not be null" type="java.lang.IllegalArgumentException">java.lang.IllegalArgumentException: Object must not be null
	at org.jsoup.safety.CleanerTest.resolvesRelativeLinks(CleanerTest.java:196)
</error>
  </testcase>
  <testcase name="testDropComments" classname="org.jsoup.safety.CleanerTest" time="0">
    <error message="Object must not be null" type="java.lang.IllegalArgumentException">java.lang.IllegalArgumentException: Object must not be null
	at org.jsoup.safety.CleanerTest.testDropComments(CleanerTest.java:98)
</error>
  </testcase>
  <testcase name="handlesFramesets" classname="org.jsoup.safety.CleanerTest" time="0">
    <error message="Object must not be null" type="java.lang.IllegalArgumentException">java.lang.IllegalArgumentException: Object must not be null
	at org.jsoup.safety.CleanerTest.handlesFramesets(CleanerTest.java:266)
</error>
  </testcase>
  <testcase name="handlesControlCharactersAfterTagName" classname="org.jsoup.safety.CleanerTest" time="0">
    <error message="Object must not be null" type="java.lang.IllegalArgumentException">java.lang.IllegalArgumentException: Object must not be null
	at org.jsoup.safety.CleanerTest.handlesControlCharactersAfterTagName(CleanerTest.java:298)
</error>
  </testcase>
  <testcase name="simpleBehaviourTest2" classname="org.jsoup.safety.CleanerTest" time="0">
    <error message="Object must not be null" type="java.lang.IllegalArgumentException">java.lang.IllegalArgumentException: Object must not be null
	at org.jsoup.safety.CleanerTest.simpleBehaviourTest2(CleanerTest.java:30)
</error>
  </testcase>
  <testcase name="testRemoveProtocols" classname="org.jsoup.safety.CleanerTest" time="0">
    <error message="Object must not be null" type="java.lang.IllegalArgumentException">java.lang.IllegalArgumentException: Object must not be null
	at org.jsoup.safety.CleanerTest.testRemoveProtocols(CleanerTest.java:79)
</error>
  </testcase>
  <testcase name="testDropImageScript" classname="org.jsoup.safety.CleanerTest" time="0">
    <error message="Object must not be null" type="java.lang.IllegalArgumentException">java.lang.IllegalArgumentException: Object must not be null
	at org.jsoup.safety.CleanerTest.testDropImageScript(CleanerTest.java:116)
</error>
  </testcase>
  <testcase name="simpleBehaviourTest" classname="org.jsoup.safety.CleanerTest" time="0">
    <error message="Object must not be null" type="java.lang.IllegalArgumentException">java.lang.IllegalArgumentException: Object must not be null
	at org.jsoup.safety.CleanerTest.simpleBehaviourTest(CleanerTest.java:23)
</error>
  </testcase>
  <testcase name="handlesAttributesWithNoValue" classname="org.jsoup.safety.CleanerTest" time="0">
    <error message="Object must not be null" type="java.lang.IllegalArgumentException">java.lang.IllegalArgumentException: Object must not be null
	at org.jsoup.safety.CleanerTest.handlesAttributesWithNoValue(CleanerTest.java:304)
</error>
  </testcase>
  <testcase name="dropsUnresolvableRelativeLinks" classname="org.jsoup.safety.CleanerTest" time="0">
    <error message="Object must not be null" type="java.lang.IllegalArgumentException">java.lang.IllegalArgumentException: Object must not be null
	at org.jsoup.safety.CleanerTest.dropsUnresolvableRelativeLinks(CleanerTest.java:208)
</error>
  </testcase>
  <testcase name="testScriptTagInWhiteList" classname="org.jsoup.safety.CleanerTest" time="0">
    <error message="Object must not be null" type="java.lang.IllegalArgumentException">java.lang.IllegalArgumentException: Object must not be null
	at org.jsoup.safety.CleanerTest.testScriptTagInWhiteList(CleanerTest.java:281)
</error>
  </testcase>
  <testcase name="addsTagOnAttributesIfNotSet" classname="org.jsoup.safety.CleanerTest" time="0">
    <error message="String must not be empty" type="java.lang.IllegalArgumentException">java.lang.IllegalArgumentException: String must not be empty
	at org.jsoup.safety.CleanerTest.addsTagOnAttributesIfNotSet(CleanerTest.java:235)
</error>
  </testcase>
  <testcase name="testDropsUnknownTags" classname="org.jsoup.safety.CleanerTest" time="0">
    <error message="Object must not be null" type="java.lang.IllegalArgumentException">java.lang.IllegalArgumentException: Object must not be null
	at org.jsoup.safety.CleanerTest.testDropsUnknownTags(CleanerTest.java:150)
</error>
  </testcase>
  <testcase name="testCleanJavascriptHref" classname="org.jsoup.safety.CleanerTest" time="0">
    <error message="Object must not be null" type="java.lang.IllegalArgumentException">java.lang.IllegalArgumentException: Object must not be null
	at org.jsoup.safety.CleanerTest.testCleanJavascriptHref(CleanerTest.java:122)
</error>
  </testcase>
  <testcase name="basicWithImagesTest" classname="org.jsoup.safety.CleanerTest" time="0">
    <error message="Object must not be null" type="java.lang.IllegalArgumentException">java.lang.IllegalArgumentException: Object must not be null
	at org.jsoup.safety.CleanerTest.basicWithImagesTest(CleanerTest.java:45)
</error>
  </testcase>
  <testcase name="whitelistedProtocolShouldBeRetained" classname="org.jsoup.safety.CleanerTest" time="0">
    <error message="Object must not be null" type="java.lang.IllegalArgumentException">java.lang.IllegalArgumentException: Object must not be null
	at org.jsoup.safety.CleanerTest.whitelistedProtocolShouldBeRetained(CleanerTest.java:87)
</error>
  </testcase>
  <testcase name="testDropXmlProc" classname="org.jsoup.safety.CleanerTest" time="0">
    <error message="Object must not be null" type="java.lang.IllegalArgumentException">java.lang.IllegalArgumentException: Object must not be null
	at org.jsoup.safety.CleanerTest.testDropXmlProc(CleanerTest.java:104)
</error>
  </testcase>
  <testcase name="testIsValidDocument" classname="org.jsoup.safety.CleanerTest" time="0">
    <error message="Object must not be null" type="java.lang.IllegalArgumentException">java.lang.IllegalArgumentException: Object must not be null
	at org.jsoup.safety.CleanerTest.testIsValidDocument(CleanerTest.java:186)
</error>
  </testcase>
  <testcase name="handlesAllPseudoTag" classname="org.jsoup.safety.CleanerTest" time="0">
    <error message="String must not be empty" type="java.lang.IllegalArgumentException">java.lang.IllegalArgumentException: String must not be empty
	at org.jsoup.safety.CleanerTest.handlesAllPseudoTag(CleanerTest.java:224)
</error>
  </testcase>
  <testcase name="supplyOutputSettings" classname="org.jsoup.safety.CleanerTest" time="0">
    <error message="Could not initialize class org.jsoup.nodes.Entities$EscapeMode" type="java.lang.NoClassDefFoundError">java.lang.NoClassDefFoundError: Could not initialize class org.jsoup.nodes.Entities$EscapeMode
	at org.jsoup.safety.CleanerTest.supplyOutputSettings(CleanerTest.java:243)
Caused by: java.lang.ExceptionInInitializerError: Exception java.lang.IllegalArgumentException: Object must not be null [in thread "main"]
</error>
  </testcase>
  <testcase name="cleansInternationalText" classname="org.jsoup.safety.CleanerTest" time="0">
    <error message="Object must not be null" type="java.lang.IllegalArgumentException">java.lang.IllegalArgumentException: Object must not be null
	at org.jsoup.safety.CleanerTest.cleansInternationalText(CleanerTest.java:276)
</error>
  </testcase>
</testsuite>