<?xml version="1.0" encoding="UTF-8"?>
<testsuite xmlns:xsi="http://www.w3.org/2001/XMLSchema-instance" xsi:schemaLocation="https://maven.apache.org/surefire/maven-surefire-plugin/xsd/surefire-test-report.xsd" name="org.jsoup.nodes.DocumentTest" time="0.001" tests="28" errors="28" skipped="0" failures="0">
  <properties>
    <property name="java.runtime.name" value="Java(TM) SE Runtime Environment"/>
    <property name="java.vm.version" value="19.0.2+7-44"/>
    <property name="sun.boot.library.path" value="/Library/Java/JavaVirtualMachines/jdk-19.jdk/Contents/Home/lib"/>
    <property name="maven.multiModuleProjectDirectory" value="/Users/aparna/Desktop/527FINAL/Mid-termProject/jsoup"/>
    <property name="java.vm.vendor" value="Oracle Corporation"/>
    <property name="java.vendor.url" value="https://java.oracle.com/"/>
    <property name="guice.disable.misplaced.annotation.check" value="true"/>
    <property name="path.separator" value=":"/>
    <property name="java.vm.name" value="Java HotSpot(TM) 64-Bit Server VM"/>
    <property name="user.country" value="US"/>
    <property name="sun.java.launcher" value="SUN_STANDARD"/>
    <property name="java.vm.specification.name" value="Java Virtual Machine Specification"/>
    <property name="user.dir" value="/Users/aparna/Desktop/527FINAL/Mid-termProject/jsoup"/>
    <property name="java.vm.compressedOopsMode" value="Zero based"/>
    <property name="java.runtime.version" value="19.0.2+7-44"/>
    <property name="os.arch" value="aarch64"/>
    <property name="java.io.tmpdir" value="/var/folders/14/md054r_x3nbfh55f96clkh280000gn/T/"/>
    <property name="line.separator" value="&#10;"/>
    <property name="java.vm.specification.vendor" value="Oracle Corporation"/>
    <property name="stderr.encoding" value="UTF-8"/>
    <property name="os.name" value="Mac OS X"/>
    <property name="classworlds.conf" value="/opt/homebrew/Cellar/maven/3.8.7/libexec/bin/m2.conf"/>
    <property name="sun.jnu.encoding" value="UTF-8"/>
    <property name="stdout.encoding" value="UTF-8"/>
    <property name="java.library.path" value="/Users/aparna/Library/Java/Extensions:/Library/Java/Extensions:/Network/Library/Java/Extensions:/System/Library/Java/Extensions:/usr/lib/java:."/>
    <property name="maven.conf" value="/opt/homebrew/Cellar/maven/3.8.7/libexec/conf"/>
    <property name="jdk.debug" value="release"/>
    <property name="java.class.version" value="63.0"/>
    <property name="java.specification.name" value="Java Platform API Specification"/>
    <property name="sun.management.compiler" value="HotSpot 64-Bit Tiered Compilers"/>
    <property name="os.version" value="13.1"/>
    <property name="library.jansi.path" value="/opt/homebrew/Cellar/maven/3.8.7/libexec/lib/jansi-native"/>
    <property name="user.home" value="/Users/aparna"/>
    <property name="user.timezone" value="America/Chicago"/>
    <property name="file.encoding" value="UTF-8"/>
    <property name="java.specification.version" value="19"/>
    <property name="user.name" value="aparna"/>
    <property name="java.class.path" value="/opt/homebrew/Cellar/maven/3.8.7/libexec/boot/plexus-classworlds-2.6.0.jar"/>
    <property name="java.vm.specification.version" value="19"/>
    <property name="sun.arch.data.model" value="64"/>
    <property name="sun.java.command" value="org.codehaus.plexus.classworlds.launcher.Launcher surefire:test"/>
    <property name="java.home" value="/Library/Java/JavaVirtualMachines/jdk-19.jdk/Contents/Home"/>
    <property name="apple.awt.application.name" value="Launcher"/>
    <property name="user.language" value="en"/>
    <property name="java.specification.vendor" value="Oracle Corporation"/>
    <property name="java.vm.info" value="mixed mode, sharing"/>
    <property name="java.version" value="19.0.2"/>
    <property name="native.encoding" value="UTF-8"/>
    <property name="java.vendor" value="Oracle Corporation"/>
    <property name="maven.home" value="/opt/homebrew/Cellar/maven/3.8.7/libexec"/>
    <property name="file.separator" value="/"/>
    <property name="java.version.date" value="2023-01-17"/>
    <property name="java.vendor.url.bug" value="https://bugreport.java.com/bugreport/"/>
    <property name="sun.io.unicode.encoding" value="UnicodeBig"/>
    <property name="sun.cpu.endian" value="little"/>
  </properties>
  <testcase name="testOutputEncoding" classname="org.jsoup.nodes.DocumentTest" time="0">
    <error message="String input must not be null" type="java.lang.IllegalArgumentException">java.lang.IllegalArgumentException: String input must not be null
	at org.jsoup.nodes.DocumentTest.testOutputEncoding(DocumentTest.java:62)
</error>
  </testcase>
  <testcase name="testMetaCharsetUpdateDisabledNoChanges" classname="org.jsoup.nodes.DocumentTest" time="0">
    <error message="Object must not be null" type="java.lang.IllegalArgumentException">java.lang.IllegalArgumentException: Object must not be null
	at org.jsoup.nodes.DocumentTest.createHtmlDocument(DocumentTest.java:395)
	at org.jsoup.nodes.DocumentTest.testMetaCharsetUpdateDisabledNoChanges(DocumentTest.java:265)
</error>
  </testcase>
  <testcase name="testHtmlAppendable" classname="org.jsoup.nodes.DocumentTest" time="0">
    <error message="String input must not be null" type="java.lang.IllegalArgumentException">java.lang.IllegalArgumentException: String input must not be null
	at org.jsoup.nodes.DocumentTest.testHtmlAppendable(DocumentTest.java:153)
</error>
  </testcase>
  <testcase name="testLocation" classname="org.jsoup.nodes.DocumentTest" time="0">
    <error message="Could not initialize class org.jsoup.parser.Tag" type="java.lang.NoClassDefFoundError">java.lang.NoClassDefFoundError: Could not initialize class org.jsoup.parser.Tag
	at org.jsoup.nodes.DocumentTest.testLocation(DocumentTest.java:108)
Caused by: java.lang.ExceptionInInitializerError: Exception java.lang.IllegalArgumentException: Object must not be null [in thread "main"]
</error>
  </testcase>
  <testcase name="testClonesDeclarations" classname="org.jsoup.nodes.DocumentTest" time="0">
    <error message="String input must not be null" type="java.lang.IllegalArgumentException">java.lang.IllegalArgumentException: String input must not be null
	at org.jsoup.nodes.DocumentTest.testClonesDeclarations(DocumentTest.java:98)
</error>
  </testcase>
  <testcase name="testClone" classname="org.jsoup.nodes.DocumentTest" time="0">
    <error message="String input must not be null" type="java.lang.IllegalArgumentException">java.lang.IllegalArgumentException: String input must not be null
	at org.jsoup.nodes.DocumentTest.testClone(DocumentTest.java:87)
</error>
  </testcase>
  <testcase name="testShiftJisRoundtrip" classname="org.jsoup.nodes.DocumentTest" time="0">
    <error message="Could not initialize class org.jsoup.parser.Tag" type="java.lang.NoClassDefFoundError">java.lang.NoClassDefFoundError: Could not initialize class org.jsoup.parser.Tag
	at org.jsoup.nodes.DocumentTest.testShiftJisRoundtrip(DocumentTest.java:430)
Caused by: java.lang.ExceptionInInitializerError: Exception java.lang.IllegalArgumentException: Object must not be null [in thread "main"]
</error>
  </testcase>
  <testcase name="testNormalisesStructure" classname="org.jsoup.nodes.DocumentTest" time="0">
    <error message="String input must not be null" type="java.lang.IllegalArgumentException">java.lang.IllegalArgumentException: String input must not be null
	at org.jsoup.nodes.DocumentTest.testNormalisesStructure(DocumentTest.java:82)
</error>
  </testcase>
  <testcase name="testXhtmlReferences" classname="org.jsoup.nodes.DocumentTest" time="0">
    <error message="String input must not be null" type="java.lang.IllegalArgumentException">java.lang.IllegalArgumentException: String input must not be null
	at org.jsoup.nodes.DocumentTest.testXhtmlReferences(DocumentTest.java:76)
</error>
  </testcase>
  <testcase name="testMetaCharsetUpdateXmlNoCharset" classname="org.jsoup.nodes.DocumentTest" time="0">
    <error message="Could not initialize class org.jsoup.parser.Tag" type="java.lang.NoClassDefFoundError">java.lang.NoClassDefFoundError: Could not initialize class org.jsoup.parser.Tag
	at org.jsoup.nodes.DocumentTest.createXmlDocument(DocumentTest.java:403)
	at org.jsoup.nodes.DocumentTest.testMetaCharsetUpdateXmlNoCharset(DocumentTest.java:349)
Caused by: java.lang.ExceptionInInitializerError: Exception java.lang.IllegalArgumentException: Object must not be null [in thread "main"]
</error>
  </testcase>
  <testcase name="testMetaCharsetUpdateUtf8" classname="org.jsoup.nodes.DocumentTest" time="0">
    <error message="Object must not be null" type="java.lang.IllegalArgumentException">java.lang.IllegalArgumentException: Object must not be null
	at org.jsoup.nodes.DocumentTest.createHtmlDocument(DocumentTest.java:395)
	at org.jsoup.nodes.DocumentTest.testMetaCharsetUpdateUtf8(DocumentTest.java:196)
</error>
  </testcase>
  <testcase name="testMetaCharsetUpdateEnabledAfterCharsetChange" classname="org.jsoup.nodes.DocumentTest" time="0">
    <error message="Object must not be null" type="java.lang.IllegalArgumentException">java.lang.IllegalArgumentException: Object must not be null
	at org.jsoup.nodes.DocumentTest.createHtmlDocument(DocumentTest.java:395)
	at org.jsoup.nodes.DocumentTest.testMetaCharsetUpdateEnabledAfterCharsetChange(DocumentTest.java:287)
</error>
  </testcase>
  <testcase name="testMetaCharsetUpdateDisabled" classname="org.jsoup.nodes.DocumentTest" time="0">
    <error message="Object must not be null" type="java.lang.IllegalArgumentException">java.lang.IllegalArgumentException: Object must not be null
	at org.jsoup.nodes.DocumentTest.testMetaCharsetUpdateDisabled(DocumentTest.java:253)
</error>
  </testcase>
  <testcase name="testMetaCharsetUpdateXmlDisabled" classname="org.jsoup.nodes.DocumentTest" time="0">
    <error message="Could not initialize class org.jsoup.parser.Tag" type="java.lang.NoClassDefFoundError">java.lang.NoClassDefFoundError: Could not initialize class org.jsoup.parser.Tag
	at org.jsoup.nodes.DocumentTest.createXmlDocument(DocumentTest.java:403)
	at org.jsoup.nodes.DocumentTest.testMetaCharsetUpdateXmlDisabled(DocumentTest.java:365)
Caused by: java.lang.ExceptionInInitializerError: Exception java.lang.IllegalArgumentException: Object must not be null [in thread "main"]
</error>
  </testcase>
  <testcase name="testMetaCharsetUpdateCleanup" classname="org.jsoup.nodes.DocumentTest" time="0">
    <error message="Object must not be null" type="java.lang.IllegalArgumentException">java.lang.IllegalArgumentException: Object must not be null
	at org.jsoup.nodes.DocumentTest.createHtmlDocument(DocumentTest.java:395)
	at org.jsoup.nodes.DocumentTest.testMetaCharsetUpdateCleanup(DocumentTest.java:297)
</error>
  </testcase>
  <testcase name="DocumentsWithSameContentAreEqual" classname="org.jsoup.nodes.DocumentTest" time="0">
    <error message="String input must not be null" type="java.lang.IllegalArgumentException">java.lang.IllegalArgumentException: String input must not be null
	at org.jsoup.nodes.DocumentTest.DocumentsWithSameContentAreEqual(DocumentTest.java:175)
</error>
  </testcase>
  <testcase name="testMetaCharsetUpdatedDisabledPerDefault" classname="org.jsoup.nodes.DocumentTest" time="0">
    <error message="Object must not be null" type="java.lang.IllegalArgumentException">java.lang.IllegalArgumentException: Object must not be null
	at org.jsoup.nodes.DocumentTest.createHtmlDocument(DocumentTest.java:395)
	at org.jsoup.nodes.DocumentTest.testMetaCharsetUpdatedDisabledPerDefault(DocumentTest.java:390)
</error>
  </testcase>
  <testcase name="testMetaCharsetUpdateXmlIso8859" classname="org.jsoup.nodes.DocumentTest" time="0">
    <error message="Could not initialize class org.jsoup.parser.Tag" type="java.lang.NoClassDefFoundError">java.lang.NoClassDefFoundError: Could not initialize class org.jsoup.parser.Tag
	at org.jsoup.nodes.DocumentTest.createXmlDocument(DocumentTest.java:403)
	at org.jsoup.nodes.DocumentTest.testMetaCharsetUpdateXmlIso8859(DocumentTest.java:331)
Caused by: java.lang.ExceptionInInitializerError: Exception java.lang.IllegalArgumentException: Object must not be null [in thread "main"]
</error>
  </testcase>
  <testcase name="parseAndHtmlOnDifferentThreads" classname="org.jsoup.nodes.DocumentTest" time="0">
    <error message="String input must not be null" type="java.lang.IllegalArgumentException">java.lang.IllegalArgumentException: String input must not be null
	at org.jsoup.nodes.DocumentTest.parseAndHtmlOnDifferentThreads(DocumentTest.java:444)
</error>
  </testcase>
  <testcase name="testMetaCharsetUpdateNoCharset" classname="org.jsoup.nodes.DocumentTest" time="0">
    <error message="Object must not be null" type="java.lang.IllegalArgumentException">java.lang.IllegalArgumentException: Object must not be null
	at org.jsoup.nodes.DocumentTest.testMetaCharsetUpdateNoCharset(DocumentTest.java:236)
</error>
  </testcase>
  <testcase name="DocumentsWithSameContentAreVerifialbe" classname="org.jsoup.nodes.DocumentTest" time="0">
    <error message="String input must not be null" type="java.lang.IllegalArgumentException">java.lang.IllegalArgumentException: String input must not be null
	at org.jsoup.nodes.DocumentTest.DocumentsWithSameContentAreVerifialbe(DocumentTest.java:186)
</error>
  </testcase>
  <testcase name="setTextPreservesDocumentStructure" classname="org.jsoup.nodes.DocumentTest" time="0">
    <error message="String input must not be null" type="java.lang.IllegalArgumentException">java.lang.IllegalArgumentException: String input must not be null
	at org.jsoup.nodes.DocumentTest.setTextPreservesDocumentStructure(DocumentTest.java:36)
</error>
  </testcase>
  <testcase name="htmlParseDefaultsToHtmlOutputSyntax" classname="org.jsoup.nodes.DocumentTest" time="0">
    <error message="String input must not be null" type="java.lang.IllegalArgumentException">java.lang.IllegalArgumentException: String input must not be null
	at org.jsoup.nodes.DocumentTest.htmlParseDefaultsToHtmlOutputSyntax(DocumentTest.java:147)
</error>
  </testcase>
  <testcase name="testMetaCharsetUpdateIso8859" classname="org.jsoup.nodes.DocumentTest" time="0">
    <error message="Object must not be null" type="java.lang.IllegalArgumentException">java.lang.IllegalArgumentException: Object must not be null
	at org.jsoup.nodes.DocumentTest.createHtmlDocument(DocumentTest.java:395)
	at org.jsoup.nodes.DocumentTest.testMetaCharsetUpdateIso8859(DocumentTest.java:216)
</error>
  </testcase>
  <testcase name="testMetaCharsetUpdateXmlUtf8" classname="org.jsoup.nodes.DocumentTest" time="0">
    <error message="Could not initialize class org.jsoup.parser.Tag" type="java.lang.NoClassDefFoundError">java.lang.NoClassDefFoundError: Could not initialize class org.jsoup.parser.Tag
	at org.jsoup.nodes.DocumentTest.createXmlDocument(DocumentTest.java:403)
	at org.jsoup.nodes.DocumentTest.testMetaCharsetUpdateXmlUtf8(DocumentTest.java:313)
Caused by: java.lang.ExceptionInInitializerError: Exception java.lang.IllegalArgumentException: Object must not be null [in thread "main"]
</error>
  </testcase>
  <testcase name="testHtmlAndXmlSyntax" classname="org.jsoup.nodes.DocumentTest" time="0">
    <error message="String input must not be null" type="java.lang.IllegalArgumentException">java.lang.IllegalArgumentException: String input must not be null
	at org.jsoup.nodes.DocumentTest.testHtmlAndXmlSyntax(DocumentTest.java:123)
</error>
  </testcase>
  <testcase name="testTitles" classname="org.jsoup.nodes.DocumentTest" time="0">
    <error message="String input must not be null" type="java.lang.IllegalArgumentException">java.lang.IllegalArgumentException: String input must not be null
	at org.jsoup.nodes.DocumentTest.testTitles(DocumentTest.java:44)
</error>
  </testcase>
  <testcase name="testMetaCharsetUpdateXmlDisabledNoChanges" classname="org.jsoup.nodes.DocumentTest" time="0">
    <error message="Could not initialize class org.jsoup.parser.Tag" type="java.lang.NoClassDefFoundError">java.lang.NoClassDefFoundError: Could not initialize class org.jsoup.parser.Tag
	at org.jsoup.nodes.DocumentTest.createXmlDocument(DocumentTest.java:403)
	at org.jsoup.nodes.DocumentTest.testMetaCharsetUpdateXmlDisabledNoChanges(DocumentTest.java:375)
Caused by: java.lang.ExceptionInInitializerError: Exception java.lang.IllegalArgumentException: Object must not be null [in thread "main"]
</error>
  </testcase>
</testsuite>