<?xml version="1.0" encoding="UTF-8"?>
<testsuite xmlns:xsi="http://www.w3.org/2001/XMLSchema-instance" xsi:schemaLocation="https://maven.apache.org/surefire/maven-surefire-plugin/xsd/surefire-test-report.xsd" name="org.jsoup.select.SelectorTest" time="0.062" tests="62" errors="0" skipped="0" failures="0">
  <properties>
    <property name="java.runtime.name" value="Java(TM) SE Runtime Environment"/>
    <property name="sun.boot.library.path" value="/Library/Java/JavaVirtualMachines/jdk1.8.0_361.jdk/Contents/Home/jre/lib"/>
    <property name="java.vm.version" value="25.361-b09"/>
    <property name="gopherProxySet" value="false"/>
    <property name="java.vm.vendor" value="Oracle Corporation"/>
    <property name="maven.multiModuleProjectDirectory" value="/Users/vidhidoshi/Documents/CS527-Mutation-Testing/jsoup"/>
    <property name="java.vendor.url" value="http://java.oracle.com/"/>
    <property name="path.separator" value=":"/>
    <property name="guice.disable.misplaced.annotation.check" value="true"/>
    <property name="java.vm.name" value="Java HotSpot(TM) 64-Bit Server VM"/>
    <property name="file.encoding.pkg" value="sun.io"/>
    <property name="user.country" value="US"/>
    <property name="sun.java.launcher" value="SUN_STANDARD"/>
    <property name="sun.os.patch.level" value="unknown"/>
    <property name="java.vm.specification.name" value="Java Virtual Machine Specification"/>
    <property name="user.dir" value="/Users/vidhidoshi/Documents/CS527-Mutation-Testing/jsoup"/>
    <property name="java.runtime.version" value="1.8.0_361-b09"/>
    <property name="java.awt.graphicsenv" value="sun.awt.CGraphicsEnvironment"/>
    <property name="java.endorsed.dirs" value="/Library/Java/JavaVirtualMachines/jdk1.8.0_361.jdk/Contents/Home/jre/lib/endorsed"/>
    <property name="os.arch" value="x86_64"/>
    <property name="java.io.tmpdir" value="/var/folders/h0/st_w6cm971104q70s8d1wt0m0000gn/T/"/>
    <property name="line.separator" value="&#10;"/>
    <property name="java.vm.specification.vendor" value="Oracle Corporation"/>
    <property name="os.name" value="Mac OS X"/>
    <property name="classworlds.conf" value="/Users/vidhidoshi/apache-maven-3.8.7/bin/m2.conf"/>
    <property name="sun.jnu.encoding" value="UTF-8"/>
    <property name="java.library.path" value="/Users/vidhidoshi/Library/Java/Extensions:/Library/Java/Extensions:/Network/Library/Java/Extensions:/System/Library/Java/Extensions:/usr/lib/java:."/>
    <property name="maven.conf" value="/Users/vidhidoshi/apache-maven-3.8.7/conf"/>
    <property name="java.specification.name" value="Java Platform API Specification"/>
    <property name="java.class.version" value="52.0"/>
    <property name="sun.management.compiler" value="HotSpot 64-Bit Tiered Compilers"/>
    <property name="os.version" value="13.2.1"/>
    <property name="library.jansi.path" value="/Users/vidhidoshi/apache-maven-3.8.7/lib/jansi-native"/>
    <property name="http.nonProxyHosts" value="local|*.local|169.254/16|*.169.254/16"/>
    <property name="user.home" value="/Users/vidhidoshi"/>
    <property name="user.timezone" value="America/Chicago"/>
    <property name="java.awt.printerjob" value="sun.lwawt.macosx.CPrinterJob"/>
    <property name="java.specification.version" value="1.8"/>
    <property name="file.encoding" value="UTF-8"/>
    <property name="user.name" value="vidhidoshi"/>
    <property name="java.class.path" value="/Users/vidhidoshi/apache-maven-3.8.7/boot/plexus-classworlds-2.6.0.jar"/>
    <property name="java.vm.specification.version" value="1.8"/>
    <property name="sun.arch.data.model" value="64"/>
    <property name="java.home" value="/Library/Java/JavaVirtualMachines/jdk1.8.0_361.jdk/Contents/Home/jre"/>
    <property name="sun.java.command" value="org.codehaus.plexus.classworlds.launcher.Launcher surefire:test"/>
    <property name="java.specification.vendor" value="Oracle Corporation"/>
    <property name="user.language" value="en"/>
    <property name="awt.toolkit" value="sun.lwawt.macosx.LWCToolkit"/>
    <property name="java.vm.info" value="mixed mode"/>
    <property name="java.version" value="1.8.0_361"/>
    <property name="java.ext.dirs" value="/Users/vidhidoshi/Library/Java/Extensions:/Library/Java/JavaVirtualMachines/jdk1.8.0_361.jdk/Contents/Home/jre/lib/ext:/Library/Java/Extensions:/Network/Library/Java/Extensions:/System/Library/Java/Extensions:/usr/lib/java"/>
    <property name="sun.boot.class.path" value="/Library/Java/JavaVirtualMachines/jdk1.8.0_361.jdk/Contents/Home/jre/lib/resources.jar:/Library/Java/JavaVirtualMachines/jdk1.8.0_361.jdk/Contents/Home/jre/lib/rt.jar:/Library/Java/JavaVirtualMachines/jdk1.8.0_361.jdk/Contents/Home/jre/lib/jsse.jar:/Library/Java/JavaVirtualMachines/jdk1.8.0_361.jdk/Contents/Home/jre/lib/jce.jar:/Library/Java/JavaVirtualMachines/jdk1.8.0_361.jdk/Contents/Home/jre/lib/charsets.jar:/Library/Java/JavaVirtualMachines/jdk1.8.0_361.jdk/Contents/Home/jre/lib/jfr.jar:/Library/Java/JavaVirtualMachines/jdk1.8.0_361.jdk/Contents/Home/jre/classes"/>
    <property name="java.vendor" value="Oracle Corporation"/>
    <property name="java.specification.maintenance.version" value="4"/>
    <property name="maven.home" value="/Users/vidhidoshi/apache-maven-3.8.7"/>
    <property name="file.separator" value="/"/>
    <property name="java.vendor.url.bug" value="http://bugreport.sun.com/bugreport/"/>
    <property name="sun.cpu.endian" value="little"/>
    <property name="sun.io.unicode.encoding" value="UnicodeBig"/>
    <property name="socksNonProxyHosts" value="local|*.local|169.254/16|*.169.254/16"/>
    <property name="ftp.nonProxyHosts" value="local|*.local|169.254/16|*.169.254/16"/>
    <property name="sun.cpu.isalist" value=""/>
  </properties>
  <testcase name="containsData" classname="org.jsoup.select.SelectorTest" time="0.004"/>
  <testcase name="testByAttributeStarting" classname="org.jsoup.select.SelectorTest" time="0"/>
  <testcase name="deeperDescendant" classname="org.jsoup.select.SelectorTest" time="0"/>
  <testcase name="selectSameElements" classname="org.jsoup.select.SelectorTest" time="0"/>
  <testcase name="testPseudoEquals" classname="org.jsoup.select.SelectorTest" time="0.001"/>
  <testcase name="testByClassCaseInsensitive" classname="org.jsoup.select.SelectorTest" time="0"/>
  <testcase name="testByAttributeRegexCharacterClass" classname="org.jsoup.select.SelectorTest" time="0"/>
  <testcase name="testAllWithClass" classname="org.jsoup.select.SelectorTest" time="0.001"/>
  <testcase name="testByTag" classname="org.jsoup.select.SelectorTest" time="0"/>
  <testcase name="testById" classname="org.jsoup.select.SelectorTest" time="0"/>
  <testcase name="findBetweenSpan" classname="org.jsoup.select.SelectorTest" time="0.006"/>
  <testcase name="descendant" classname="org.jsoup.select.SelectorTest" time="0"/>
  <testcase name="handlesCommasInSelector" classname="org.jsoup.select.SelectorTest" time="0.003"/>
  <testcase name="notAll" classname="org.jsoup.select.SelectorTest" time="0.001"/>
  <testcase name="testByAttribute" classname="org.jsoup.select.SelectorTest" time="0.002"/>
  <testcase name="selectClassWithSpace" classname="org.jsoup.select.SelectorTest" time="0"/>
  <testcase name="notAdjacent" classname="org.jsoup.select.SelectorTest" time="0"/>
  <testcase name="testCombinedWithContains" classname="org.jsoup.select.SelectorTest" time="0"/>
  <testcase name="containsWithQuote" classname="org.jsoup.select.SelectorTest" time="0.001"/>
  <testcase name="testPseudoGreaterThan" classname="org.jsoup.select.SelectorTest" time="0.004"/>
  <testcase name="testAllElements" classname="org.jsoup.select.SelectorTest" time="0.002"/>
  <testcase name="testByAttributeRegex" classname="org.jsoup.select.SelectorTest" time="0.001"/>
  <testcase name="mixCombinator" classname="org.jsoup.select.SelectorTest" time="0.002"/>
  <testcase name="testRelaxedTags" classname="org.jsoup.select.SelectorTest" time="0.002"/>
  <testcase name="testPseudoBetween" classname="org.jsoup.select.SelectorTest" time="0.001"/>
  <testcase name="testPseudoLessThan" classname="org.jsoup.select.SelectorTest" time="0"/>
  <testcase name="testGroupOr" classname="org.jsoup.select.SelectorTest" time="0.001"/>
  <testcase name="testByClass" classname="org.jsoup.select.SelectorTest" time="0.001"/>
  <testcase name="and" classname="org.jsoup.select.SelectorTest" time="0.001"/>
  <testcase name="attributeWithBrackets" classname="org.jsoup.select.SelectorTest" time="0"/>
  <testcase name="testPsuedoContainsWithParentheses" classname="org.jsoup.select.SelectorTest" time="0"/>
  <testcase name="testGroupOrAttribute" classname="org.jsoup.select.SelectorTest" time="0"/>
  <testcase name="caseInsensitive" classname="org.jsoup.select.SelectorTest" time="0"/>
  <testcase name="selectFirst" classname="org.jsoup.select.SelectorTest" time="0"/>
  <testcase name="containsOwn" classname="org.jsoup.select.SelectorTest" time="0.001"/>
  <testcase name="testCharactersInIdAndClass" classname="org.jsoup.select.SelectorTest" time="0"/>
  <testcase name="splitOnBr" classname="org.jsoup.select.SelectorTest" time="0.001"/>
  <testcase name="multiChildDescent" classname="org.jsoup.select.SelectorTest" time="0.002"/>
  <testcase name="adjacentSiblingsWithId" classname="org.jsoup.select.SelectorTest" time="0.001"/>
  <testcase name="testMatches" classname="org.jsoup.select.SelectorTest" time="0.001"/>
  <testcase name="matchText" classname="org.jsoup.select.SelectorTest" time="0"/>
  <testcase name="selectFirstWithOr" classname="org.jsoup.select.SelectorTest" time="0"/>
  <testcase name="matchTextAttributes" classname="org.jsoup.select.SelectorTest" time="0"/>
  <testcase name="parentWithClassChild" classname="org.jsoup.select.SelectorTest" time="0"/>
  <testcase name="generalSiblings" classname="org.jsoup.select.SelectorTest" time="0"/>
  <testcase name="parentChildStar" classname="org.jsoup.select.SelectorTest" time="0.001"/>
  <testcase name="testPseudoCombined" classname="org.jsoup.select.SelectorTest" time="0"/>
  <testcase name="testPseudoContains" classname="org.jsoup.select.SelectorTest" time="0"/>
  <testcase name="testPseudoHas" classname="org.jsoup.select.SelectorTest" time="0.001"/>
  <testcase name="notClass" classname="org.jsoup.select.SelectorTest" time="0"/>
  <testcase name="notParas" classname="org.jsoup.select.SelectorTest" time="0"/>
  <testcase name="selectSupplementaryCharacter" classname="org.jsoup.select.SelectorTest" time="0.001"/>
  <testcase name="adjacentSiblings" classname="org.jsoup.select.SelectorTest" time="0.001"/>
  <testcase name="testNamespacedTag" classname="org.jsoup.select.SelectorTest" time="0.001"/>
  <testcase name="testNestedHas" classname="org.jsoup.select.SelectorTest" time="0"/>
  <testcase name="parentChildElement" classname="org.jsoup.select.SelectorTest" time="0"/>
  <testcase name="testByAttributeRegexCombined" classname="org.jsoup.select.SelectorTest" time="0.001"/>
  <testcase name="matchesOwn" classname="org.jsoup.select.SelectorTest" time="0"/>
  <testcase name="testSupportsLeadingCombinator" classname="org.jsoup.select.SelectorTest" time="0.001"/>
  <testcase name="mixCombinatorGroup" classname="org.jsoup.select.SelectorTest" time="0"/>
  <testcase name="testWildcardNamespacedTag" classname="org.jsoup.select.SelectorTest" time="0.002"/>
  <testcase name="selectFirstWithAnd" classname="org.jsoup.select.SelectorTest" time="0"/>
</testsuite>