<?xml version="1.0" encoding="UTF-8"?>
<testsuite xmlns:xsi="http://www.w3.org/2001/XMLSchema-instance" xsi:schemaLocation="https://maven.apache.org/surefire/maven-surefire-plugin/xsd/surefire-test-report.xsd" name="org.jsoup.parser.HtmlParserTest" time="0.532" tests="132" errors="0" skipped="0" failures="0">
  <properties>
    <property name="java.runtime.name" value="Java(TM) SE Runtime Environment"/>
    <property name="sun.boot.library.path" value="/Library/Java/JavaVirtualMachines/jdk1.8.0_361.jdk/Contents/Home/jre/lib"/>
    <property name="java.vm.version" value="25.361-b09"/>
    <property name="gopherProxySet" value="false"/>
    <property name="java.vm.vendor" value="Oracle Corporation"/>
    <property name="maven.multiModuleProjectDirectory" value="/Users/vidhidoshi/Documents/CS527-Mutation-Testing/jsoup"/>
    <property name="java.vendor.url" value="http://java.oracle.com/"/>
    <property name="path.separator" value=":"/>
    <property name="guice.disable.misplaced.annotation.check" value="true"/>
    <property name="java.vm.name" value="Java HotSpot(TM) 64-Bit Server VM"/>
    <property name="file.encoding.pkg" value="sun.io"/>
    <property name="user.country" value="US"/>
    <property name="sun.java.launcher" value="SUN_STANDARD"/>
    <property name="sun.os.patch.level" value="unknown"/>
    <property name="java.vm.specification.name" value="Java Virtual Machine Specification"/>
    <property name="user.dir" value="/Users/vidhidoshi/Documents/CS527-Mutation-Testing/jsoup"/>
    <property name="java.runtime.version" value="1.8.0_361-b09"/>
    <property name="java.awt.graphicsenv" value="sun.awt.CGraphicsEnvironment"/>
    <property name="java.endorsed.dirs" value="/Library/Java/JavaVirtualMachines/jdk1.8.0_361.jdk/Contents/Home/jre/lib/endorsed"/>
    <property name="os.arch" value="x86_64"/>
    <property name="java.io.tmpdir" value="/var/folders/h0/st_w6cm971104q70s8d1wt0m0000gn/T/"/>
    <property name="line.separator" value="&#10;"/>
    <property name="java.vm.specification.vendor" value="Oracle Corporation"/>
    <property name="os.name" value="Mac OS X"/>
    <property name="classworlds.conf" value="/Users/vidhidoshi/apache-maven-3.8.7/bin/m2.conf"/>
    <property name="sun.jnu.encoding" value="UTF-8"/>
    <property name="java.library.path" value="/Users/vidhidoshi/Library/Java/Extensions:/Library/Java/Extensions:/Network/Library/Java/Extensions:/System/Library/Java/Extensions:/usr/lib/java:."/>
    <property name="maven.conf" value="/Users/vidhidoshi/apache-maven-3.8.7/conf"/>
    <property name="java.specification.name" value="Java Platform API Specification"/>
    <property name="java.class.version" value="52.0"/>
    <property name="sun.management.compiler" value="HotSpot 64-Bit Tiered Compilers"/>
    <property name="os.version" value="13.2.1"/>
    <property name="library.jansi.path" value="/Users/vidhidoshi/apache-maven-3.8.7/lib/jansi-native"/>
    <property name="http.nonProxyHosts" value="local|*.local|169.254/16|*.169.254/16"/>
    <property name="user.home" value="/Users/vidhidoshi"/>
    <property name="user.timezone" value="America/Chicago"/>
    <property name="java.awt.printerjob" value="sun.lwawt.macosx.CPrinterJob"/>
    <property name="java.specification.version" value="1.8"/>
    <property name="file.encoding" value="UTF-8"/>
    <property name="user.name" value="vidhidoshi"/>
    <property name="java.class.path" value="/Users/vidhidoshi/apache-maven-3.8.7/boot/plexus-classworlds-2.6.0.jar"/>
    <property name="java.vm.specification.version" value="1.8"/>
    <property name="sun.arch.data.model" value="64"/>
    <property name="java.home" value="/Library/Java/JavaVirtualMachines/jdk1.8.0_361.jdk/Contents/Home/jre"/>
    <property name="sun.java.command" value="org.codehaus.plexus.classworlds.launcher.Launcher surefire:test"/>
    <property name="java.specification.vendor" value="Oracle Corporation"/>
    <property name="user.language" value="en"/>
    <property name="awt.toolkit" value="sun.lwawt.macosx.LWCToolkit"/>
    <property name="java.vm.info" value="mixed mode"/>
    <property name="java.version" value="1.8.0_361"/>
    <property name="java.ext.dirs" value="/Users/vidhidoshi/Library/Java/Extensions:/Library/Java/JavaVirtualMachines/jdk1.8.0_361.jdk/Contents/Home/jre/lib/ext:/Library/Java/Extensions:/Network/Library/Java/Extensions:/System/Library/Java/Extensions:/usr/lib/java"/>
    <property name="sun.boot.class.path" value="/Library/Java/JavaVirtualMachines/jdk1.8.0_361.jdk/Contents/Home/jre/lib/resources.jar:/Library/Java/JavaVirtualMachines/jdk1.8.0_361.jdk/Contents/Home/jre/lib/rt.jar:/Library/Java/JavaVirtualMachines/jdk1.8.0_361.jdk/Contents/Home/jre/lib/jsse.jar:/Library/Java/JavaVirtualMachines/jdk1.8.0_361.jdk/Contents/Home/jre/lib/jce.jar:/Library/Java/JavaVirtualMachines/jdk1.8.0_361.jdk/Contents/Home/jre/lib/charsets.jar:/Library/Java/JavaVirtualMachines/jdk1.8.0_361.jdk/Contents/Home/jre/lib/jfr.jar:/Library/Java/JavaVirtualMachines/jdk1.8.0_361.jdk/Contents/Home/jre/classes"/>
    <property name="java.vendor" value="Oracle Corporation"/>
    <property name="java.specification.maintenance.version" value="4"/>
    <property name="maven.home" value="/Users/vidhidoshi/apache-maven-3.8.7"/>
    <property name="file.separator" value="/"/>
    <property name="java.vendor.url.bug" value="http://bugreport.sun.com/bugreport/"/>
    <property name="sun.cpu.endian" value="little"/>
    <property name="sun.io.unicode.encoding" value="UnicodeBig"/>
    <property name="socksNonProxyHosts" value="local|*.local|169.254/16|*.169.254/16"/>
    <property name="ftp.nonProxyHosts" value="local|*.local|169.254/16|*.169.254/16"/>
    <property name="sun.cpu.isalist" value=""/>
  </properties>
  <testcase name="preservedCaseLinksCantNest" classname="org.jsoup.parser.HtmlParserTest" time="0.007"/>
  <testcase name="normalisesHeadlessBody" classname="org.jsoup.parser.HtmlParserTest" time="0.003"/>
  <testcase name="parsesUnterminatedOption" classname="org.jsoup.parser.HtmlParserTest" time="0.002"/>
  <testcase name="handlesProtocolRelativeUrl" classname="org.jsoup.parser.HtmlParserTest" time="0.002"/>
  <testcase name="dropsUnterminatedTag" classname="org.jsoup.parser.HtmlParserTest" time="0.002"/>
  <testcase name="canPreserveAttributeCase" classname="org.jsoup.parser.HtmlParserTest" time="0.001"/>
  <testcase name="handlesNullInComments" classname="org.jsoup.parser.HtmlParserTest" time="0.001"/>
  <testcase name="handlesTextAfterData" classname="org.jsoup.parser.HtmlParserTest" time="0.003"/>
  <testcase name="dropsUnterminatedAttribute" classname="org.jsoup.parser.HtmlParserTest" time="0.001"/>
  <testcase name="testNormalisesIsIndex" classname="org.jsoup.parser.HtmlParserTest" time="0.002"/>
  <testcase name="noTableDirectInTable" classname="org.jsoup.parser.HtmlParserTest" time="0.006"/>
  <testcase name="testSupportsPartiallyNonAsciiTags" classname="org.jsoup.parser.HtmlParserTest" time="0"/>
  <testcase name="testSpaceAfterTag" classname="org.jsoup.parser.HtmlParserTest" time="0.001"/>
  <testcase name="handlesXmlDeclarationAsBogusComment" classname="org.jsoup.parser.HtmlParserTest" time="0"/>
  <testcase name="normalisesDocument" classname="org.jsoup.parser.HtmlParserTest" time="0.002"/>
  <testcase name="createsStructureFromBodySnippet" classname="org.jsoup.parser.HtmlParserTest" time="0.001"/>
  <testcase name="retainsAttributesOfDifferentCaseIfSensitive" classname="org.jsoup.parser.HtmlParserTest" time="0"/>
  <testcase name="canPreserveTagCase" classname="org.jsoup.parser.HtmlParserTest" time="0"/>
  <testcase name="preservesSpaceInScript" classname="org.jsoup.parser.HtmlParserTest" time="0"/>
  <testcase name="handlesXmlDeclAndCommentsBeforeDoctype" classname="org.jsoup.parser.HtmlParserTest" time="0.013"/>
  <testcase name="testHtmlLowerCase" classname="org.jsoup.parser.HtmlParserTest" time="0.001"/>
  <testcase name="handlesDeepStack" classname="org.jsoup.parser.HtmlParserTest" time="0.251"/>
  <testcase name="parsesSimpleDocument" classname="org.jsoup.parser.HtmlParserTest" time="0.006"/>
  <testcase name="doesNotCreateImplicitLists" classname="org.jsoup.parser.HtmlParserTest" time="0.005"/>
  <testcase name="parsesUnterminatedTextarea" classname="org.jsoup.parser.HtmlParserTest" time="0.004"/>
  <testcase name="testSupportsNonAsciiTags" classname="org.jsoup.parser.HtmlParserTest" time="0.01"/>
  <testcase name="dropsDuplicateAttributes" classname="org.jsoup.parser.HtmlParserTest" time="0.002"/>
  <testcase name="handlesWhatWgExpensesTableExample" classname="org.jsoup.parser.HtmlParserTest" time="0.01"/>
  <testcase name="handlesImplicitCaptionClose" classname="org.jsoup.parser.HtmlParserTest" time="0.008"/>
  <testcase name="handlesQuotesInCommentsInScripts" classname="org.jsoup.parser.HtmlParserTest" time="0.003"/>
  <testcase name="handlesInputInTable" classname="org.jsoup.parser.HtmlParserTest" time="0.004"/>
  <testcase name="handlesInvalidStartTags" classname="org.jsoup.parser.HtmlParserTest" time="0.003"/>
  <testcase name="handlesEscapedData" classname="org.jsoup.parser.HtmlParserTest" time="0.002"/>
  <testcase name="fallbackToUtfIfCantEncode" classname="org.jsoup.parser.HtmlParserTest" time="0.009"/>
  <testcase name="reconstructFormattingElements" classname="org.jsoup.parser.HtmlParserTest" time="0.003"/>
  <testcase name="createsDocumentStructure" classname="org.jsoup.parser.HtmlParserTest" time="0.001"/>
  <testcase name="handlesCdataInScript" classname="org.jsoup.parser.HtmlParserTest" time="0.002"/>
  <testcase name="handlesUnclosedTitle" classname="org.jsoup.parser.HtmlParserTest" time="0.001"/>
  <testcase name="caseInsensitiveParseTree" classname="org.jsoup.parser.HtmlParserTest" time="0.001"/>
  <testcase name="handleNullContextInParseFragment" classname="org.jsoup.parser.HtmlParserTest" time="0.001"/>
  <testcase name="parsesUnterminatedComments" classname="org.jsoup.parser.HtmlParserTest" time="0"/>
  <testcase name="emptyTdTag" classname="org.jsoup.parser.HtmlParserTest" time="0.001"/>
  <testcase name="caseSensitiveParseTree" classname="org.jsoup.parser.HtmlParserTest" time="0"/>
  <testcase name="testFragment" classname="org.jsoup.parser.HtmlParserTest" time="0.001"/>
  <testcase name="handlesUnclosedScriptAtEof" classname="org.jsoup.parser.HtmlParserTest" time="0.003"/>
  <testcase name="handlesNewlinesAndWhitespaceInTag" classname="org.jsoup.parser.HtmlParserTest" time="0"/>
  <testcase name="handlesDataOnlyTags" classname="org.jsoup.parser.HtmlParserTest" time="0"/>
  <testcase name="normalizesDiscordantTags" classname="org.jsoup.parser.HtmlParserTest" time="0.001"/>
  <testcase name="handlesCdataAcrossBuffer" classname="org.jsoup.parser.HtmlParserTest" time="0"/>
  <testcase name="noImplicitFormForTextAreas" classname="org.jsoup.parser.HtmlParserTest" time="0"/>
  <testcase name="commentBeforeHtml" classname="org.jsoup.parser.HtmlParserTest" time="0.001"/>
  <testcase name="handlesUnclosedCdataAtEOF" classname="org.jsoup.parser.HtmlParserTest" time="0.001"/>
  <testcase name="handlesCdata" classname="org.jsoup.parser.HtmlParserTest" time="0"/>
  <testcase name="handlesKnownEmptyBlocks" classname="org.jsoup.parser.HtmlParserTest" time="0.002"/>
  <testcase name="createsFormElements" classname="org.jsoup.parser.HtmlParserTest" time="0.001"/>
  <testcase name="noErrorsByDefault" classname="org.jsoup.parser.HtmlParserTest" time="0.001"/>
  <testcase name="testHeaderContents" classname="org.jsoup.parser.HtmlParserTest" time="0.001"/>
  <testcase name="testRelaxedTags" classname="org.jsoup.parser.HtmlParserTest" time="0"/>
  <testcase name="handlesKnownEmptyStyle" classname="org.jsoup.parser.HtmlParserTest" time="0.001"/>
  <testcase name="handlesKnownEmptyTitle" classname="org.jsoup.parser.HtmlParserTest" time="0"/>
  <testcase name="preservesSpaceInTextArea" classname="org.jsoup.parser.HtmlParserTest" time="0"/>
  <testcase name="handlesUnexpectedMarkupInTables" classname="org.jsoup.parser.HtmlParserTest" time="0.002"/>
  <testcase name="handlesKnownEmptyIframe" classname="org.jsoup.parser.HtmlParserTest" time="0"/>
  <testcase name="characterReaderBuffer" classname="org.jsoup.parser.HtmlParserTest" time="0.003"/>
  <testcase name="testTemplateInsideTable" classname="org.jsoup.parser.HtmlParserTest" time="0.004"/>
  <testcase name="cdataNodesAreTextNodes" classname="org.jsoup.parser.HtmlParserTest" time="0"/>
  <testcase name="ignoresContentAfterFrameset" classname="org.jsoup.parser.HtmlParserTest" time="0.001"/>
  <testcase name="handlesBaseTags" classname="org.jsoup.parser.HtmlParserTest" time="0"/>
  <testcase name="testSpanContents" classname="org.jsoup.parser.HtmlParserTest" time="0"/>
  <testcase name="handles0CharacterAsText" classname="org.jsoup.parser.HtmlParserTest" time="0"/>
  <testcase name="handlesFrames" classname="org.jsoup.parser.HtmlParserTest" time="0.001"/>
  <testcase name="handlesJavadocFont" classname="org.jsoup.parser.HtmlParserTest" time="0"/>
  <testcase name="testReinsertionModeForThCelss" classname="org.jsoup.parser.HtmlParserTest" time="0"/>
  <testcase name="handlesControlCodeInAttributeName" classname="org.jsoup.parser.HtmlParserTest" time="0"/>
  <testcase name="handlesInvalidDoctypes" classname="org.jsoup.parser.HtmlParserTest" time="0.007"/>
  <testcase name="handlesTagsInTextarea" classname="org.jsoup.parser.HtmlParserTest" time="0.006"/>
  <testcase name="handlesCommentsInTable" classname="org.jsoup.parser.HtmlParserTest" time="0.002"/>
  <testcase name="handlesEscapedScript" classname="org.jsoup.parser.HtmlParserTest" time="0"/>
  <testcase name="testInvalidTableContents" classname="org.jsoup.parser.HtmlParserTest" time="0.004"/>
  <testcase name="handlesUnknownTags" classname="org.jsoup.parser.HtmlParserTest" time="0.006"/>
  <testcase name="ignoresDupeEndTrTag" classname="org.jsoup.parser.HtmlParserTest" time="0"/>
  <testcase name="associatedFormControlsWithDisjointForms" classname="org.jsoup.parser.HtmlParserTest" time="0.001"/>
  <testcase name="handlesTbodyTable" classname="org.jsoup.parser.HtmlParserTest" time="0.001"/>
  <testcase name="normalisedBodyAfterContent" classname="org.jsoup.parser.HtmlParserTest" time="0.003"/>
  <testcase name="handlesSpanInTbody" classname="org.jsoup.parser.HtmlParserTest" time="0.001"/>
  <testcase name="handlesUnclosedTitleAtEof" classname="org.jsoup.parser.HtmlParserTest" time="0"/>
  <testcase name="handlesSolidusAtAttributeEnd" classname="org.jsoup.parser.HtmlParserTest" time="0.001"/>
  <testcase name="handlesUnknownNamespaceTags" classname="org.jsoup.parser.HtmlParserTest" time="0.001"/>
  <testcase name="handlesKnownEmptyNoFrames" classname="org.jsoup.parser.HtmlParserTest" time="0.001"/>
  <testcase name="roundTripsCdata" classname="org.jsoup.parser.HtmlParserTest" time="0"/>
  <testcase name="handlesManyChildren" classname="org.jsoup.parser.HtmlParserTest" time="0.018"/>
  <testcase name="handlesTextArea" classname="org.jsoup.parser.HtmlParserTest" time="0"/>
  <testcase name="convertsImageToImg" classname="org.jsoup.parser.HtmlParserTest" time="0"/>
  <testcase name="preSkipsFirstNewline" classname="org.jsoup.parser.HtmlParserTest" time="0"/>
  <testcase name="commentAtEnd" classname="org.jsoup.parser.HtmlParserTest" time="0.001"/>
  <testcase name="selfClosingOnNonvoidIsError" classname="org.jsoup.parser.HtmlParserTest" time="0.012"/>
  <testcase name="handlesNestedImplicitTable" classname="org.jsoup.parser.HtmlParserTest" time="0.003"/>
  <testcase name="parsesRoughAttributes" classname="org.jsoup.parser.HtmlParserTest" time="0.001"/>
  <testcase name="testUsingSingleQuotesInQueries" classname="org.jsoup.parser.HtmlParserTest" time="0.001"/>
  <testcase name="handlesUnclosedDefinitionLists" classname="org.jsoup.parser.HtmlParserTest" time="0.003"/>
  <testcase name="handlesWhitespaceInoDocType" classname="org.jsoup.parser.HtmlParserTest" time="0.002"/>
  <testcase name="reconstructFormattingElementsInTable" classname="org.jsoup.parser.HtmlParserTest" time="0.003"/>
  <testcase name="selfClosingVoidIsNotAnError" classname="org.jsoup.parser.HtmlParserTest" time="0.003"/>
  <testcase name="testNoImagesInNoScriptInHead" classname="org.jsoup.parser.HtmlParserTest" time="0.003"/>
  <testcase name="handlesBaseWithoutHref" classname="org.jsoup.parser.HtmlParserTest" time="0.001"/>
  <testcase name="handlesUnclosedRawtextAtEof" classname="org.jsoup.parser.HtmlParserTest" time="0.003"/>
  <testcase name="tracksLimitedErrorsWhenRequested" classname="org.jsoup.parser.HtmlParserTest" time="0.002"/>
  <testcase name="doesNotFindShortestMatchingEntity" classname="org.jsoup.parser.HtmlParserTest" time="0.002"/>
  <testcase name="tracksErrorsWhenRequested" classname="org.jsoup.parser.HtmlParserTest" time="0"/>
  <testcase name="handlesUnclosedAnchors" classname="org.jsoup.parser.HtmlParserTest" time="0.005"/>
  <testcase name="parsesBodyFragment" classname="org.jsoup.parser.HtmlParserTest" time="0.003"/>
  <testcase name="handlesUnknownInlineTags" classname="org.jsoup.parser.HtmlParserTest" time="0.001"/>
  <testcase name="testSelectWithOption" classname="org.jsoup.parser.HtmlParserTest" time="0"/>
  <testcase name="normalisesEmptyDocument" classname="org.jsoup.parser.HtmlParserTest" time="0"/>
  <testcase name="relaxedBaseEntityMatchAndStrictExtendedMatch" classname="org.jsoup.parser.HtmlParserTest" time="0.002"/>
  <testcase name="handlesUnclosedFormattingElements" classname="org.jsoup.parser.HtmlParserTest" time="0.003"/>
  <testcase name="handlesSolidusInA" classname="org.jsoup.parser.HtmlParserTest" time="0.002"/>
  <testcase name="testHgroup" classname="org.jsoup.parser.HtmlParserTest" time="0.002"/>
  <testcase name="discardsNakedTds" classname="org.jsoup.parser.HtmlParserTest" time="0"/>
  <testcase name="parsesComments" classname="org.jsoup.parser.HtmlParserTest" time="0.001"/>
  <testcase name="testFontFlowContents" classname="org.jsoup.parser.HtmlParserTest" time="0"/>
  <testcase name="handlesMisnestedTagsBI" classname="org.jsoup.parser.HtmlParserTest" time="0"/>
  <testcase name="handlesMisnestedTagsBP" classname="org.jsoup.parser.HtmlParserTest" time="0.001"/>
  <testcase name="canPreserveBothCase" classname="org.jsoup.parser.HtmlParserTest" time="0.001"/>
  <testcase name="testHandlesDeepSpans" classname="org.jsoup.parser.HtmlParserTest" time="0"/>
  <testcase name="handleCDataInText" classname="org.jsoup.parser.HtmlParserTest" time="0"/>
  <testcase name="findsCharsetInMalformedMeta" classname="org.jsoup.parser.HtmlParserTest" time="0.001"/>
  <testcase name="handlesMultiClosingBody" classname="org.jsoup.parser.HtmlParserTest" time="0"/>
  <testcase name="handlesBlocksInDefinitions" classname="org.jsoup.parser.HtmlParserTest" time="0"/>
  <testcase name="testAFlowContents" classname="org.jsoup.parser.HtmlParserTest" time="0"/>
  <testcase name="handlesNullInData" classname="org.jsoup.parser.HtmlParserTest" time="0.001"/>
  <testcase name="parsesQuiteRoughAttributes" classname="org.jsoup.parser.HtmlParserTest" time="0.001"/>
</testsuite>