<?xml version="1.0" encoding="UTF-8"?>
<testsuite xmlns:xsi="http://www.w3.org/2001/XMLSchema-instance" xsi:schemaLocation="https://maven.apache.org/surefire/maven-surefire-plugin/xsd/surefire-test-report.xsd" name="org.jsoup.helper.HttpConnectionTest" time="0.005" tests="23" errors="15" skipped="0" failures="1">
  <properties>
    <property name="java.runtime.name" value="Java(TM) SE Runtime Environment"/>
    <property name="java.vm.version" value="19.0.2+7-44"/>
    <property name="sun.boot.library.path" value="/Library/Java/JavaVirtualMachines/jdk-19.jdk/Contents/Home/lib"/>
    <property name="maven.multiModuleProjectDirectory" value="/Users/aparna/Desktop/527FINAL/Mid-termProject/jsoup"/>
    <property name="java.vm.vendor" value="Oracle Corporation"/>
    <property name="java.vendor.url" value="https://java.oracle.com/"/>
    <property name="guice.disable.misplaced.annotation.check" value="true"/>
    <property name="path.separator" value=":"/>
    <property name="java.vm.name" value="Java HotSpot(TM) 64-Bit Server VM"/>
    <property name="user.country" value="US"/>
    <property name="sun.java.launcher" value="SUN_STANDARD"/>
    <property name="java.vm.specification.name" value="Java Virtual Machine Specification"/>
    <property name="user.dir" value="/Users/aparna/Desktop/527FINAL/Mid-termProject/jsoup"/>
    <property name="java.vm.compressedOopsMode" value="Zero based"/>
    <property name="java.runtime.version" value="19.0.2+7-44"/>
    <property name="os.arch" value="aarch64"/>
    <property name="java.io.tmpdir" value="/var/folders/14/md054r_x3nbfh55f96clkh280000gn/T/"/>
    <property name="line.separator" value="&#10;"/>
    <property name="java.vm.specification.vendor" value="Oracle Corporation"/>
    <property name="stderr.encoding" value="UTF-8"/>
    <property name="os.name" value="Mac OS X"/>
    <property name="classworlds.conf" value="/opt/homebrew/Cellar/maven/3.8.7/libexec/bin/m2.conf"/>
    <property name="sun.jnu.encoding" value="UTF-8"/>
    <property name="stdout.encoding" value="UTF-8"/>
    <property name="java.library.path" value="/Users/aparna/Library/Java/Extensions:/Library/Java/Extensions:/Network/Library/Java/Extensions:/System/Library/Java/Extensions:/usr/lib/java:."/>
    <property name="maven.conf" value="/opt/homebrew/Cellar/maven/3.8.7/libexec/conf"/>
    <property name="jdk.debug" value="release"/>
    <property name="java.class.version" value="63.0"/>
    <property name="java.specification.name" value="Java Platform API Specification"/>
    <property name="sun.management.compiler" value="HotSpot 64-Bit Tiered Compilers"/>
    <property name="os.version" value="13.1"/>
    <property name="library.jansi.path" value="/opt/homebrew/Cellar/maven/3.8.7/libexec/lib/jansi-native"/>
    <property name="http.nonProxyHosts" value="local|*.local|169.254/16|*.169.254/16"/>
    <property name="user.home" value="/Users/aparna"/>
    <property name="user.timezone" value="America/Chicago"/>
    <property name="file.encoding" value="UTF-8"/>
    <property name="java.specification.version" value="19"/>
    <property name="user.name" value="aparna"/>
    <property name="java.class.path" value="/opt/homebrew/Cellar/maven/3.8.7/libexec/boot/plexus-classworlds-2.6.0.jar"/>
    <property name="java.vm.specification.version" value="19"/>
    <property name="sun.arch.data.model" value="64"/>
    <property name="sun.java.command" value="org.codehaus.plexus.classworlds.launcher.Launcher surefire:test"/>
    <property name="java.home" value="/Library/Java/JavaVirtualMachines/jdk-19.jdk/Contents/Home"/>
    <property name="apple.awt.application.name" value="Launcher"/>
    <property name="user.language" value="en"/>
    <property name="java.specification.vendor" value="Oracle Corporation"/>
    <property name="java.vm.info" value="mixed mode, sharing"/>
    <property name="java.version" value="19.0.2"/>
    <property name="native.encoding" value="UTF-8"/>
    <property name="java.vendor" value="Oracle Corporation"/>
    <property name="maven.home" value="/opt/homebrew/Cellar/maven/3.8.7/libexec"/>
    <property name="file.separator" value="/"/>
    <property name="java.version.date" value="2023-01-17"/>
    <property name="java.vendor.url.bug" value="https://bugreport.java.com/bugreport/"/>
    <property name="sun.io.unicode.encoding" value="UnicodeBig"/>
    <property name="sun.cpu.endian" value="little"/>
    <property name="socksNonProxyHosts" value="local|*.local|169.254/16|*.169.254/16"/>
    <property name="ftp.nonProxyHosts" value="local|*.local|169.254/16|*.169.254/16"/>
  </properties>
  <testcase name="throwsExceptionOnParseWithoutExecute" classname="org.jsoup.helper.HttpConnectionTest" time="0.002"/>
  <testcase name="connectWithUrl" classname="org.jsoup.helper.HttpConnectionTest" time="0">
    <error message="String must not be empty" type="java.lang.IllegalArgumentException">java.lang.IllegalArgumentException: String must not be empty
	at org.jsoup.helper.HttpConnectionTest.connectWithUrl(HttpConnectionTest.java:159)
</error>
  </testcase>
  <testcase name="ignoresEmptySetCookies" classname="org.jsoup.helper.HttpConnectionTest" time="0.001"/>
  <testcase name="throwsOnMalformedUrl" classname="org.jsoup.helper.HttpConnectionTest" time="0"/>
  <testcase name="multipleHeaders" classname="org.jsoup.helper.HttpConnectionTest" time="0">
    <error message="String must not be empty" type="java.lang.IllegalArgumentException">java.lang.IllegalArgumentException: String must not be empty
	at org.jsoup.helper.HttpConnectionTest.multipleHeaders(HttpConnectionTest.java:96)
</error>
  </testcase>
  <testcase name="cookie" classname="org.jsoup.helper.HttpConnectionTest" time="0">
    <error message="String must not be empty" type="java.lang.IllegalArgumentException">java.lang.IllegalArgumentException: String must not be empty
	at org.jsoup.helper.HttpConnectionTest.cookie(HttpConnectionTest.java:213)
</error>
  </testcase>
  <testcase name="timeout" classname="org.jsoup.helper.HttpConnectionTest" time="0">
    <error message="String must not be empty" type="java.lang.IllegalArgumentException">java.lang.IllegalArgumentException: String must not be empty
	at org.jsoup.helper.HttpConnectionTest.timeout(HttpConnectionTest.java:175)
</error>
  </testcase>
  <testcase name="method" classname="org.jsoup.helper.HttpConnectionTest" time="0">
    <error message="String must not be empty" type="java.lang.IllegalArgumentException">java.lang.IllegalArgumentException: String must not be empty
	at org.jsoup.helper.HttpConnectionTest.method(HttpConnectionTest.java:188)
</error>
  </testcase>
  <testcase name="handlesHeaderEncodingOnRequest" classname="org.jsoup.helper.HttpConnectionTest" time="0">
    <error message="String must not be empty" type="java.lang.IllegalArgumentException">java.lang.IllegalArgumentException: String must not be empty
	at org.jsoup.helper.HttpConnectionTest.handlesHeaderEncodingOnRequest(HttpConnectionTest.java:255)
</error>
  </testcase>
  <testcase name="referrer" classname="org.jsoup.helper.HttpConnectionTest" time="0">
    <error message="String must not be empty" type="java.lang.IllegalArgumentException">java.lang.IllegalArgumentException: String must not be empty
	at org.jsoup.helper.HttpConnectionTest.referrer(HttpConnectionTest.java:182)
</error>
  </testcase>
  <testcase name="sameHeadersCombineWithComma" classname="org.jsoup.helper.HttpConnectionTest" time="0">
    <error message="Header name must not be null" type="java.lang.IllegalArgumentException">java.lang.IllegalArgumentException: Header name must not be null
	at org.jsoup.helper.HttpConnectionTest.sameHeadersCombineWithComma(HttpConnectionTest.java:92)
</error>
  </testcase>
  <testcase name="inputStream" classname="org.jsoup.helper.HttpConnectionTest" time="0">
    <error message="Data key must not be empty" type="java.lang.IllegalArgumentException">java.lang.IllegalArgumentException: Data key must not be empty
	at org.jsoup.helper.HttpConnectionTest.inputStream(HttpConnectionTest.java:219)
</error>
  </testcase>
  <testcase name="throwsExceptionOnBodyAsBytesWithoutExecute" classname="org.jsoup.helper.HttpConnectionTest" time="0"/>
  <testcase name="data" classname="org.jsoup.helper.HttpConnectionTest" time="0">
    <error message="String must not be empty" type="java.lang.IllegalArgumentException">java.lang.IllegalArgumentException: String must not be empty
	at org.jsoup.helper.HttpConnectionTest.data(HttpConnectionTest.java:200)
</error>
  </testcase>
  <testcase name="userAgent" classname="org.jsoup.helper.HttpConnectionTest" time="0">
    <error message="String must not be empty" type="java.lang.IllegalArgumentException">java.lang.IllegalArgumentException: String must not be empty
	at org.jsoup.helper.HttpConnectionTest.userAgent(HttpConnectionTest.java:168)
</error>
  </testcase>
  <testcase name="throwsExceptionOnBodyWithoutExecute" classname="org.jsoup.helper.HttpConnectionTest" time="0"/>
  <testcase name="headers" classname="org.jsoup.helper.HttpConnectionTest" time="0">
    <error message="String must not be empty" type="java.lang.IllegalArgumentException">java.lang.IllegalArgumentException: String must not be empty
	at org.jsoup.helper.HttpConnectionTest.headers(HttpConnectionTest.java:73)
</error>
  </testcase>
  <testcase name="noUrlThrowsValidationError" classname="org.jsoup.helper.HttpConnectionTest" time="0">
    <error message="String must not be empty" type="java.lang.IllegalArgumentException">java.lang.IllegalArgumentException: String must not be empty
	at org.jsoup.helper.HttpConnectionTest.noUrlThrowsValidationError(HttpConnectionTest.java:243)
</error>
  </testcase>
  <testcase name="requestBody" classname="org.jsoup.helper.HttpConnectionTest" time="0">
    <error message="String must not be empty" type="java.lang.IllegalArgumentException">java.lang.IllegalArgumentException: String must not be empty
	at org.jsoup.helper.HttpConnectionTest.requestBody(HttpConnectionTest.java:231)
</error>
  </testcase>
  <testcase name="ignoresEmptyCookieNameAndVals" classname="org.jsoup.helper.HttpConnectionTest" time="0">
    <failure message="expected:&lt;4&gt; but was:&lt;0&gt;" type="java.lang.AssertionError"><![CDATA[java.lang.AssertionError: expected:<4> but was:<0>
	at org.jsoup.helper.HttpConnectionTest.ignoresEmptyCookieNameAndVals(HttpConnectionTest.java:151)
]]></failure>
  </testcase>
  <testcase name="encodeUrl" classname="org.jsoup.helper.HttpConnectionTest" time="0"/>
  <testcase name="throwsOnOddData" classname="org.jsoup.helper.HttpConnectionTest" time="0"/>
  <testcase name="caseInsensitiveHeaders" classname="org.jsoup.helper.HttpConnectionTest" time="0">
    <error message="Header name must not be empty" type="java.lang.IllegalArgumentException">java.lang.IllegalArgumentException: Header name must not be empty
	at org.jsoup.helper.HttpConnectionTest.caseInsensitiveHeaders(HttpConnectionTest.java:47)
</error>
  </testcase>
</testsuite>