<?xml version="1.0" encoding="UTF-8"?>
<testsuite xmlns:xsi="http://www.w3.org/2001/XMLSchema-instance" xsi:schemaLocation="https://maven.apache.org/surefire/maven-surefire-plugin/xsd/surefire-test-report.xsd" name="org.jsoup.nodes.NodeTest" time="0.001" tests="25" errors="25" skipped="0" failures="0">
  <properties>
    <property name="java.runtime.name" value="Java(TM) SE Runtime Environment"/>
    <property name="java.vm.version" value="19.0.2+7-44"/>
    <property name="sun.boot.library.path" value="/Library/Java/JavaVirtualMachines/jdk-19.jdk/Contents/Home/lib"/>
    <property name="maven.multiModuleProjectDirectory" value="/Users/aparna/Desktop/527FINAL/Mid-termProject/jsoup"/>
    <property name="java.vm.vendor" value="Oracle Corporation"/>
    <property name="java.vendor.url" value="https://java.oracle.com/"/>
    <property name="guice.disable.misplaced.annotation.check" value="true"/>
    <property name="path.separator" value=":"/>
    <property name="java.vm.name" value="Java HotSpot(TM) 64-Bit Server VM"/>
    <property name="user.country" value="US"/>
    <property name="sun.java.launcher" value="SUN_STANDARD"/>
    <property name="java.vm.specification.name" value="Java Virtual Machine Specification"/>
    <property name="user.dir" value="/Users/aparna/Desktop/527FINAL/Mid-termProject/jsoup"/>
    <property name="java.vm.compressedOopsMode" value="Zero based"/>
    <property name="java.runtime.version" value="19.0.2+7-44"/>
    <property name="os.arch" value="aarch64"/>
    <property name="java.io.tmpdir" value="/var/folders/14/md054r_x3nbfh55f96clkh280000gn/T/"/>
    <property name="line.separator" value="&#10;"/>
    <property name="java.vm.specification.vendor" value="Oracle Corporation"/>
    <property name="stderr.encoding" value="UTF-8"/>
    <property name="os.name" value="Mac OS X"/>
    <property name="classworlds.conf" value="/opt/homebrew/Cellar/maven/3.8.7/libexec/bin/m2.conf"/>
    <property name="sun.jnu.encoding" value="UTF-8"/>
    <property name="stdout.encoding" value="UTF-8"/>
    <property name="java.library.path" value="/Users/aparna/Library/Java/Extensions:/Library/Java/Extensions:/Network/Library/Java/Extensions:/System/Library/Java/Extensions:/usr/lib/java:."/>
    <property name="maven.conf" value="/opt/homebrew/Cellar/maven/3.8.7/libexec/conf"/>
    <property name="jdk.debug" value="release"/>
    <property name="java.class.version" value="63.0"/>
    <property name="java.specification.name" value="Java Platform API Specification"/>
    <property name="sun.management.compiler" value="HotSpot 64-Bit Tiered Compilers"/>
    <property name="os.version" value="13.1"/>
    <property name="library.jansi.path" value="/opt/homebrew/Cellar/maven/3.8.7/libexec/lib/jansi-native"/>
    <property name="user.home" value="/Users/aparna"/>
    <property name="user.timezone" value="America/Chicago"/>
    <property name="file.encoding" value="UTF-8"/>
    <property name="java.specification.version" value="19"/>
    <property name="user.name" value="aparna"/>
    <property name="java.class.path" value="/opt/homebrew/Cellar/maven/3.8.7/libexec/boot/plexus-classworlds-2.6.0.jar"/>
    <property name="java.vm.specification.version" value="19"/>
    <property name="sun.arch.data.model" value="64"/>
    <property name="sun.java.command" value="org.codehaus.plexus.classworlds.launcher.Launcher surefire:test"/>
    <property name="java.home" value="/Library/Java/JavaVirtualMachines/jdk-19.jdk/Contents/Home"/>
    <property name="apple.awt.application.name" value="Launcher"/>
    <property name="user.language" value="en"/>
    <property name="java.specification.vendor" value="Oracle Corporation"/>
    <property name="java.vm.info" value="mixed mode, sharing"/>
    <property name="java.version" value="19.0.2"/>
    <property name="native.encoding" value="UTF-8"/>
    <property name="java.vendor" value="Oracle Corporation"/>
    <property name="maven.home" value="/opt/homebrew/Cellar/maven/3.8.7/libexec"/>
    <property name="file.separator" value="/"/>
    <property name="java.version.date" value="2023-01-17"/>
    <property name="java.vendor.url.bug" value="https://bugreport.java.com/bugreport/"/>
    <property name="sun.io.unicode.encoding" value="UnicodeBig"/>
    <property name="sun.cpu.endian" value="little"/>
  </properties>
  <testcase name="handlesAbsOnProtocolessAbsoluteUris" classname="org.jsoup.nodes.NodeTest" time="0">
    <error message="String input must not be null" type="java.lang.IllegalArgumentException">java.lang.IllegalArgumentException: String input must not be null
	at org.jsoup.nodes.NodeTest.handlesAbsOnProtocolessAbsoluteUris(NodeTest.java:102)
</error>
  </testcase>
  <testcase name="setBaseUriIsRecursive" classname="org.jsoup.nodes.NodeTest" time="0">
    <error message="String input must not be null" type="java.lang.IllegalArgumentException">java.lang.IllegalArgumentException: String input must not be null
	at org.jsoup.nodes.NodeTest.setBaseUriIsRecursive(NodeTest.java:38)
</error>
  </testcase>
  <testcase name="ownerDocument" classname="org.jsoup.nodes.NodeTest" time="0">
    <error message="String input must not be null" type="java.lang.IllegalArgumentException">java.lang.IllegalArgumentException: String input must not be null
	at org.jsoup.nodes.NodeTest.ownerDocument(NodeTest.java:153)
</error>
  </testcase>
  <testcase name="before" classname="org.jsoup.nodes.NodeTest" time="0">
    <error message="String input must not be null" type="java.lang.IllegalArgumentException">java.lang.IllegalArgumentException: String input must not be null
	at org.jsoup.nodes.NodeTest.before(NodeTest.java:176)
</error>
  </testcase>
  <testcase name="handleAbsOnLocalhostFileUris" classname="org.jsoup.nodes.NodeTest" time="0">
    <error message="String input must not be null" type="java.lang.IllegalArgumentException">java.lang.IllegalArgumentException: String input must not be null
	at org.jsoup.nodes.NodeTest.handleAbsOnLocalhostFileUris(NodeTest.java:95)
</error>
  </testcase>
  <testcase name="unwrap" classname="org.jsoup.nodes.NodeTest" time="0">
    <error message="String input must not be null" type="java.lang.IllegalArgumentException">java.lang.IllegalArgumentException: String input must not be null
	at org.jsoup.nodes.NodeTest.unwrap(NodeTest.java:200)
</error>
  </testcase>
  <testcase name="absHandlesDotFromIndex" classname="org.jsoup.nodes.NodeTest" time="0">
    <error message="String input must not be null" type="java.lang.IllegalArgumentException">java.lang.IllegalArgumentException: String input must not be null
	at org.jsoup.nodes.NodeTest.absHandlesDotFromIndex(NodeTest.java:129)
</error>
  </testcase>
  <testcase name="supportsClone" classname="org.jsoup.nodes.NodeTest" time="0">
    <error message="String input must not be null" type="java.lang.IllegalArgumentException">java.lang.IllegalArgumentException: String input must not be null
	at org.jsoup.nodes.NodeTest.supportsClone(NodeTest.java:279)
</error>
  </testcase>
  <testcase name="root" classname="org.jsoup.nodes.NodeTest" time="0">
    <error message="String input must not be null" type="java.lang.IllegalArgumentException">java.lang.IllegalArgumentException: String input must not be null
	at org.jsoup.nodes.NodeTest.root(NodeTest.java:161)
</error>
  </testcase>
  <testcase name="after" classname="org.jsoup.nodes.NodeTest" time="0">
    <error message="String input must not be null" type="java.lang.IllegalArgumentException">java.lang.IllegalArgumentException: String input must not be null
	at org.jsoup.nodes.NodeTest.after(NodeTest.java:188)
</error>
  </testcase>
  <testcase name="absHandlesRelativeQuery" classname="org.jsoup.nodes.NodeTest" time="0">
    <error message="String input must not be null" type="java.lang.IllegalArgumentException">java.lang.IllegalArgumentException: String input must not be null
	at org.jsoup.nodes.NodeTest.absHandlesRelativeQuery(NodeTest.java:119)
</error>
  </testcase>
  <testcase name="unwrapNoChildren" classname="org.jsoup.nodes.NodeTest" time="0">
    <error message="String input must not be null" type="java.lang.IllegalArgumentException">java.lang.IllegalArgumentException: String input must not be null
	at org.jsoup.nodes.NodeTest.unwrapNoChildren(NodeTest.java:213)
</error>
  </testcase>
  <testcase name="literalAbsPrefix" classname="org.jsoup.nodes.NodeTest" time="0">
    <error message="String input must not be null" type="java.lang.IllegalArgumentException">java.lang.IllegalArgumentException: String input must not be null
	at org.jsoup.nodes.NodeTest.literalAbsPrefix(NodeTest.java:79)
</error>
  </testcase>
  <testcase name="handlesBaseUri" classname="org.jsoup.nodes.NodeTest" time="0">
    <error message="Could not initialize class org.jsoup.parser.Tag" type="java.lang.NoClassDefFoundError">java.lang.NoClassDefFoundError: Could not initialize class org.jsoup.parser.Tag
	at org.jsoup.nodes.NodeTest.handlesBaseUri(NodeTest.java:18)
Caused by: java.lang.ExceptionInInitializerError: Exception java.lang.IllegalArgumentException: Object must not be null [in thread "main"]
</error>
  </testcase>
  <testcase name="handlesAbsOnImage" classname="org.jsoup.nodes.NodeTest" time="0">
    <error message="String input must not be null" type="java.lang.IllegalArgumentException">java.lang.IllegalArgumentException: String input must not be null
	at org.jsoup.nodes.NodeTest.handlesAbsOnImage(NodeTest.java:56)
</error>
  </testcase>
  <testcase name="nodeIsNotASiblingOfItself" classname="org.jsoup.nodes.NodeTest" time="0">
    <error message="String input must not be null" type="java.lang.IllegalArgumentException">java.lang.IllegalArgumentException: String input must not be null
	at org.jsoup.nodes.NodeTest.nodeIsNotASiblingOfItself(NodeTest.java:253)
</error>
  </testcase>
  <testcase name="handleAbsOnFileUris" classname="org.jsoup.nodes.NodeTest" time="0">
    <error message="String input must not be null" type="java.lang.IllegalArgumentException">java.lang.IllegalArgumentException: String input must not be null
	at org.jsoup.nodes.NodeTest.handleAbsOnFileUris(NodeTest.java:86)
</error>
  </testcase>
  <testcase name="testReplace" classname="org.jsoup.nodes.NodeTest" time="0">
    <error message="String input must not be null" type="java.lang.IllegalArgumentException">java.lang.IllegalArgumentException: String input must not be null
	at org.jsoup.nodes.NodeTest.testReplace(NodeTest.java:144)
</error>
  </testcase>
  <testcase name="handlesAbsPrefixOnHasAttr" classname="org.jsoup.nodes.NodeTest" time="0">
    <error message="String input must not be null" type="java.lang.IllegalArgumentException">java.lang.IllegalArgumentException: String input must not be null
	at org.jsoup.nodes.NodeTest.handlesAbsPrefixOnHasAttr(NodeTest.java:64)
</error>
  </testcase>
  <testcase name="childNodesCopy" classname="org.jsoup.nodes.NodeTest" time="0">
    <error message="String input must not be null" type="java.lang.IllegalArgumentException">java.lang.IllegalArgumentException: String input must not be null
	at org.jsoup.nodes.NodeTest.childNodesCopy(NodeTest.java:264)
</error>
  </testcase>
  <testcase name="changingAttributeValueShouldReplaceExistingAttributeCaseInsensitive" classname="org.jsoup.nodes.NodeTest" time="0">
    <error message="String input must not be null" type="java.lang.IllegalArgumentException">java.lang.IllegalArgumentException: String input must not be null
	at org.jsoup.nodes.NodeTest.changingAttributeValueShouldReplaceExistingAttributeCaseInsensitive(NodeTest.java:296)
</error>
  </testcase>
  <testcase name="traverse" classname="org.jsoup.nodes.NodeTest" time="0">
    <error message="String input must not be null" type="java.lang.IllegalArgumentException">java.lang.IllegalArgumentException: String input must not be null
	at org.jsoup.nodes.NodeTest.traverse(NodeTest.java:221)
</error>
  </testcase>
  <testcase name="orphanNodeReturnsNullForSiblingElements" classname="org.jsoup.nodes.NodeTest" time="0">
    <error message="Could not initialize class org.jsoup.parser.Tag" type="java.lang.NoClassDefFoundError">java.lang.NoClassDefFoundError: Could not initialize class org.jsoup.parser.Tag
	at org.jsoup.nodes.NodeTest.orphanNodeReturnsNullForSiblingElements(NodeTest.java:238)
Caused by: java.lang.ExceptionInInitializerError: Exception java.lang.IllegalArgumentException: Object must not be null [in thread "main"]
</error>
  </testcase>
  <testcase name="handlesAbsPrefix" classname="org.jsoup.nodes.NodeTest" time="0">
    <error message="String input must not be null" type="java.lang.IllegalArgumentException">java.lang.IllegalArgumentException: String input must not be null
	at org.jsoup.nodes.NodeTest.handlesAbsPrefix(NodeTest.java:48)
</error>
  </testcase>
  <testcase name="testRemove" classname="org.jsoup.nodes.NodeTest" time="0">
    <error message="String input must not be null" type="java.lang.IllegalArgumentException">java.lang.IllegalArgumentException: String input must not be null
	at org.jsoup.nodes.NodeTest.testRemove(NodeTest.java:135)
</error>
  </testcase>
</testsuite>