<?xml version="1.0" encoding="UTF-8"?>
<testsuite xmlns:xsi="http://www.w3.org/2001/XMLSchema-instance" xsi:schemaLocation="https://maven.apache.org/surefire/maven-surefire-plugin/xsd/surefire-test-report.xsd" name="org.jsoup.parser.HtmlParserTest" time="0.021" tests="132" errors="132" skipped="0" failures="0">
  <properties>
    <property name="java.runtime.name" value="Java(TM) SE Runtime Environment"/>
    <property name="java.vm.version" value="19.0.2+7-44"/>
    <property name="sun.boot.library.path" value="/Library/Java/JavaVirtualMachines/jdk-19.jdk/Contents/Home/lib"/>
    <property name="maven.multiModuleProjectDirectory" value="/Users/aparna/Desktop/527FINAL/Mid-termProject/jsoup"/>
    <property name="java.vm.vendor" value="Oracle Corporation"/>
    <property name="java.vendor.url" value="https://java.oracle.com/"/>
    <property name="guice.disable.misplaced.annotation.check" value="true"/>
    <property name="path.separator" value=":"/>
    <property name="java.vm.name" value="Java HotSpot(TM) 64-Bit Server VM"/>
    <property name="user.country" value="US"/>
    <property name="sun.java.launcher" value="SUN_STANDARD"/>
    <property name="java.vm.specification.name" value="Java Virtual Machine Specification"/>
    <property name="user.dir" value="/Users/aparna/Desktop/527FINAL/Mid-termProject/jsoup"/>
    <property name="java.vm.compressedOopsMode" value="Zero based"/>
    <property name="java.runtime.version" value="19.0.2+7-44"/>
    <property name="os.arch" value="aarch64"/>
    <property name="java.io.tmpdir" value="/var/folders/14/md054r_x3nbfh55f96clkh280000gn/T/"/>
    <property name="line.separator" value="&#10;"/>
    <property name="java.vm.specification.vendor" value="Oracle Corporation"/>
    <property name="stderr.encoding" value="UTF-8"/>
    <property name="os.name" value="Mac OS X"/>
    <property name="classworlds.conf" value="/opt/homebrew/Cellar/maven/3.8.7/libexec/bin/m2.conf"/>
    <property name="sun.jnu.encoding" value="UTF-8"/>
    <property name="stdout.encoding" value="UTF-8"/>
    <property name="java.library.path" value="/Users/aparna/Library/Java/Extensions:/Library/Java/Extensions:/Network/Library/Java/Extensions:/System/Library/Java/Extensions:/usr/lib/java:."/>
    <property name="maven.conf" value="/opt/homebrew/Cellar/maven/3.8.7/libexec/conf"/>
    <property name="jdk.debug" value="release"/>
    <property name="java.class.version" value="63.0"/>
    <property name="java.specification.name" value="Java Platform API Specification"/>
    <property name="sun.management.compiler" value="HotSpot 64-Bit Tiered Compilers"/>
    <property name="os.version" value="13.1"/>
    <property name="library.jansi.path" value="/opt/homebrew/Cellar/maven/3.8.7/libexec/lib/jansi-native"/>
    <property name="http.nonProxyHosts" value="local|*.local|169.254/16|*.169.254/16"/>
    <property name="user.home" value="/Users/aparna"/>
    <property name="user.timezone" value="America/Chicago"/>
    <property name="file.encoding" value="UTF-8"/>
    <property name="java.specification.version" value="19"/>
    <property name="user.name" value="aparna"/>
    <property name="java.class.path" value="/opt/homebrew/Cellar/maven/3.8.7/libexec/boot/plexus-classworlds-2.6.0.jar"/>
    <property name="java.vm.specification.version" value="19"/>
    <property name="sun.arch.data.model" value="64"/>
    <property name="sun.java.command" value="org.codehaus.plexus.classworlds.launcher.Launcher surefire:test"/>
    <property name="java.home" value="/Library/Java/JavaVirtualMachines/jdk-19.jdk/Contents/Home"/>
    <property name="apple.awt.application.name" value="Launcher"/>
    <property name="user.language" value="en"/>
    <property name="java.specification.vendor" value="Oracle Corporation"/>
    <property name="java.vm.info" value="mixed mode, sharing"/>
    <property name="java.version" value="19.0.2"/>
    <property name="native.encoding" value="UTF-8"/>
    <property name="java.vendor" value="Oracle Corporation"/>
    <property name="maven.home" value="/opt/homebrew/Cellar/maven/3.8.7/libexec"/>
    <property name="file.separator" value="/"/>
    <property name="java.version.date" value="2023-01-17"/>
    <property name="java.vendor.url.bug" value="https://bugreport.java.com/bugreport/"/>
    <property name="sun.io.unicode.encoding" value="UnicodeBig"/>
    <property name="sun.cpu.endian" value="little"/>
    <property name="socksNonProxyHosts" value="local|*.local|169.254/16|*.169.254/16"/>
    <property name="ftp.nonProxyHosts" value="local|*.local|169.254/16|*.169.254/16"/>
  </properties>
  <testcase name="preservedCaseLinksCantNest" classname="org.jsoup.parser.HtmlParserTest" time="0.001">
    <error message="String input must not be null" type="java.lang.IllegalArgumentException">java.lang.IllegalArgumentException: String input must not be null
	at org.jsoup.parser.HtmlParserTest.preservedCaseLinksCantNest(HtmlParserTest.java:1156)
</error>
  </testcase>
  <testcase name="normalisesHeadlessBody" classname="org.jsoup.parser.HtmlParserTest" time="0">
    <error message="String input must not be null" type="java.lang.IllegalArgumentException">java.lang.IllegalArgumentException: String input must not be null
	at org.jsoup.parser.HtmlParserTest.normalisesHeadlessBody(HtmlParserTest.java:563)
</error>
  </testcase>
  <testcase name="parsesUnterminatedOption" classname="org.jsoup.parser.HtmlParserTest" time="0">
    <error message="String input must not be null" type="java.lang.IllegalArgumentException">java.lang.IllegalArgumentException: String input must not be null
	at org.jsoup.parser.HtmlParserTest.parsesUnterminatedOption(HtmlParserTest.java:143)
</error>
  </testcase>
  <testcase name="handlesProtocolRelativeUrl" classname="org.jsoup.parser.HtmlParserTest" time="0">
    <error message="String input must not be null" type="java.lang.IllegalArgumentException">java.lang.IllegalArgumentException: String input must not be null
	at org.jsoup.parser.HtmlParserTest.handlesProtocolRelativeUrl(HtmlParserTest.java:326)
</error>
  </testcase>
  <testcase name="dropsUnterminatedTag" classname="org.jsoup.parser.HtmlParserTest" time="0">
    <error message="String input must not be null" type="java.lang.IllegalArgumentException">java.lang.IllegalArgumentException: String input must not be null
	at org.jsoup.parser.HtmlParserTest.dropsUnterminatedTag(HtmlParserTest.java:117)
</error>
  </testcase>
  <testcase name="canPreserveAttributeCase" classname="org.jsoup.parser.HtmlParserTest" time="0">
    <error message="String input must not be null" type="java.lang.IllegalArgumentException">java.lang.IllegalArgumentException: String input must not be null
	at org.jsoup.parser.HtmlParserTest.canPreserveAttributeCase(HtmlParserTest.java:1113)
</error>
  </testcase>
  <testcase name="handlesNullInComments" classname="org.jsoup.parser.HtmlParserTest" time="0">
    <error message="String input must not be null" type="java.lang.IllegalArgumentException">java.lang.IllegalArgumentException: String input must not be null
	at org.jsoup.parser.HtmlParserTest.handlesNullInComments(HtmlParserTest.java:806)
</error>
  </testcase>
  <testcase name="handlesTextAfterData" classname="org.jsoup.parser.HtmlParserTest" time="0">
    <error message="String input must not be null" type="java.lang.IllegalArgumentException">java.lang.IllegalArgumentException: String input must not be null
	at org.jsoup.parser.HtmlParserTest.handlesTextAfterData(HtmlParserTest.java:211)
</error>
  </testcase>
  <testcase name="dropsUnterminatedAttribute" classname="org.jsoup.parser.HtmlParserTest" time="0">
    <error message="String input must not be null" type="java.lang.IllegalArgumentException">java.lang.IllegalArgumentException: String input must not be null
	at org.jsoup.parser.HtmlParserTest.dropsUnterminatedAttribute(HtmlParserTest.java:129)
</error>
  </testcase>
  <testcase name="testNormalisesIsIndex" classname="org.jsoup.parser.HtmlParserTest" time="0.001">
    <error message="String input must not be null" type="java.lang.IllegalArgumentException">java.lang.IllegalArgumentException: String input must not be null
	at org.jsoup.parser.HtmlParserTest.testNormalisesIsIndex(HtmlParserTest.java:1039)
</error>
  </testcase>
  <testcase name="noTableDirectInTable" classname="org.jsoup.parser.HtmlParserTest" time="0">
    <error message="String input must not be null" type="java.lang.IllegalArgumentException">java.lang.IllegalArgumentException: String input must not be null
	at org.jsoup.parser.HtmlParserTest.noTableDirectInTable(HtmlParserTest.java:294)
</error>
  </testcase>
  <testcase name="testSupportsPartiallyNonAsciiTags" classname="org.jsoup.parser.HtmlParserTest" time="0">
    <error message="String input must not be null" type="java.lang.IllegalArgumentException">java.lang.IllegalArgumentException: String input must not be null
	at org.jsoup.parser.HtmlParserTest.testSupportsPartiallyNonAsciiTags(HtmlParserTest.java:1069)
</error>
  </testcase>
  <testcase name="testSpaceAfterTag" classname="org.jsoup.parser.HtmlParserTest" time="0">
    <error message="String input must not be null" type="java.lang.IllegalArgumentException">java.lang.IllegalArgumentException: String input must not be null
	at org.jsoup.parser.HtmlParserTest.testSpaceAfterTag(HtmlParserTest.java:158)
</error>
  </testcase>
  <testcase name="handlesXmlDeclarationAsBogusComment" classname="org.jsoup.parser.HtmlParserTest" time="0">
    <error message="String input must not be null" type="java.lang.IllegalArgumentException">java.lang.IllegalArgumentException: String input must not be null
	at org.jsoup.parser.HtmlParserTest.handlesXmlDeclarationAsBogusComment(HtmlParserTest.java:904)
</error>
  </testcase>
  <testcase name="normalisesDocument" classname="org.jsoup.parser.HtmlParserTest" time="0">
    <error message="String input must not be null" type="java.lang.IllegalArgumentException">java.lang.IllegalArgumentException: String input must not be null
	at org.jsoup.parser.HtmlParserTest.normalisesDocument(HtmlParserTest.java:552)
</error>
  </testcase>
  <testcase name="createsStructureFromBodySnippet" classname="org.jsoup.parser.HtmlParserTest" time="0">
    <error message="String input must not be null" type="java.lang.IllegalArgumentException">java.lang.IllegalArgumentException: String input must not be null
	at org.jsoup.parser.HtmlParserTest.createsStructureFromBodySnippet(HtmlParserTest.java:184)
</error>
  </testcase>
  <testcase name="retainsAttributesOfDifferentCaseIfSensitive" classname="org.jsoup.parser.HtmlParserTest" time="0">
    <error message="String input must not be null" type="java.lang.IllegalArgumentException">java.lang.IllegalArgumentException: String input must not be null
	at org.jsoup.parser.HtmlParserTest.retainsAttributesOfDifferentCaseIfSensitive(HtmlParserTest.java:73)
</error>
  </testcase>
  <testcase name="canPreserveTagCase" classname="org.jsoup.parser.HtmlParserTest" time="0.001">
    <error message="String input must not be null" type="java.lang.IllegalArgumentException">java.lang.IllegalArgumentException: String input must not be null
	at org.jsoup.parser.HtmlParserTest.canPreserveTagCase(HtmlParserTest.java:1102)
</error>
  </testcase>
  <testcase name="preservesSpaceInScript" classname="org.jsoup.parser.HtmlParserTest" time="0">
    <error message="String input must not be null" type="java.lang.IllegalArgumentException">java.lang.IllegalArgumentException: String input must not be null
	at org.jsoup.parser.HtmlParserTest.preservesSpaceInScript(HtmlParserTest.java:235)
</error>
  </testcase>
  <testcase name="handlesXmlDeclAndCommentsBeforeDoctype" classname="org.jsoup.parser.HtmlParserTest" time="0">
    <error message="Could not initialize class org.jsoup.parser.Tag" type="java.lang.NoClassDefFoundError">java.lang.NoClassDefFoundError: Could not initialize class org.jsoup.parser.Tag
	at org.jsoup.parser.HtmlParserTest.handlesXmlDeclAndCommentsBeforeDoctype(HtmlParserTest.java:1226)
Caused by: java.lang.ExceptionInInitializerError: Exception java.lang.IllegalArgumentException: Object must not be null [in thread "main"]
</error>
  </testcase>
  <testcase name="testHtmlLowerCase" classname="org.jsoup.parser.HtmlParserTest" time="0">
    <error message="String input must not be null" type="java.lang.IllegalArgumentException">java.lang.IllegalArgumentException: String input must not be null
	at org.jsoup.parser.HtmlParserTest.testHtmlLowerCase(HtmlParserTest.java:1091)
</error>
  </testcase>
  <testcase name="handlesDeepStack" classname="org.jsoup.parser.HtmlParserTest" time="0.004">
    <error message="Object must not be null" type="java.lang.IllegalArgumentException">java.lang.IllegalArgumentException: Object must not be null
	at org.jsoup.parser.HtmlParserTest.handlesDeepStack(HtmlParserTest.java:1015)
</error>
  </testcase>
  <testcase name="parsesSimpleDocument" classname="org.jsoup.parser.HtmlParserTest" time="0">
    <error message="String input must not be null" type="java.lang.IllegalArgumentException">java.lang.IllegalArgumentException: String input must not be null
	at org.jsoup.parser.HtmlParserTest.parsesSimpleDocument(HtmlParserTest.java:39)
</error>
  </testcase>
  <testcase name="doesNotCreateImplicitLists" classname="org.jsoup.parser.HtmlParserTest" time="0">
    <error message="String input must not be null" type="java.lang.IllegalArgumentException">java.lang.IllegalArgumentException: String input must not be null
	at org.jsoup.parser.HtmlParserTest.doesNotCreateImplicitLists(HtmlParserTest.java:246)
</error>
  </testcase>
  <testcase name="parsesUnterminatedTextarea" classname="org.jsoup.parser.HtmlParserTest" time="0">
    <error message="String input must not be null" type="java.lang.IllegalArgumentException">java.lang.IllegalArgumentException: String input must not be null
	at org.jsoup.parser.HtmlParserTest.parsesUnterminatedTextarea(HtmlParserTest.java:135)
</error>
  </testcase>
  <testcase name="testSupportsNonAsciiTags" classname="org.jsoup.parser.HtmlParserTest" time="0">
    <error message="String input must not be null" type="java.lang.IllegalArgumentException">java.lang.IllegalArgumentException: String input must not be null
	at org.jsoup.parser.HtmlParserTest.testSupportsNonAsciiTags(HtmlParserTest.java:1060)
</error>
  </testcase>
  <testcase name="dropsDuplicateAttributes" classname="org.jsoup.parser.HtmlParserTest" time="0">
    <error message="String input must not be null" type="java.lang.IllegalArgumentException">java.lang.IllegalArgumentException: String input must not be null
	at org.jsoup.parser.HtmlParserTest.dropsDuplicateAttributes(HtmlParserTest.java:61)
</error>
  </testcase>
  <testcase name="handlesWhatWgExpensesTableExample" classname="org.jsoup.parser.HtmlParserTest" time="0">
    <error message="String input must not be null" type="java.lang.IllegalArgumentException">java.lang.IllegalArgumentException: String input must not be null
	at org.jsoup.parser.HtmlParserTest.handlesWhatWgExpensesTableExample(HtmlParserTest.java:279)
</error>
  </testcase>
  <testcase name="handlesImplicitCaptionClose" classname="org.jsoup.parser.HtmlParserTest" time="0.001">
    <error message="String input must not be null" type="java.lang.IllegalArgumentException">java.lang.IllegalArgumentException: String input must not be null
	at org.jsoup.parser.HtmlParserTest.handlesImplicitCaptionClose(HtmlParserTest.java:289)
</error>
  </testcase>
  <testcase name="handlesQuotesInCommentsInScripts" classname="org.jsoup.parser.HtmlParserTest" time="0">
    <error message="Object must not be null" type="java.lang.IllegalArgumentException">java.lang.IllegalArgumentException: Object must not be null
	at org.jsoup.parser.HtmlParserTest.handlesQuotesInCommentsInScripts(HtmlParserTest.java:870)
</error>
  </testcase>
  <testcase name="handlesInputInTable" classname="org.jsoup.parser.HtmlParserTest" time="0">
    <error message="String input must not be null" type="java.lang.IllegalArgumentException">java.lang.IllegalArgumentException: String input must not be null
	at org.jsoup.parser.HtmlParserTest.handlesInputInTable(HtmlParserTest.java:951)
</error>
  </testcase>
  <testcase name="handlesInvalidStartTags" classname="org.jsoup.parser.HtmlParserTest" time="0">
    <error message="String input must not be null" type="java.lang.IllegalArgumentException">java.lang.IllegalArgumentException: String input must not be null
	at org.jsoup.parser.HtmlParserTest.handlesInvalidStartTags(HtmlParserTest.java:418)
</error>
  </testcase>
  <testcase name="handlesEscapedData" classname="org.jsoup.parser.HtmlParserTest" time="0">
    <error message="String input must not be null" type="java.lang.IllegalArgumentException">java.lang.IllegalArgumentException: String input must not be null
	at org.jsoup.parser.HtmlParserTest.handlesEscapedData(HtmlParserTest.java:190)
</error>
  </testcase>
  <testcase name="fallbackToUtfIfCantEncode" classname="org.jsoup.parser.HtmlParserTest" time="0">
    <error message="Could not initialize class org.jsoup.parser.Tag" type="java.lang.NoClassDefFoundError">java.lang.NoClassDefFoundError: Could not initialize class org.jsoup.parser.Tag
	at org.jsoup.parser.HtmlParserTest.fallbackToUtfIfCantEncode(HtmlParserTest.java:1238)
Caused by: java.lang.ExceptionInInitializerError: Exception java.lang.IllegalArgumentException: Object must not be null [in thread "main"]
</error>
  </testcase>
  <testcase name="reconstructFormattingElements" classname="org.jsoup.parser.HtmlParserTest" time="0">
    <error message="String input must not be null" type="java.lang.IllegalArgumentException">java.lang.IllegalArgumentException: String input must not be null
	at org.jsoup.parser.HtmlParserTest.reconstructFormattingElements(HtmlParserTest.java:688)
</error>
  </testcase>
  <testcase name="createsDocumentStructure" classname="org.jsoup.parser.HtmlParserTest" time="0">
    <error message="String input must not be null" type="java.lang.IllegalArgumentException">java.lang.IllegalArgumentException: String input must not be null
	at org.jsoup.parser.HtmlParserTest.createsDocumentStructure(HtmlParserTest.java:164)
</error>
  </testcase>
  <testcase name="handlesCdataInScript" classname="org.jsoup.parser.HtmlParserTest" time="0">
    <error message="String input must not be null" type="java.lang.IllegalArgumentException">java.lang.IllegalArgumentException: String input must not be null
	at org.jsoup.parser.HtmlParserTest.handlesCdataInScript(HtmlParserTest.java:371)
</error>
  </testcase>
  <testcase name="handlesUnclosedTitle" classname="org.jsoup.parser.HtmlParserTest" time="0">
    <error message="String input must not be null" type="java.lang.IllegalArgumentException">java.lang.IllegalArgumentException: String input must not be null
	at org.jsoup.parser.HtmlParserTest.handlesUnclosedTitle(HtmlParserTest.java:749)
</error>
  </testcase>
  <testcase name="caseInsensitiveParseTree" classname="org.jsoup.parser.HtmlParserTest" time="0">
    <error message="String input must not be null" type="java.lang.IllegalArgumentException">java.lang.IllegalArgumentException: String input must not be null
	at org.jsoup.parser.HtmlParserTest.caseInsensitiveParseTree(HtmlParserTest.java:1148)
</error>
  </testcase>
  <testcase name="handleNullContextInParseFragment" classname="org.jsoup.parser.HtmlParserTest" time="0.003">
    <error message="String input must not be null" type="java.lang.IllegalArgumentException">java.lang.IllegalArgumentException: String input must not be null
	at org.jsoup.parser.HtmlParserTest.handleNullContextInParseFragment(HtmlParserTest.java:880)
</error>
  </testcase>
  <testcase name="parsesUnterminatedComments" classname="org.jsoup.parser.HtmlParserTest" time="0">
    <error message="String input must not be null" type="java.lang.IllegalArgumentException">java.lang.IllegalArgumentException: String input must not be null
	at org.jsoup.parser.HtmlParserTest.parsesUnterminatedComments(HtmlParserTest.java:105)
</error>
  </testcase>
  <testcase name="emptyTdTag" classname="org.jsoup.parser.HtmlParserTest" time="0.001">
    <error message="String input must not be null" type="java.lang.IllegalArgumentException">java.lang.IllegalArgumentException: String input must not be null
	at org.jsoup.parser.HtmlParserTest.emptyTdTag(HtmlParserTest.java:717)
</error>
  </testcase>
  <testcase name="caseSensitiveParseTree" classname="org.jsoup.parser.HtmlParserTest" time="0">
    <error message="String input must not be null" type="java.lang.IllegalArgumentException">java.lang.IllegalArgumentException: String input must not be null
	at org.jsoup.parser.HtmlParserTest.caseSensitiveParseTree(HtmlParserTest.java:1141)
</error>
  </testcase>
  <testcase name="testFragment" classname="org.jsoup.parser.HtmlParserTest" time="0">
    <error message="Object must not be null" type="java.lang.IllegalArgumentException">java.lang.IllegalArgumentException: Object must not be null
	at org.jsoup.parser.HtmlParserTest.testFragment(HtmlParserTest.java:1081)
</error>
  </testcase>
  <testcase name="handlesUnclosedScriptAtEof" classname="org.jsoup.parser.HtmlParserTest" time="0">
    <error message="String input must not be null" type="java.lang.IllegalArgumentException">java.lang.IllegalArgumentException: String input must not be null
	at org.jsoup.parser.HtmlParserTest.handlesUnclosedScriptAtEof(HtmlParserTest.java:759)
</error>
  </testcase>
  <testcase name="handlesNewlinesAndWhitespaceInTag" classname="org.jsoup.parser.HtmlParserTest" time="0">
    <error message="String input must not be null" type="java.lang.IllegalArgumentException">java.lang.IllegalArgumentException: String input must not be null
	at org.jsoup.parser.HtmlParserTest.handlesNewlinesAndWhitespaceInTag(HtmlParserTest.java:811)
</error>
  </testcase>
  <testcase name="handlesDataOnlyTags" classname="org.jsoup.parser.HtmlParserTest" time="0">
    <error message="String input must not be null" type="java.lang.IllegalArgumentException">java.lang.IllegalArgumentException: String input must not be null
	at org.jsoup.parser.HtmlParserTest.handlesDataOnlyTags(HtmlParserTest.java:199)
</error>
  </testcase>
  <testcase name="normalizesDiscordantTags" classname="org.jsoup.parser.HtmlParserTest" time="0">
    <error message="String input must not be null" type="java.lang.IllegalArgumentException">java.lang.IllegalArgumentException: String input must not be null
	at org.jsoup.parser.HtmlParserTest.normalizesDiscordantTags(HtmlParserTest.java:1161)
</error>
  </testcase>
  <testcase name="handlesCdataAcrossBuffer" classname="org.jsoup.parser.HtmlParserTest" time="0">
    <error message="String input must not be null" type="java.lang.IllegalArgumentException">java.lang.IllegalArgumentException: String input must not be null
	at org.jsoup.parser.HtmlParserTest.handlesCdataAcrossBuffer(HtmlParserTest.java:362)
</error>
  </testcase>
  <testcase name="noImplicitFormForTextAreas" classname="org.jsoup.parser.HtmlParserTest" time="0">
    <error message="String input must not be null" type="java.lang.IllegalArgumentException">java.lang.IllegalArgumentException: String input must not be null
	at org.jsoup.parser.HtmlParserTest.noImplicitFormForTextAreas(HtmlParserTest.java:786)
</error>
  </testcase>
  <testcase name="commentBeforeHtml" classname="org.jsoup.parser.HtmlParserTest" time="0">
    <error message="String input must not be null" type="java.lang.IllegalArgumentException">java.lang.IllegalArgumentException: String input must not be null
	at org.jsoup.parser.HtmlParserTest.commentBeforeHtml(HtmlParserTest.java:711)
</error>
  </testcase>
  <testcase name="handlesUnclosedCdataAtEOF" classname="org.jsoup.parser.HtmlParserTest" time="0.001">
    <error message="String input must not be null" type="java.lang.IllegalArgumentException">java.lang.IllegalArgumentException: String input must not be null
	at org.jsoup.parser.HtmlParserTest.handlesUnclosedCdataAtEOF(HtmlParserTest.java:387)
</error>
  </testcase>
  <testcase name="handlesCdata" classname="org.jsoup.parser.HtmlParserTest" time="0">
    <error message="String input must not be null" type="java.lang.IllegalArgumentException">java.lang.IllegalArgumentException: String input must not be null
	at org.jsoup.parser.HtmlParserTest.handlesCdata(HtmlParserTest.java:334)
</error>
  </testcase>
  <testcase name="handlesKnownEmptyBlocks" classname="org.jsoup.parser.HtmlParserTest" time="0">
    <error message="String input must not be null" type="java.lang.IllegalArgumentException">java.lang.IllegalArgumentException: String input must not be null
	at org.jsoup.parser.HtmlParserTest.handlesKnownEmptyBlocks(HtmlParserTest.java:456)
</error>
  </testcase>
  <testcase name="createsFormElements" classname="org.jsoup.parser.HtmlParserTest" time="0">
    <error message="String input must not be null" type="java.lang.IllegalArgumentException">java.lang.IllegalArgumentException: String input must not be null
	at org.jsoup.parser.HtmlParserTest.createsFormElements(HtmlParserTest.java:917)
</error>
  </testcase>
  <testcase name="noErrorsByDefault" classname="org.jsoup.parser.HtmlParserTest" time="0">
    <error message="String input must not be null" type="java.lang.IllegalArgumentException">java.lang.IllegalArgumentException: String input must not be null
	at org.jsoup.parser.HtmlParserTest.noErrorsByDefault(HtmlParserTest.java:852)
</error>
  </testcase>
  <testcase name="testHeaderContents" classname="org.jsoup.parser.HtmlParserTest" time="0">
    <error message="String input must not be null" type="java.lang.IllegalArgumentException">java.lang.IllegalArgumentException: String input must not be null
	at org.jsoup.parser.HtmlParserTest.testHeaderContents(HtmlParserTest.java:595)
</error>
  </testcase>
  <testcase name="testRelaxedTags" classname="org.jsoup.parser.HtmlParserTest" time="0">
    <error message="String input must not be null" type="java.lang.IllegalArgumentException">java.lang.IllegalArgumentException: String input must not be null
	at org.jsoup.parser.HtmlParserTest.testRelaxedTags(HtmlParserTest.java:588)
</error>
  </testcase>
  <testcase name="handlesKnownEmptyStyle" classname="org.jsoup.parser.HtmlParserTest" time="0">
    <error message="String input must not be null" type="java.lang.IllegalArgumentException">java.lang.IllegalArgumentException: String input must not be null
	at org.jsoup.parser.HtmlParserTest.handlesKnownEmptyStyle(HtmlParserTest.java:468)
</error>
  </testcase>
  <testcase name="handlesKnownEmptyTitle" classname="org.jsoup.parser.HtmlParserTest" time="0">
    <error message="String input must not be null" type="java.lang.IllegalArgumentException">java.lang.IllegalArgumentException: String input must not be null
	at org.jsoup.parser.HtmlParserTest.handlesKnownEmptyTitle(HtmlParserTest.java:474)
</error>
  </testcase>
  <testcase name="preservesSpaceInTextArea" classname="org.jsoup.parser.HtmlParserTest" time="0">
    <error message="String input must not be null" type="java.lang.IllegalArgumentException">java.lang.IllegalArgumentException: String input must not be null
	at org.jsoup.parser.HtmlParserTest.preservesSpaceInTextArea(HtmlParserTest.java:224)
</error>
  </testcase>
  <testcase name="handlesUnexpectedMarkupInTables" classname="org.jsoup.parser.HtmlParserTest" time="0">
    <error message="String input must not be null" type="java.lang.IllegalArgumentException">java.lang.IllegalArgumentException: String input must not be null
	at org.jsoup.parser.HtmlParserTest.handlesUnexpectedMarkupInTables(HtmlParserTest.java:652)
</error>
  </testcase>
  <testcase name="handlesKnownEmptyIframe" classname="org.jsoup.parser.HtmlParserTest" time="0">
    <error message="String input must not be null" type="java.lang.IllegalArgumentException">java.lang.IllegalArgumentException: String input must not be null
	at org.jsoup.parser.HtmlParserTest.handlesKnownEmptyIframe(HtmlParserTest.java:480)
</error>
  </testcase>
  <testcase name="characterReaderBuffer" classname="org.jsoup.parser.HtmlParserTest" time="0.001">
    <error message="Could not initialize class org.jsoup.parser.Tag" type="java.lang.NoClassDefFoundError">java.lang.NoClassDefFoundError: Could not initialize class org.jsoup.parser.Tag
	at org.jsoup.parser.HtmlParserTest.characterReaderBuffer(HtmlParserTest.java:1249)
Caused by: java.lang.ExceptionInInitializerError: Exception java.lang.IllegalArgumentException: Object must not be null [in thread "main"]
</error>
  </testcase>
  <testcase name="testTemplateInsideTable" classname="org.jsoup.parser.HtmlParserTest" time="0.001">
    <error message="Could not initialize class org.jsoup.parser.Tag" type="java.lang.NoClassDefFoundError">java.lang.NoClassDefFoundError: Could not initialize class org.jsoup.parser.Tag
	at org.jsoup.parser.HtmlParserTest.testTemplateInsideTable(HtmlParserTest.java:1190)
Caused by: java.lang.ExceptionInInitializerError: Exception java.lang.IllegalArgumentException: Object must not be null [in thread "main"]
</error>
  </testcase>
  <testcase name="cdataNodesAreTextNodes" classname="org.jsoup.parser.HtmlParserTest" time="0">
    <error message="String input must not be null" type="java.lang.IllegalArgumentException">java.lang.IllegalArgumentException: String input must not be null
	at org.jsoup.parser.HtmlParserTest.cdataNodesAreTextNodes(HtmlParserTest.java:407)
</error>
  </testcase>
  <testcase name="ignoresContentAfterFrameset" classname="org.jsoup.parser.HtmlParserTest" time="0">
    <error message="String input must not be null" type="java.lang.IllegalArgumentException">java.lang.IllegalArgumentException: String input must not be null
	at org.jsoup.parser.HtmlParserTest.ignoresContentAfterFrameset(HtmlParserTest.java:528)
</error>
  </testcase>
  <testcase name="handlesBaseTags" classname="org.jsoup.parser.HtmlParserTest" time="0">
    <error message="String input must not be null" type="java.lang.IllegalArgumentException">java.lang.IllegalArgumentException: String input must not be null
	at org.jsoup.parser.HtmlParserTest.handlesBaseTags(HtmlParserTest.java:308)
</error>
  </testcase>
  <testcase name="testSpanContents" classname="org.jsoup.parser.HtmlParserTest" time="0">
    <error message="String input must not be null" type="java.lang.IllegalArgumentException">java.lang.IllegalArgumentException: String input must not be null
	at org.jsoup.parser.HtmlParserTest.testSpanContents(HtmlParserTest.java:601)
</error>
  </testcase>
  <testcase name="handles0CharacterAsText" classname="org.jsoup.parser.HtmlParserTest" time="0">
    <error message="String input must not be null" type="java.lang.IllegalArgumentException">java.lang.IllegalArgumentException: String input must not be null
	at org.jsoup.parser.HtmlParserTest.handles0CharacterAsText(HtmlParserTest.java:796)
</error>
  </testcase>
  <testcase name="handlesFrames" classname="org.jsoup.parser.HtmlParserTest" time="0">
    <error message="String input must not be null" type="java.lang.IllegalArgumentException">java.lang.IllegalArgumentException: String input must not be null
	at org.jsoup.parser.HtmlParserTest.handlesFrames(HtmlParserTest.java:520)
</error>
  </testcase>
  <testcase name="handlesJavadocFont" classname="org.jsoup.parser.HtmlParserTest" time="0">
    <error message="String input must not be null" type="java.lang.IllegalArgumentException">java.lang.IllegalArgumentException: String input must not be null
	at org.jsoup.parser.HtmlParserTest.handlesJavadocFont(HtmlParserTest.java:535)
</error>
  </testcase>
  <testcase name="testReinsertionModeForThCelss" classname="org.jsoup.parser.HtmlParserTest" time="0">
    <error message="String input must not be null" type="java.lang.IllegalArgumentException">java.lang.IllegalArgumentException: String input must not be null
	at org.jsoup.parser.HtmlParserTest.testReinsertionModeForThCelss(HtmlParserTest.java:1047)
</error>
  </testcase>
  <testcase name="handlesControlCodeInAttributeName" classname="org.jsoup.parser.HtmlParserTest" time="0">
    <error message="String input must not be null" type="java.lang.IllegalArgumentException">java.lang.IllegalArgumentException: String input must not be null
	at org.jsoup.parser.HtmlParserTest.handlesControlCodeInAttributeName(HtmlParserTest.java:1133)
</error>
  </testcase>
  <testcase name="handlesInvalidDoctypes" classname="org.jsoup.parser.HtmlParserTest" time="0">
    <error message="String input must not be null" type="java.lang.IllegalArgumentException">java.lang.IllegalArgumentException: String input must not be null
	at org.jsoup.parser.HtmlParserTest.handlesInvalidDoctypes(HtmlParserTest.java:965)
</error>
  </testcase>
  <testcase name="handlesTagsInTextarea" classname="org.jsoup.parser.HtmlParserTest" time="0">
    <error message="String input must not be null" type="java.lang.IllegalArgumentException">java.lang.IllegalArgumentException: String input must not be null
	at org.jsoup.parser.HtmlParserTest.handlesTagsInTextarea(HtmlParserTest.java:910)
</error>
  </testcase>
  <testcase name="handlesCommentsInTable" classname="org.jsoup.parser.HtmlParserTest" time="0">
    <error message="Object must not be null" type="java.lang.IllegalArgumentException">java.lang.IllegalArgumentException: Object must not be null
	at org.jsoup.parser.HtmlParserTest.handlesCommentsInTable(HtmlParserTest.java:860)
</error>
  </testcase>
  <testcase name="handlesEscapedScript" classname="org.jsoup.parser.HtmlParserTest" time="0">
    <error message="String input must not be null" type="java.lang.IllegalArgumentException">java.lang.IllegalArgumentException: String input must not be null
	at org.jsoup.parser.HtmlParserTest.handlesEscapedScript(HtmlParserTest.java:791)
</error>
  </testcase>
  <testcase name="testInvalidTableContents" classname="org.jsoup.parser.HtmlParserTest" time="0">
    <error message="Could not initialize class org.jsoup.parser.Tag" type="java.lang.NoClassDefFoundError">java.lang.NoClassDefFoundError: Could not initialize class org.jsoup.parser.Tag
	at org.jsoup.parser.HtmlParserTest.testInvalidTableContents(HtmlParserTest.java:1028)
Caused by: java.lang.ExceptionInInitializerError: Exception java.lang.IllegalArgumentException: Object must not be null [in thread "main"]
</error>
  </testcase>
  <testcase name="handlesUnknownTags" classname="org.jsoup.parser.HtmlParserTest" time="0">
    <error message="String input must not be null" type="java.lang.IllegalArgumentException">java.lang.IllegalArgumentException: String input must not be null
	at org.jsoup.parser.HtmlParserTest.handlesUnknownTags(HtmlParserTest.java:424)
</error>
  </testcase>
  <testcase name="ignoresDupeEndTrTag" classname="org.jsoup.parser.HtmlParserTest" time="0">
    <error message="String input must not be null" type="java.lang.IllegalArgumentException">java.lang.IllegalArgumentException: String input must not be null
	at org.jsoup.parser.HtmlParserTest.ignoresDupeEndTrTag(HtmlParserTest.java:300)
</error>
  </testcase>
  <testcase name="associatedFormControlsWithDisjointForms" classname="org.jsoup.parser.HtmlParserTest" time="0">
    <error message="String input must not be null" type="java.lang.IllegalArgumentException">java.lang.IllegalArgumentException: String input must not be null
	at org.jsoup.parser.HtmlParserTest.associatedFormControlsWithDisjointForms(HtmlParserTest.java:931)
</error>
  </testcase>
  <testcase name="handlesTbodyTable" classname="org.jsoup.parser.HtmlParserTest" time="0">
    <error message="String input must not be null" type="java.lang.IllegalArgumentException">java.lang.IllegalArgumentException: String input must not be null
	at org.jsoup.parser.HtmlParserTest.handlesTbodyTable(HtmlParserTest.java:284)
</error>
  </testcase>
  <testcase name="normalisedBodyAfterContent" classname="org.jsoup.parser.HtmlParserTest" time="0">
    <error message="String input must not be null" type="java.lang.IllegalArgumentException">java.lang.IllegalArgumentException: String input must not be null
	at org.jsoup.parser.HtmlParserTest.normalisedBodyAfterContent(HtmlParserTest.java:569)
</error>
  </testcase>
  <testcase name="handlesSpanInTbody" classname="org.jsoup.parser.HtmlParserTest" time="0.001">
    <error message="String input must not be null" type="java.lang.IllegalArgumentException">java.lang.IllegalArgumentException: String input must not be null
	at org.jsoup.parser.HtmlParserTest.handlesSpanInTbody(HtmlParserTest.java:733)
</error>
  </testcase>
  <testcase name="handlesUnclosedTitleAtEof" classname="org.jsoup.parser.HtmlParserTest" time="0">
    <error message="String input must not be null" type="java.lang.IllegalArgumentException">java.lang.IllegalArgumentException: String input must not be null
	at org.jsoup.parser.HtmlParserTest.handlesUnclosedTitleAtEof(HtmlParserTest.java:739)
</error>
  </testcase>
  <testcase name="handlesSolidusAtAttributeEnd" classname="org.jsoup.parser.HtmlParserTest" time="0">
    <error message="String input must not be null" type="java.lang.IllegalArgumentException">java.lang.IllegalArgumentException: String input must not be null
	at org.jsoup.parser.HtmlParserTest.handlesSolidusAtAttributeEnd(HtmlParserTest.java:487)
</error>
  </testcase>
  <testcase name="handlesUnknownNamespaceTags" classname="org.jsoup.parser.HtmlParserTest" time="0">
    <error message="String input must not be null" type="java.lang.IllegalArgumentException">java.lang.IllegalArgumentException: String input must not be null
	at org.jsoup.parser.HtmlParserTest.handlesUnknownNamespaceTags(HtmlParserTest.java:449)
</error>
  </testcase>
  <testcase name="handlesKnownEmptyNoFrames" classname="org.jsoup.parser.HtmlParserTest" time="0">
    <error message="String input must not be null" type="java.lang.IllegalArgumentException">java.lang.IllegalArgumentException: String input must not be null
	at org.jsoup.parser.HtmlParserTest.handlesKnownEmptyNoFrames(HtmlParserTest.java:462)
</error>
  </testcase>
  <testcase name="roundTripsCdata" classname="org.jsoup.parser.HtmlParserTest" time="0">
    <error message="String input must not be null" type="java.lang.IllegalArgumentException">java.lang.IllegalArgumentException: String input must not be null
	at org.jsoup.parser.HtmlParserTest.roundTripsCdata(HtmlParserTest.java:343)
</error>
  </testcase>
  <testcase name="handlesManyChildren" classname="org.jsoup.parser.HtmlParserTest" time="0.001">
    <error message="Object must not be null" type="java.lang.IllegalArgumentException">java.lang.IllegalArgumentException: Object must not be null
	at org.jsoup.parser.HtmlParserTest.handlesManyChildren(HtmlParserTest.java:991)
</error>
  </testcase>
  <testcase name="handlesTextArea" classname="org.jsoup.parser.HtmlParserTest" time="0">
    <error message="String input must not be null" type="java.lang.IllegalArgumentException">java.lang.IllegalArgumentException: String input must not be null
	at org.jsoup.parser.HtmlParserTest.handlesTextArea(HtmlParserTest.java:216)
</error>
  </testcase>
  <testcase name="convertsImageToImg" classname="org.jsoup.parser.HtmlParserTest" time="0">
    <error message="String input must not be null" type="java.lang.IllegalArgumentException">java.lang.IllegalArgumentException: String input must not be null
	at org.jsoup.parser.HtmlParserTest.convertsImageToImg(HtmlParserTest.java:959)
</error>
  </testcase>
  <testcase name="preSkipsFirstNewline" classname="org.jsoup.parser.HtmlParserTest" time="0">
    <error message="String input must not be null" type="java.lang.IllegalArgumentException">java.lang.IllegalArgumentException: String input must not be null
	at org.jsoup.parser.HtmlParserTest.preSkipsFirstNewline(HtmlParserTest.java:1218)
</error>
  </testcase>
  <testcase name="commentAtEnd" classname="org.jsoup.parser.HtmlParserTest" time="0">
    <error message="String input must not be null" type="java.lang.IllegalArgumentException">java.lang.IllegalArgumentException: String input must not be null
	at org.jsoup.parser.HtmlParserTest.commentAtEnd(HtmlParserTest.java:1213)
</error>
  </testcase>
  <testcase name="selfClosingOnNonvoidIsError" classname="org.jsoup.parser.HtmlParserTest" time="0">
    <error message="String input must not be null" type="java.lang.IllegalArgumentException">java.lang.IllegalArgumentException: String input must not be null
	at org.jsoup.parser.HtmlParserTest.selfClosingOnNonvoidIsError(HtmlParserTest.java:1179)
</error>
  </testcase>
  <testcase name="handlesNestedImplicitTable" classname="org.jsoup.parser.HtmlParserTest" time="0">
    <error message="String input must not be null" type="java.lang.IllegalArgumentException">java.lang.IllegalArgumentException: String input must not be null
	at org.jsoup.parser.HtmlParserTest.handlesNestedImplicitTable(HtmlParserTest.java:273)
</error>
  </testcase>
  <testcase name="parsesRoughAttributes" classname="org.jsoup.parser.HtmlParserTest" time="0">
    <error message="String input must not be null" type="java.lang.IllegalArgumentException">java.lang.IllegalArgumentException: String input must not be null
	at org.jsoup.parser.HtmlParserTest.parsesRoughAttributes(HtmlParserTest.java:50)
</error>
  </testcase>
  <testcase name="testUsingSingleQuotesInQueries" classname="org.jsoup.parser.HtmlParserTest" time="0">
    <error message="String input must not be null" type="java.lang.IllegalArgumentException">java.lang.IllegalArgumentException: String input must not be null
	at org.jsoup.parser.HtmlParserTest.testUsingSingleQuotesInQueries(HtmlParserTest.java:1053)
</error>
  </testcase>
  <testcase name="handlesUnclosedDefinitionLists" classname="org.jsoup.parser.HtmlParserTest" time="0">
    <error message="String input must not be null" type="java.lang.IllegalArgumentException">java.lang.IllegalArgumentException: String input must not be null
	at org.jsoup.parser.HtmlParserTest.handlesUnclosedDefinitionLists(HtmlParserTest.java:501)
</error>
  </testcase>
  <testcase name="handlesWhitespaceInoDocType" classname="org.jsoup.parser.HtmlParserTest" time="0">
    <error message="String input must not be null" type="java.lang.IllegalArgumentException">java.lang.IllegalArgumentException: String input must not be null
	at org.jsoup.parser.HtmlParserTest.handlesWhitespaceInoDocType(HtmlParserTest.java:819)
</error>
  </testcase>
  <testcase name="reconstructFormattingElementsInTable" classname="org.jsoup.parser.HtmlParserTest" time="0">
    <error message="String input must not be null" type="java.lang.IllegalArgumentException">java.lang.IllegalArgumentException: String input must not be null
	at org.jsoup.parser.HtmlParserTest.reconstructFormattingElementsInTable(HtmlParserTest.java:696)
</error>
  </testcase>
  <testcase name="selfClosingVoidIsNotAnError" classname="org.jsoup.parser.HtmlParserTest" time="0">
    <error message="String input must not be null" type="java.lang.IllegalArgumentException">java.lang.IllegalArgumentException: String input must not be null
	at org.jsoup.parser.HtmlParserTest.selfClosingVoidIsNotAnError(HtmlParserTest.java:1168)
</error>
  </testcase>
  <testcase name="testNoImagesInNoScriptInHead" classname="org.jsoup.parser.HtmlParserTest" time="0">
    <error message="String input must not be null" type="java.lang.IllegalArgumentException">java.lang.IllegalArgumentException: String input must not be null
	at org.jsoup.parser.HtmlParserTest.testNoImagesInNoScriptInHead(HtmlParserTest.java:607)
</error>
  </testcase>
  <testcase name="handlesBaseWithoutHref" classname="org.jsoup.parser.HtmlParserTest" time="0">
    <error message="String input must not be null" type="java.lang.IllegalArgumentException">java.lang.IllegalArgumentException: String input must not be null
	at org.jsoup.parser.HtmlParserTest.handlesBaseWithoutHref(HtmlParserTest.java:544)
</error>
  </testcase>
  <testcase name="handlesUnclosedRawtextAtEof" classname="org.jsoup.parser.HtmlParserTest" time="0">
    <error message="String input must not be null" type="java.lang.IllegalArgumentException">java.lang.IllegalArgumentException: String input must not be null
	at org.jsoup.parser.HtmlParserTest.handlesUnclosedRawtextAtEof(HtmlParserTest.java:775)
</error>
  </testcase>
  <testcase name="tracksLimitedErrorsWhenRequested" classname="org.jsoup.parser.HtmlParserTest" time="0">
    <error message="String input must not be null" type="java.lang.IllegalArgumentException">java.lang.IllegalArgumentException: String input must not be null
	at org.jsoup.parser.HtmlParserTest.tracksLimitedErrorsWhenRequested(HtmlParserTest.java:840)
</error>
  </testcase>
  <testcase name="doesNotFindShortestMatchingEntity" classname="org.jsoup.parser.HtmlParserTest" time="0">
    <error message="String input must not be null" type="java.lang.IllegalArgumentException">java.lang.IllegalArgumentException: String input must not be null
	at org.jsoup.parser.HtmlParserTest.doesNotFindShortestMatchingEntity(HtmlParserTest.java:890)
</error>
  </testcase>
  <testcase name="tracksErrorsWhenRequested" classname="org.jsoup.parser.HtmlParserTest" time="0">
    <error message="String input must not be null" type="java.lang.IllegalArgumentException">java.lang.IllegalArgumentException: String input must not be null
	at org.jsoup.parser.HtmlParserTest.tracksErrorsWhenRequested(HtmlParserTest.java:826)
</error>
  </testcase>
  <testcase name="handlesUnclosedAnchors" classname="org.jsoup.parser.HtmlParserTest" time="0.001">
    <error message="String input must not be null" type="java.lang.IllegalArgumentException">java.lang.IllegalArgumentException: String input must not be null
	at org.jsoup.parser.HtmlParserTest.handlesUnclosedAnchors(HtmlParserTest.java:680)
</error>
  </testcase>
  <testcase name="parsesBodyFragment" classname="org.jsoup.parser.HtmlParserTest" time="0">
    <error message="Object must not be null" type="java.lang.IllegalArgumentException">java.lang.IllegalArgumentException: Object must not be null
	at org.jsoup.parser.HtmlParserTest.parsesBodyFragment(HtmlParserTest.java:441)
</error>
  </testcase>
  <testcase name="handlesUnknownInlineTags" classname="org.jsoup.parser.HtmlParserTest" time="0">
    <error message="Object must not be null" type="java.lang.IllegalArgumentException">java.lang.IllegalArgumentException: Object must not be null
	at org.jsoup.parser.HtmlParserTest.handlesUnknownInlineTags(HtmlParserTest.java:434)
</error>
  </testcase>
  <testcase name="testSelectWithOption" classname="org.jsoup.parser.HtmlParserTest" time="0">
    <error message="String input must not be null" type="java.lang.IllegalArgumentException">java.lang.IllegalArgumentException: String input must not be null
	at org.jsoup.parser.HtmlParserTest.testSelectWithOption(HtmlParserTest.java:153)
</error>
  </testcase>
  <testcase name="normalisesEmptyDocument" classname="org.jsoup.parser.HtmlParserTest" time="0">
    <error message="String input must not be null" type="java.lang.IllegalArgumentException">java.lang.IllegalArgumentException: String input must not be null
	at org.jsoup.parser.HtmlParserTest.normalisesEmptyDocument(HtmlParserTest.java:558)
</error>
  </testcase>
  <testcase name="relaxedBaseEntityMatchAndStrictExtendedMatch" classname="org.jsoup.parser.HtmlParserTest" time="0">
    <error message="String input must not be null" type="java.lang.IllegalArgumentException">java.lang.IllegalArgumentException: String input must not be null
	at org.jsoup.parser.HtmlParserTest.relaxedBaseEntityMatchAndStrictExtendedMatch(HtmlParserTest.java:897)
</error>
  </testcase>
  <testcase name="handlesUnclosedFormattingElements" classname="org.jsoup.parser.HtmlParserTest" time="0">
    <error message="String input must not be null" type="java.lang.IllegalArgumentException">java.lang.IllegalArgumentException: String input must not be null
	at org.jsoup.parser.HtmlParserTest.handlesUnclosedFormattingElements(HtmlParserTest.java:663)
</error>
  </testcase>
  <testcase name="handlesSolidusInA" classname="org.jsoup.parser.HtmlParserTest" time="0">
    <error message="String input must not be null" type="java.lang.IllegalArgumentException">java.lang.IllegalArgumentException: String input must not be null
	at org.jsoup.parser.HtmlParserTest.handlesSolidusInA(HtmlParserTest.java:724)
</error>
  </testcase>
  <testcase name="testHgroup" classname="org.jsoup.parser.HtmlParserTest" time="0">
    <error message="String input must not be null" type="java.lang.IllegalArgumentException">java.lang.IllegalArgumentException: String input must not be null
	at org.jsoup.parser.HtmlParserTest.testHgroup(HtmlParserTest.java:583)
</error>
  </testcase>
  <testcase name="discardsNakedTds" classname="org.jsoup.parser.HtmlParserTest" time="0">
    <error message="String input must not be null" type="java.lang.IllegalArgumentException">java.lang.IllegalArgumentException: String input must not be null
	at org.jsoup.parser.HtmlParserTest.discardsNakedTds(HtmlParserTest.java:267)
</error>
  </testcase>
  <testcase name="parsesComments" classname="org.jsoup.parser.HtmlParserTest" time="0">
    <error message="String input must not be null" type="java.lang.IllegalArgumentException">java.lang.IllegalArgumentException: String input must not be null
	at org.jsoup.parser.HtmlParserTest.parsesComments(HtmlParserTest.java:93)
</error>
  </testcase>
  <testcase name="testFontFlowContents" classname="org.jsoup.parser.HtmlParserTest" time="0">
    <error message="String input must not be null" type="java.lang.IllegalArgumentException">java.lang.IllegalArgumentException: String input must not be null
	at org.jsoup.parser.HtmlParserTest.testFontFlowContents(HtmlParserTest.java:619)
</error>
  </testcase>
  <testcase name="handlesMisnestedTagsBI" classname="org.jsoup.parser.HtmlParserTest" time="0">
    <error message="String input must not be null" type="java.lang.IllegalArgumentException">java.lang.IllegalArgumentException: String input must not be null
	at org.jsoup.parser.HtmlParserTest.handlesMisnestedTagsBI(HtmlParserTest.java:626)
</error>
  </testcase>
  <testcase name="handlesMisnestedTagsBP" classname="org.jsoup.parser.HtmlParserTest" time="0">
    <error message="String input must not be null" type="java.lang.IllegalArgumentException">java.lang.IllegalArgumentException: String input must not be null
	at org.jsoup.parser.HtmlParserTest.handlesMisnestedTagsBP(HtmlParserTest.java:634)
</error>
  </testcase>
  <testcase name="canPreserveBothCase" classname="org.jsoup.parser.HtmlParserTest" time="0">
    <error message="String input must not be null" type="java.lang.IllegalArgumentException">java.lang.IllegalArgumentException: String input must not be null
	at org.jsoup.parser.HtmlParserTest.canPreserveBothCase(HtmlParserTest.java:1124)
</error>
  </testcase>
  <testcase name="testHandlesDeepSpans" classname="org.jsoup.parser.HtmlParserTest" time="0.001">
    <error message="String input must not be null" type="java.lang.IllegalArgumentException">java.lang.IllegalArgumentException: String input must not be null
	at org.jsoup.parser.HtmlParserTest.testHandlesDeepSpans(HtmlParserTest.java:1207)
</error>
  </testcase>
  <testcase name="handleCDataInText" classname="org.jsoup.parser.HtmlParserTest" time="0">
    <error message="String input must not be null" type="java.lang.IllegalArgumentException">java.lang.IllegalArgumentException: String input must not be null
	at org.jsoup.parser.HtmlParserTest.handleCDataInText(HtmlParserTest.java:393)
</error>
  </testcase>
  <testcase name="findsCharsetInMalformedMeta" classname="org.jsoup.parser.HtmlParserTest" time="0">
    <error message="String input must not be null" type="java.lang.IllegalArgumentException">java.lang.IllegalArgumentException: String input must not be null
	at org.jsoup.parser.HtmlParserTest.findsCharsetInMalformedMeta(HtmlParserTest.java:577)
</error>
  </testcase>
  <testcase name="handlesMultiClosingBody" classname="org.jsoup.parser.HtmlParserTest" time="0">
    <error message="String input must not be null" type="java.lang.IllegalArgumentException">java.lang.IllegalArgumentException: String input must not be null
	at org.jsoup.parser.HtmlParserTest.handlesMultiClosingBody(HtmlParserTest.java:493)
</error>
  </testcase>
  <testcase name="handlesBlocksInDefinitions" classname="org.jsoup.parser.HtmlParserTest" time="0">
    <error message="String input must not be null" type="java.lang.IllegalArgumentException">java.lang.IllegalArgumentException: String input must not be null
	at org.jsoup.parser.HtmlParserTest.handlesBlocksInDefinitions(HtmlParserTest.java:512)
</error>
  </testcase>
  <testcase name="testAFlowContents" classname="org.jsoup.parser.HtmlParserTest" time="0">
    <error message="String input must not be null" type="java.lang.IllegalArgumentException">java.lang.IllegalArgumentException: String input must not be null
	at org.jsoup.parser.HtmlParserTest.testAFlowContents(HtmlParserTest.java:613)
</error>
  </testcase>
  <testcase name="handlesNullInData" classname="org.jsoup.parser.HtmlParserTest" time="0">
    <error message="String input must not be null" type="java.lang.IllegalArgumentException">java.lang.IllegalArgumentException: String input must not be null
	at org.jsoup.parser.HtmlParserTest.handlesNullInData(HtmlParserTest.java:801)
</error>
  </testcase>
  <testcase name="parsesQuiteRoughAttributes" classname="org.jsoup.parser.HtmlParserTest" time="0">
    <error message="String input must not be null" type="java.lang.IllegalArgumentException">java.lang.IllegalArgumentException: String input must not be null
	at org.jsoup.parser.HtmlParserTest.parsesQuiteRoughAttributes(HtmlParserTest.java:80)
</error>
  </testcase>
</testsuite>