<?xml version="1.0" encoding="UTF-8"?>
<testsuite xmlns:xsi="http://www.w3.org/2001/XMLSchema-instance" xsi:schemaLocation="https://maven.apache.org/surefire/maven-surefire-plugin/xsd/surefire-test-report.xsd" name="org.jsoup.select.SelectorTest" time="0.015" tests="62" errors="0" skipped="0" failures="0">
  <properties>
    <property name="java.runtime.name" value="Java(TM) SE Runtime Environment"/>
    <property name="java.vm.version" value="19.0.2+7-44"/>
    <property name="sun.boot.library.path" value="/Library/Java/JavaVirtualMachines/jdk-19.jdk/Contents/Home/lib"/>
    <property name="maven.multiModuleProjectDirectory" value="/Users/aparna/Desktop/527FINAL/Mid-termProject/jsoup"/>
    <property name="java.vm.vendor" value="Oracle Corporation"/>
    <property name="java.vendor.url" value="https://java.oracle.com/"/>
    <property name="guice.disable.misplaced.annotation.check" value="true"/>
    <property name="path.separator" value=":"/>
    <property name="java.vm.name" value="Java HotSpot(TM) 64-Bit Server VM"/>
    <property name="user.country" value="US"/>
    <property name="sun.java.launcher" value="SUN_STANDARD"/>
    <property name="java.vm.specification.name" value="Java Virtual Machine Specification"/>
    <property name="user.dir" value="/Users/aparna/Desktop/527FINAL/Mid-termProject/jsoup"/>
    <property name="java.vm.compressedOopsMode" value="Zero based"/>
    <property name="java.runtime.version" value="19.0.2+7-44"/>
    <property name="os.arch" value="aarch64"/>
    <property name="java.io.tmpdir" value="/var/folders/14/md054r_x3nbfh55f96clkh280000gn/T/"/>
    <property name="line.separator" value="&#10;"/>
    <property name="java.vm.specification.vendor" value="Oracle Corporation"/>
    <property name="stderr.encoding" value="UTF-8"/>
    <property name="os.name" value="Mac OS X"/>
    <property name="classworlds.conf" value="/opt/homebrew/Cellar/maven/3.8.7/libexec/bin/m2.conf"/>
    <property name="sun.jnu.encoding" value="UTF-8"/>
    <property name="stdout.encoding" value="UTF-8"/>
    <property name="java.library.path" value="/Users/aparna/Library/Java/Extensions:/Library/Java/Extensions:/Network/Library/Java/Extensions:/System/Library/Java/Extensions:/usr/lib/java:."/>
    <property name="maven.conf" value="/opt/homebrew/Cellar/maven/3.8.7/libexec/conf"/>
    <property name="jdk.debug" value="release"/>
    <property name="java.class.version" value="63.0"/>
    <property name="java.specification.name" value="Java Platform API Specification"/>
    <property name="sun.management.compiler" value="HotSpot 64-Bit Tiered Compilers"/>
    <property name="os.version" value="13.1"/>
    <property name="library.jansi.path" value="/opt/homebrew/Cellar/maven/3.8.7/libexec/lib/jansi-native"/>
    <property name="http.nonProxyHosts" value="local|*.local|169.254/16|*.169.254/16"/>
    <property name="user.home" value="/Users/aparna"/>
    <property name="user.timezone" value="Asia/Kolkata"/>
    <property name="file.encoding" value="UTF-8"/>
    <property name="java.specification.version" value="19"/>
    <property name="user.name" value="aparna"/>
    <property name="java.class.path" value="/opt/homebrew/Cellar/maven/3.8.7/libexec/boot/plexus-classworlds-2.6.0.jar"/>
    <property name="java.vm.specification.version" value="19"/>
    <property name="sun.arch.data.model" value="64"/>
    <property name="sun.java.command" value="org.codehaus.plexus.classworlds.launcher.Launcher surefire:test"/>
    <property name="java.home" value="/Library/Java/JavaVirtualMachines/jdk-19.jdk/Contents/Home"/>
    <property name="apple.awt.application.name" value="Launcher"/>
    <property name="user.language" value="en"/>
    <property name="java.specification.vendor" value="Oracle Corporation"/>
    <property name="java.vm.info" value="mixed mode, sharing"/>
    <property name="java.version" value="19.0.2"/>
    <property name="native.encoding" value="UTF-8"/>
    <property name="java.vendor" value="Oracle Corporation"/>
    <property name="maven.home" value="/opt/homebrew/Cellar/maven/3.8.7/libexec"/>
    <property name="file.separator" value="/"/>
    <property name="java.version.date" value="2023-01-17"/>
    <property name="java.vendor.url.bug" value="https://bugreport.java.com/bugreport/"/>
    <property name="sun.io.unicode.encoding" value="UnicodeBig"/>
    <property name="sun.cpu.endian" value="little"/>
    <property name="socksNonProxyHosts" value="local|*.local|169.254/16|*.169.254/16"/>
    <property name="ftp.nonProxyHosts" value="local|*.local|169.254/16|*.169.254/16"/>
  </properties>
  <testcase name="containsData" classname="org.jsoup.select.SelectorTest" time="0"/>
  <testcase name="testByAttributeStarting" classname="org.jsoup.select.SelectorTest" time="0"/>
  <testcase name="deeperDescendant" classname="org.jsoup.select.SelectorTest" time="0.001"/>
  <testcase name="selectSameElements" classname="org.jsoup.select.SelectorTest" time="0"/>
  <testcase name="testPseudoEquals" classname="org.jsoup.select.SelectorTest" time="0"/>
  <testcase name="testByClassCaseInsensitive" classname="org.jsoup.select.SelectorTest" time="0"/>
  <testcase name="testByAttributeRegexCharacterClass" classname="org.jsoup.select.SelectorTest" time="0"/>
  <testcase name="testAllWithClass" classname="org.jsoup.select.SelectorTest" time="0"/>
  <testcase name="testByTag" classname="org.jsoup.select.SelectorTest" time="0"/>
  <testcase name="testById" classname="org.jsoup.select.SelectorTest" time="0"/>
  <testcase name="findBetweenSpan" classname="org.jsoup.select.SelectorTest" time="0.001"/>
  <testcase name="descendant" classname="org.jsoup.select.SelectorTest" time="0"/>
  <testcase name="handlesCommasInSelector" classname="org.jsoup.select.SelectorTest" time="0"/>
  <testcase name="notAll" classname="org.jsoup.select.SelectorTest" time="0"/>
  <testcase name="testByAttribute" classname="org.jsoup.select.SelectorTest" time="0"/>
  <testcase name="selectClassWithSpace" classname="org.jsoup.select.SelectorTest" time="0"/>
  <testcase name="notAdjacent" classname="org.jsoup.select.SelectorTest" time="0"/>
  <testcase name="testCombinedWithContains" classname="org.jsoup.select.SelectorTest" time="0"/>
  <testcase name="containsWithQuote" classname="org.jsoup.select.SelectorTest" time="0"/>
  <testcase name="testPseudoGreaterThan" classname="org.jsoup.select.SelectorTest" time="0"/>
  <testcase name="testAllElements" classname="org.jsoup.select.SelectorTest" time="0"/>
  <testcase name="testByAttributeRegex" classname="org.jsoup.select.SelectorTest" time="0"/>
  <testcase name="mixCombinator" classname="org.jsoup.select.SelectorTest" time="0"/>
  <testcase name="testRelaxedTags" classname="org.jsoup.select.SelectorTest" time="0"/>
  <testcase name="testPseudoBetween" classname="org.jsoup.select.SelectorTest" time="0"/>
  <testcase name="testPseudoLessThan" classname="org.jsoup.select.SelectorTest" time="0"/>
  <testcase name="testGroupOr" classname="org.jsoup.select.SelectorTest" time="0"/>
  <testcase name="testByClass" classname="org.jsoup.select.SelectorTest" time="0"/>
  <testcase name="and" classname="org.jsoup.select.SelectorTest" time="0.001"/>
  <testcase name="attributeWithBrackets" classname="org.jsoup.select.SelectorTest" time="0"/>
  <testcase name="testPsuedoContainsWithParentheses" classname="org.jsoup.select.SelectorTest" time="0"/>
  <testcase name="testGroupOrAttribute" classname="org.jsoup.select.SelectorTest" time="0"/>
  <testcase name="caseInsensitive" classname="org.jsoup.select.SelectorTest" time="0"/>
  <testcase name="selectFirst" classname="org.jsoup.select.SelectorTest" time="0"/>
  <testcase name="containsOwn" classname="org.jsoup.select.SelectorTest" time="0"/>
  <testcase name="testCharactersInIdAndClass" classname="org.jsoup.select.SelectorTest" time="0"/>
  <testcase name="splitOnBr" classname="org.jsoup.select.SelectorTest" time="0"/>
  <testcase name="multiChildDescent" classname="org.jsoup.select.SelectorTest" time="0"/>
  <testcase name="adjacentSiblingsWithId" classname="org.jsoup.select.SelectorTest" time="0"/>
  <testcase name="testMatches" classname="org.jsoup.select.SelectorTest" time="0.001"/>
  <testcase name="matchText" classname="org.jsoup.select.SelectorTest" time="0"/>
  <testcase name="selectFirstWithOr" classname="org.jsoup.select.SelectorTest" time="0"/>
  <testcase name="matchTextAttributes" classname="org.jsoup.select.SelectorTest" time="0"/>
  <testcase name="parentWithClassChild" classname="org.jsoup.select.SelectorTest" time="0"/>
  <testcase name="generalSiblings" classname="org.jsoup.select.SelectorTest" time="0.001"/>
  <testcase name="parentChildStar" classname="org.jsoup.select.SelectorTest" time="0"/>
  <testcase name="testPseudoCombined" classname="org.jsoup.select.SelectorTest" time="0"/>
  <testcase name="testPseudoContains" classname="org.jsoup.select.SelectorTest" time="0"/>
  <testcase name="testPseudoHas" classname="org.jsoup.select.SelectorTest" time="0"/>
  <testcase name="notClass" classname="org.jsoup.select.SelectorTest" time="0"/>
  <testcase name="notParas" classname="org.jsoup.select.SelectorTest" time="0"/>
  <testcase name="selectSupplementaryCharacter" classname="org.jsoup.select.SelectorTest" time="0.003"/>
  <testcase name="adjacentSiblings" classname="org.jsoup.select.SelectorTest" time="0"/>
  <testcase name="testNamespacedTag" classname="org.jsoup.select.SelectorTest" time="0"/>
  <testcase name="testNestedHas" classname="org.jsoup.select.SelectorTest" time="0"/>
  <testcase name="parentChildElement" classname="org.jsoup.select.SelectorTest" time="0"/>
  <testcase name="testByAttributeRegexCombined" classname="org.jsoup.select.SelectorTest" time="0.001"/>
  <testcase name="matchesOwn" classname="org.jsoup.select.SelectorTest" time="0"/>
  <testcase name="testSupportsLeadingCombinator" classname="org.jsoup.select.SelectorTest" time="0"/>
  <testcase name="mixCombinatorGroup" classname="org.jsoup.select.SelectorTest" time="0"/>
  <testcase name="testWildcardNamespacedTag" classname="org.jsoup.select.SelectorTest" time="0.004"/>
  <testcase name="selectFirstWithAnd" classname="org.jsoup.select.SelectorTest" time="0"/>
</testsuite>