<?xml version="1.0" encoding="UTF-8"?>
<testsuite xmlns:xsi="http://www.w3.org/2001/XMLSchema-instance" xsi:schemaLocation="https://maven.apache.org/surefire/maven-surefire-plugin/xsd/surefire-test-report.xsd" name="org.jsoup.parser.CharacterReaderTest" time="0.002" tests="23" errors="23" skipped="0" failures="0">
  <properties>
    <property name="java.runtime.name" value="Java(TM) SE Runtime Environment"/>
    <property name="java.vm.version" value="19.0.2+7-44"/>
    <property name="sun.boot.library.path" value="/Library/Java/JavaVirtualMachines/jdk-19.jdk/Contents/Home/lib"/>
    <property name="maven.multiModuleProjectDirectory" value="/Users/aparna/Desktop/527FINAL/Mid-termProject/jsoup"/>
    <property name="java.vm.vendor" value="Oracle Corporation"/>
    <property name="java.vendor.url" value="https://java.oracle.com/"/>
    <property name="guice.disable.misplaced.annotation.check" value="true"/>
    <property name="path.separator" value=":"/>
    <property name="java.vm.name" value="Java HotSpot(TM) 64-Bit Server VM"/>
    <property name="user.country" value="US"/>
    <property name="sun.java.launcher" value="SUN_STANDARD"/>
    <property name="java.vm.specification.name" value="Java Virtual Machine Specification"/>
    <property name="user.dir" value="/Users/aparna/Desktop/527FINAL/Mid-termProject/jsoup"/>
    <property name="java.vm.compressedOopsMode" value="Zero based"/>
    <property name="java.runtime.version" value="19.0.2+7-44"/>
    <property name="os.arch" value="aarch64"/>
    <property name="java.io.tmpdir" value="/var/folders/14/md054r_x3nbfh55f96clkh280000gn/T/"/>
    <property name="line.separator" value="&#10;"/>
    <property name="java.vm.specification.vendor" value="Oracle Corporation"/>
    <property name="stderr.encoding" value="UTF-8"/>
    <property name="os.name" value="Mac OS X"/>
    <property name="classworlds.conf" value="/opt/homebrew/Cellar/maven/3.8.7/libexec/bin/m2.conf"/>
    <property name="sun.jnu.encoding" value="UTF-8"/>
    <property name="stdout.encoding" value="UTF-8"/>
    <property name="java.library.path" value="/Users/aparna/Library/Java/Extensions:/Library/Java/Extensions:/Network/Library/Java/Extensions:/System/Library/Java/Extensions:/usr/lib/java:."/>
    <property name="maven.conf" value="/opt/homebrew/Cellar/maven/3.8.7/libexec/conf"/>
    <property name="jdk.debug" value="release"/>
    <property name="java.class.version" value="63.0"/>
    <property name="java.specification.name" value="Java Platform API Specification"/>
    <property name="sun.management.compiler" value="HotSpot 64-Bit Tiered Compilers"/>
    <property name="os.version" value="13.1"/>
    <property name="library.jansi.path" value="/opt/homebrew/Cellar/maven/3.8.7/libexec/lib/jansi-native"/>
    <property name="http.nonProxyHosts" value="local|*.local|169.254/16|*.169.254/16"/>
    <property name="user.home" value="/Users/aparna"/>
    <property name="user.timezone" value="America/Chicago"/>
    <property name="file.encoding" value="UTF-8"/>
    <property name="java.specification.version" value="19"/>
    <property name="user.name" value="aparna"/>
    <property name="java.class.path" value="/opt/homebrew/Cellar/maven/3.8.7/libexec/boot/plexus-classworlds-2.6.0.jar"/>
    <property name="java.vm.specification.version" value="19"/>
    <property name="sun.arch.data.model" value="64"/>
    <property name="sun.java.command" value="org.codehaus.plexus.classworlds.launcher.Launcher surefire:test"/>
    <property name="java.home" value="/Library/Java/JavaVirtualMachines/jdk-19.jdk/Contents/Home"/>
    <property name="apple.awt.application.name" value="Launcher"/>
    <property name="user.language" value="en"/>
    <property name="java.specification.vendor" value="Oracle Corporation"/>
    <property name="java.vm.info" value="mixed mode, sharing"/>
    <property name="java.version" value="19.0.2"/>
    <property name="native.encoding" value="UTF-8"/>
    <property name="java.vendor" value="Oracle Corporation"/>
    <property name="maven.home" value="/opt/homebrew/Cellar/maven/3.8.7/libexec"/>
    <property name="file.separator" value="/"/>
    <property name="java.version.date" value="2023-01-17"/>
    <property name="java.vendor.url.bug" value="https://bugreport.java.com/bugreport/"/>
    <property name="sun.io.unicode.encoding" value="UnicodeBig"/>
    <property name="sun.cpu.endian" value="little"/>
    <property name="socksNonProxyHosts" value="local|*.local|169.254/16|*.169.254/16"/>
    <property name="ftp.nonProxyHosts" value="local|*.local|169.254/16|*.169.254/16"/>
  </properties>
  <testcase name="nextIndexOfUnmatched" classname="org.jsoup.parser.CharacterReaderTest" time="0">
    <error message="Object must not be null" type="java.lang.IllegalArgumentException">java.lang.IllegalArgumentException: Object must not be null
	at org.jsoup.parser.CharacterReaderTest.nextIndexOfUnmatched(CharacterReaderTest.java:105)
</error>
  </testcase>
  <testcase name="unconsume" classname="org.jsoup.parser.CharacterReaderTest" time="0">
    <error message="Object must not be null" type="java.lang.IllegalArgumentException">java.lang.IllegalArgumentException: Object must not be null
	at org.jsoup.parser.CharacterReaderTest.unconsume(CharacterReaderTest.java:37)
</error>
  </testcase>
  <testcase name="bufferUp" classname="org.jsoup.parser.CharacterReaderTest" time="0">
    <error message="Object must not be null" type="java.lang.IllegalArgumentException">java.lang.IllegalArgumentException: Object must not be null
	at org.jsoup.parser.CharacterReaderTest.bufferUp(CharacterReaderTest.java:299)
</error>
  </testcase>
  <testcase name="nextIndexOfChar" classname="org.jsoup.parser.CharacterReaderTest" time="0">
    <error message="Object must not be null" type="java.lang.IllegalArgumentException">java.lang.IllegalArgumentException: Object must not be null
	at org.jsoup.parser.CharacterReaderTest.nextIndexOfChar(CharacterReaderTest.java:80)
</error>
  </testcase>
  <testcase name="notEmptyAtBufferSplitPoint" classname="org.jsoup.parser.CharacterReaderTest" time="0">
    <error message="Object must not be null" type="java.lang.IllegalArgumentException">java.lang.IllegalArgumentException: Object must not be null
	at org.jsoup.parser.CharacterReaderTest.notEmptyAtBufferSplitPoint(CharacterReaderTest.java:279)
</error>
  </testcase>
  <testcase name="rangeEquals" classname="org.jsoup.parser.CharacterReaderTest" time="0">
    <error message="Object must not be null" type="java.lang.IllegalArgumentException">java.lang.IllegalArgumentException: Object must not be null
	at org.jsoup.parser.CharacterReaderTest.rangeEquals(CharacterReaderTest.java:239)
</error>
  </testcase>
  <testcase name="consumeToChar" classname="org.jsoup.parser.CharacterReaderTest" time="0">
    <error message="Object must not be null" type="java.lang.IllegalArgumentException">java.lang.IllegalArgumentException: Object must not be null
	at org.jsoup.parser.CharacterReaderTest.consumeToChar(CharacterReaderTest.java:110)
</error>
  </testcase>
  <testcase name="advance" classname="org.jsoup.parser.CharacterReaderTest" time="0">
    <error message="Object must not be null" type="java.lang.IllegalArgumentException">java.lang.IllegalArgumentException: Object must not be null
	at org.jsoup.parser.CharacterReaderTest.advance(CharacterReaderTest.java:129)
</error>
  </testcase>
  <testcase name="consumeToString" classname="org.jsoup.parser.CharacterReaderTest" time="0">
    <error message="Object must not be null" type="java.lang.IllegalArgumentException">java.lang.IllegalArgumentException: Object must not be null
	at org.jsoup.parser.CharacterReaderTest.consumeToString(CharacterReaderTest.java:120)
</error>
  </testcase>
  <testcase name="consumeToAny" classname="org.jsoup.parser.CharacterReaderTest" time="0">
    <error message="Object must not be null" type="java.lang.IllegalArgumentException">java.lang.IllegalArgumentException: Object must not be null
	at org.jsoup.parser.CharacterReaderTest.consumeToAny(CharacterReaderTest.java:136)
</error>
  </testcase>
  <testcase name="consumeToEnd" classname="org.jsoup.parser.CharacterReaderTest" time="0">
    <error message="Object must not be null" type="java.lang.IllegalArgumentException">java.lang.IllegalArgumentException: Object must not be null
	at org.jsoup.parser.CharacterReaderTest.consumeToEnd(CharacterReaderTest.java:72)
</error>
  </testcase>
  <testcase name="consumeToNonexistentEndWhenAtAnd" classname="org.jsoup.parser.CharacterReaderTest" time="0.001">
    <error message="Object must not be null" type="java.lang.IllegalArgumentException">java.lang.IllegalArgumentException: Object must not be null
	at org.jsoup.parser.CharacterReaderTest.consumeToNonexistentEndWhenAtAnd(CharacterReaderTest.java:267)
</error>
  </testcase>
  <testcase name="containsIgnoreCase" classname="org.jsoup.parser.CharacterReaderTest" time="0">
    <error message="Object must not be null" type="java.lang.IllegalArgumentException">java.lang.IllegalArgumentException: Object must not be null
	at org.jsoup.parser.CharacterReaderTest.containsIgnoreCase(CharacterReaderTest.java:197)
</error>
  </testcase>
  <testcase name="mark" classname="org.jsoup.parser.CharacterReaderTest" time="0">
    <error message="Object must not be null" type="java.lang.IllegalArgumentException">java.lang.IllegalArgumentException: Object must not be null
	at org.jsoup.parser.CharacterReaderTest.mark(CharacterReaderTest.java:60)
</error>
  </testcase>
  <testcase name="empty" classname="org.jsoup.parser.CharacterReaderTest" time="0">
    <error message="Object must not be null" type="java.lang.IllegalArgumentException">java.lang.IllegalArgumentException: Object must not be null
	at org.jsoup.parser.CharacterReaderTest.empty(CharacterReaderTest.java:256)
</error>
  </testcase>
  <testcase name="cachesStrings" classname="org.jsoup.parser.CharacterReaderTest" time="0">
    <error message="Object must not be null" type="java.lang.IllegalArgumentException">java.lang.IllegalArgumentException: Object must not be null
	at org.jsoup.parser.CharacterReaderTest.cachesStrings(CharacterReaderTest.java:215)
</error>
  </testcase>
  <testcase name="consumeLetterThenDigitSequence" classname="org.jsoup.parser.CharacterReaderTest" time="0.001">
    <error message="Object must not be null" type="java.lang.IllegalArgumentException">java.lang.IllegalArgumentException: Object must not be null
	at org.jsoup.parser.CharacterReaderTest.consumeLetterThenDigitSequence(CharacterReaderTest.java:155)
</error>
  </testcase>
  <testcase name="consumeLetterSequence" classname="org.jsoup.parser.CharacterReaderTest" time="0">
    <error message="Object must not be null" type="java.lang.IllegalArgumentException">java.lang.IllegalArgumentException: Object must not be null
	at org.jsoup.parser.CharacterReaderTest.consumeLetterSequence(CharacterReaderTest.java:147)
</error>
  </testcase>
  <testcase name="nextIndexOfString" classname="org.jsoup.parser.CharacterReaderTest" time="0">
    <error message="Object must not be null" type="java.lang.IllegalArgumentException">java.lang.IllegalArgumentException: Object must not be null
	at org.jsoup.parser.CharacterReaderTest.nextIndexOfString(CharacterReaderTest.java:94)
</error>
  </testcase>
  <testcase name="matches" classname="org.jsoup.parser.CharacterReaderTest" time="0">
    <error message="Object must not be null" type="java.lang.IllegalArgumentException">java.lang.IllegalArgumentException: Object must not be null
	at org.jsoup.parser.CharacterReaderTest.matches(CharacterReaderTest.java:163)
</error>
  </testcase>
  <testcase name="consume" classname="org.jsoup.parser.CharacterReaderTest" time="0">
    <error message="Object must not be null" type="java.lang.IllegalArgumentException">java.lang.IllegalArgumentException: Object must not be null
	at org.jsoup.parser.CharacterReaderTest.consume(CharacterReaderTest.java:21)
</error>
  </testcase>
  <testcase name="matchesIgnoreCase" classname="org.jsoup.parser.CharacterReaderTest" time="0">
    <error message="Object must not be null" type="java.lang.IllegalArgumentException">java.lang.IllegalArgumentException: Object must not be null
	at org.jsoup.parser.CharacterReaderTest.matchesIgnoreCase(CharacterReaderTest.java:179)
</error>
  </testcase>
  <testcase name="matchesAny" classname="org.jsoup.parser.CharacterReaderTest" time="0">
    <error message="Object must not be null" type="java.lang.IllegalArgumentException">java.lang.IllegalArgumentException: Object must not be null
	at org.jsoup.parser.CharacterReaderTest.matchesAny(CharacterReaderTest.java:206)
</error>
  </testcase>
</testsuite>